{"C:\\Users\\HP\\Videos\\FreeLancer-Management-2\\Index2 scripts\\myadmin.js": {"path":"C:\\Users\\HP\\Videos\\FreeLancer-Management-2\\Index2 scripts\\myadmin.js","statementMap":{"0":{"start":{"line":4,"column":4},"end":{"line":4,"column":27}},"1":{"start":{"line":5,"column":4},"end":{"line":5,"column":30}},"2":{"start":{"line":6,"column":4},"end":{"line":6,"column":39}},"3":{"start":{"line":7,"column":4},"end":{"line":7,"column":37}},"4":{"start":{"line":8,"column":4},"end":{"line":8,"column":26}},"5":{"start":{"line":13,"column":4},"end":{"line":15,"column":5}},"6":{"start":{"line":14,"column":6},"end":{"line":14,"column":45}},"7":{"start":{"line":17,"column":23},"end":{"line":17,"column":47}},"8":{"start":{"line":18,"column":4},"end":{"line":20,"column":5}},"9":{"start":{"line":19,"column":6},"end":{"line":19,"column":43}},"10":{"start":{"line":22,"column":20},"end":{"line":31,"column":5}},"11":{"start":{"line":33,"column":4},"end":{"line":33,"column":36}},"12":{"start":{"line":34,"column":4},"end":{"line":34,"column":64}},"13":{"start":{"line":35,"column":4},"end":{"line":35,"column":19}},"14":{"start":{"line":40,"column":4},"end":{"line":42,"column":5}},"15":{"start":{"line":41,"column":6},"end":{"line":41,"column":47}},"16":{"start":{"line":44,"column":17},"end":{"line":44,"column":39}},"17":{"start":{"line":45,"column":4},"end":{"line":45,"column":49}},"18":{"start":{"line":45,"column":15},"end":{"line":45,"column":49}},"19":{"start":{"line":46,"column":4},"end":{"line":46,"column":16}},"20":{"start":{"line":51,"column":17},"end":{"line":51,"column":37}},"21":{"start":{"line":52,"column":4},"end":{"line":52,"column":27}},"22":{"start":{"line":53,"column":4},"end":{"line":53,"column":63}},"23":{"start":{"line":54,"column":4},"end":{"line":54,"column":16}},"24":{"start":{"line":59,"column":17},"end":{"line":59,"column":37}},"25":{"start":{"line":60,"column":4},"end":{"line":60,"column":28}},"26":{"start":{"line":61,"column":4},"end":{"line":65,"column":7}},"27":{"start":{"line":66,"column":4},"end":{"line":66,"column":76}},"28":{"start":{"line":67,"column":4},"end":{"line":67,"column":16}},"29":{"start":{"line":72,"column":17},"end":{"line":72,"column":37}},"30":{"start":{"line":73,"column":4},"end":{"line":75,"column":5}},"31":{"start":{"line":74,"column":6},"end":{"line":74,"column":47}},"32":{"start":{"line":77,"column":4},"end":{"line":77,"column":29}},"33":{"start":{"line":78,"column":4},"end":{"line":78,"column":42}},"34":{"start":{"line":79,"column":4},"end":{"line":79,"column":69}},"35":{"start":{"line":80,"column":4},"end":{"line":80,"column":16}},"36":{"start":{"line":85,"column":17},"end":{"line":85,"column":37}},"37":{"start":{"line":88,"column":4},"end":{"line":90,"column":5}},"38":{"start":{"line":89,"column":6},"end":{"line":89,"column":65}},"39":{"start":{"line":93,"column":4},"end":{"line":93,"column":26}},"40":{"start":{"line":94,"column":4},"end":{"line":99,"column":7}},"41":{"start":{"line":102,"column":4},"end":{"line":102,"column":30}},"42":{"start":{"line":105,"column":4},"end":{"line":107,"column":5}},"43":{"start":{"line":106,"column":6},"end":{"line":106,"column":44}},"44":{"start":{"line":109,"column":4},"end":{"line":109,"column":73}},"45":{"start":{"line":110,"column":4},"end":{"line":110,"column":16}},"46":{"start":{"line":115,"column":4},"end":{"line":117,"column":5}},"47":{"start":{"line":116,"column":6},"end":{"line":116,"column":60}},"48":{"start":{"line":119,"column":24},"end":{"line":119,"column":56}},"49":{"start":{"line":120,"column":4},"end":{"line":120,"column":40}},"50":{"start":{"line":121,"column":4},"end":{"line":121,"column":88}},"51":{"start":{"line":122,"column":4},"end":{"line":122,"column":23}},"52":{"start":{"line":127,"column":4},"end":{"line":129,"column":5}},"53":{"start":{"line":128,"column":6},"end":{"line":128,"column":60}},"54":{"start":{"line":131,"column":24},"end":{"line":131,"column":61}},"55":{"start":{"line":132,"column":4},"end":{"line":132,"column":34}},"56":{"start":{"line":133,"column":4},"end":{"line":133,"column":40}},"57":{"start":{"line":134,"column":4},"end":{"line":134,"column":40}},"58":{"start":{"line":135,"column":4},"end":{"line":135,"column":73}},"59":{"start":{"line":136,"column":4},"end":{"line":136,"column":23}},"60":{"start":{"line":140,"column":4},"end":{"line":146,"column":5}},"61":{"start":{"line":141,"column":6},"end":{"line":145,"column":7}},"62":{"start":{"line":142,"column":8},"end":{"line":144,"column":9}},"63":{"start":{"line":143,"column":10},"end":{"line":143,"column":22}},"64":{"start":{"line":147,"column":4},"end":{"line":147,"column":17}},"65":{"start":{"line":152,"column":18},"end":{"line":152,"column":20}},"66":{"start":{"line":153,"column":4},"end":{"line":173,"column":5}},"67":{"start":{"line":154,"column":18},"end":{"line":154,"column":22}},"68":{"start":{"line":157,"column":6},"end":{"line":157,"column":66}},"69":{"start":{"line":157,"column":52},"end":{"line":157,"column":66}},"70":{"start":{"line":158,"column":6},"end":{"line":158,"column":80}},"71":{"start":{"line":158,"column":66},"end":{"line":158,"column":80}},"72":{"start":{"line":159,"column":6},"end":{"line":159,"column":83}},"73":{"start":{"line":159,"column":69},"end":{"line":159,"column":83}},"74":{"start":{"line":161,"column":6},"end":{"line":172,"column":7}},"75":{"start":{"line":162,"column":8},"end":{"line":171,"column":11}},"76":{"start":{"line":174,"column":4},"end":{"line":174,"column":17}},"77":{"start":{"line":179,"column":4},"end":{"line":183,"column":8}},"78":{"start":{"line":179,"column":71},"end":{"line":183,"column":5}},"79":{"start":{"line":188,"column":4},"end":{"line":193,"column":8}},"80":{"start":{"line":188,"column":69},"end":{"line":193,"column":5}},"81":{"start":{"line":198,"column":4},"end":{"line":198,"column":44}},"82":{"start":{"line":203,"column":4},"end":{"line":208,"column":7}},"83":{"start":{"line":211,"column":4},"end":{"line":213,"column":5}},"84":{"start":{"line":212,"column":6},"end":{"line":212,"column":31}},"85":{"start":{"line":217,"column":0},"end":{"line":217,"column":29}}},"fnMap":{"0":{"name":"(anonymous_0)","decl":{"start":{"line":3,"column":2},"end":{"line":3,"column":3}},"loc":{"start":{"line":3,"column":16},"end":{"line":9,"column":3}},"line":3},"1":{"name":"(anonymous_1)","decl":{"start":{"line":12,"column":2},"end":{"line":12,"column":3}},"loc":{"start":{"line":12,"column":38},"end":{"line":36,"column":3}},"line":12},"2":{"name":"(anonymous_2)","decl":{"start":{"line":39,"column":2},"end":{"line":39,"column":3}},"loc":{"start":{"line":39,"column":18},"end":{"line":47,"column":3}},"line":39},"3":{"name":"(anonymous_3)","decl":{"start":{"line":50,"column":2},"end":{"line":50,"column":3}},"loc":{"start":{"line":50,"column":21},"end":{"line":55,"column":3}},"line":50},"4":{"name":"(anonymous_4)","decl":{"start":{"line":58,"column":2},"end":{"line":58,"column":3}},"loc":{"start":{"line":58,"column":30},"end":{"line":68,"column":3}},"line":58},"5":{"name":"(anonymous_5)","decl":{"start":{"line":71,"column":2},"end":{"line":71,"column":3}},"loc":{"start":{"line":71,"column":24},"end":{"line":81,"column":3}},"line":71},"6":{"name":"(anonymous_6)","decl":{"start":{"line":84,"column":2},"end":{"line":84,"column":3}},"loc":{"start":{"line":84,"column":61},"end":{"line":111,"column":3}},"line":84},"7":{"name":"(anonymous_7)","decl":{"start":{"line":114,"column":2},"end":{"line":114,"column":3}},"loc":{"start":{"line":114,"column":39},"end":{"line":123,"column":3}},"line":114},"8":{"name":"(anonymous_8)","decl":{"start":{"line":126,"column":2},"end":{"line":126,"column":3}},"loc":{"start":{"line":126,"column":31},"end":{"line":137,"column":3}},"line":126},"9":{"name":"(anonymous_9)","decl":{"start":{"line":139,"column":2},"end":{"line":139,"column":3}},"loc":{"start":{"line":139,"column":28},"end":{"line":148,"column":3}},"line":139},"10":{"name":"(anonymous_10)","decl":{"start":{"line":151,"column":2},"end":{"line":151,"column":3}},"loc":{"start":{"line":151,"column":27},"end":{"line":175,"column":3}},"line":151},"11":{"name":"(anonymous_11)","decl":{"start":{"line":178,"column":2},"end":{"line":178,"column":3}},"loc":{"start":{"line":178,"column":22},"end":{"line":184,"column":3}},"line":178},"12":{"name":"(anonymous_12)","decl":{"start":{"line":179,"column":59},"end":{"line":179,"column":60}},"loc":{"start":{"line":179,"column":71},"end":{"line":183,"column":5}},"line":179},"13":{"name":"(anonymous_13)","decl":{"start":{"line":187,"column":2},"end":{"line":187,"column":3}},"loc":{"start":{"line":187,"column":20},"end":{"line":194,"column":3}},"line":187},"14":{"name":"(anonymous_14)","decl":{"start":{"line":188,"column":57},"end":{"line":188,"column":58}},"loc":{"start":{"line":188,"column":69},"end":{"line":193,"column":5}},"line":188},"15":{"name":"(anonymous_15)","decl":{"start":{"line":197,"column":2},"end":{"line":197,"column":3}},"loc":{"start":{"line":197,"column":30},"end":{"line":199,"column":3}},"line":197},"16":{"name":"(anonymous_16)","decl":{"start":{"line":202,"column":2},"end":{"line":202,"column":3}},"loc":{"start":{"line":202,"column":55},"end":{"line":214,"column":3}},"line":202}},"branchMap":{"0":{"loc":{"start":{"line":13,"column":4},"end":{"line":15,"column":5}},"type":"if","locations":[{"start":{"line":13,"column":4},"end":{"line":15,"column":5}},{"start":{},"end":{}}],"line":13},"1":{"loc":{"start":{"line":18,"column":4},"end":{"line":20,"column":5}},"type":"if","locations":[{"start":{"line":18,"column":4},"end":{"line":20,"column":5}},{"start":{},"end":{}}],"line":18},"2":{"loc":{"start":{"line":40,"column":4},"end":{"line":42,"column":5}},"type":"if","locations":[{"start":{"line":40,"column":4},"end":{"line":42,"column":5}},{"start":{},"end":{}}],"line":40},"3":{"loc":{"start":{"line":45,"column":4},"end":{"line":45,"column":49}},"type":"if","locations":[{"start":{"line":45,"column":4},"end":{"line":45,"column":49}},{"start":{},"end":{}}],"line":45},"4":{"loc":{"start":{"line":73,"column":4},"end":{"line":75,"column":5}},"type":"if","locations":[{"start":{"line":73,"column":4},"end":{"line":75,"column":5}},{"start":{},"end":{}}],"line":73},"5":{"loc":{"start":{"line":84,"column":30},"end":{"line":84,"column":59}},"type":"default-arg","locations":[{"start":{"line":84,"column":39},"end":{"line":84,"column":59}}],"line":84},"6":{"loc":{"start":{"line":88,"column":4},"end":{"line":90,"column":5}},"type":"if","locations":[{"start":{"line":88,"column":4},"end":{"line":90,"column":5}},{"start":{},"end":{}}],"line":88},"7":{"loc":{"start":{"line":105,"column":4},"end":{"line":107,"column":5}},"type":"if","locations":[{"start":{"line":105,"column":4},"end":{"line":107,"column":5}},{"start":{},"end":{}}],"line":105},"8":{"loc":{"start":{"line":115,"column":4},"end":{"line":117,"column":5}},"type":"if","locations":[{"start":{"line":115,"column":4},"end":{"line":117,"column":5}},{"start":{},"end":{}}],"line":115},"9":{"loc":{"start":{"line":127,"column":4},"end":{"line":129,"column":5}},"type":"if","locations":[{"start":{"line":127,"column":4},"end":{"line":129,"column":5}},{"start":{},"end":{}}],"line":127},"10":{"loc":{"start":{"line":141,"column":6},"end":{"line":145,"column":7}},"type":"if","locations":[{"start":{"line":141,"column":6},"end":{"line":145,"column":7}},{"start":{},"end":{}}],"line":141},"11":{"loc":{"start":{"line":141,"column":10},"end":{"line":141,"column":72}},"type":"binary-expr","locations":[{"start":{"line":141,"column":10},"end":{"line":141,"column":37}},{"start":{"line":141,"column":41},"end":{"line":141,"column":72}}],"line":141},"12":{"loc":{"start":{"line":142,"column":8},"end":{"line":144,"column":9}},"type":"if","locations":[{"start":{"line":142,"column":8},"end":{"line":144,"column":9}},{"start":{},"end":{}}],"line":142},"13":{"loc":{"start":{"line":142,"column":12},"end":{"line":142,"column":75}},"type":"binary-expr","locations":[{"start":{"line":142,"column":12},"end":{"line":142,"column":39}},{"start":{"line":142,"column":43},"end":{"line":142,"column":75}}],"line":142},"14":{"loc":{"start":{"line":151,"column":14},"end":{"line":151,"column":25}},"type":"default-arg","locations":[{"start":{"line":151,"column":23},"end":{"line":151,"column":25}}],"line":151},"15":{"loc":{"start":{"line":157,"column":6},"end":{"line":157,"column":66}},"type":"if","locations":[{"start":{"line":157,"column":6},"end":{"line":157,"column":66}},{"start":{},"end":{}}],"line":157},"16":{"loc":{"start":{"line":157,"column":10},"end":{"line":157,"column":50}},"type":"binary-expr","locations":[{"start":{"line":157,"column":10},"end":{"line":157,"column":21}},{"start":{"line":157,"column":25},"end":{"line":157,"column":50}}],"line":157},"17":{"loc":{"start":{"line":158,"column":6},"end":{"line":158,"column":80}},"type":"if","locations":[{"start":{"line":158,"column":6},"end":{"line":158,"column":80}},{"start":{},"end":{}}],"line":158},"18":{"loc":{"start":{"line":158,"column":10},"end":{"line":158,"column":64}},"type":"binary-expr","locations":[{"start":{"line":158,"column":10},"end":{"line":158,"column":25}},{"start":{"line":158,"column":29},"end":{"line":158,"column":64}}],"line":158},"19":{"loc":{"start":{"line":159,"column":6},"end":{"line":159,"column":83}},"type":"if","locations":[{"start":{"line":159,"column":6},"end":{"line":159,"column":83}},{"start":{},"end":{}}],"line":159},"20":{"loc":{"start":{"line":159,"column":10},"end":{"line":159,"column":67}},"type":"binary-expr","locations":[{"start":{"line":159,"column":10},"end":{"line":159,"column":26}},{"start":{"line":159,"column":30},"end":{"line":159,"column":67}}],"line":159},"21":{"loc":{"start":{"line":161,"column":6},"end":{"line":172,"column":7}},"type":"if","locations":[{"start":{"line":161,"column":6},"end":{"line":172,"column":7}},{"start":{},"end":{}}],"line":161},"22":{"loc":{"start":{"line":197,"column":17},"end":{"line":197,"column":28}},"type":"default-arg","locations":[{"start":{"line":197,"column":25},"end":{"line":197,"column":28}}],"line":197},"23":{"loc":{"start":{"line":202,"column":35},"end":{"line":202,"column":53}},"type":"default-arg","locations":[{"start":{"line":202,"column":45},"end":{"line":202,"column":53}}],"line":202},"24":{"loc":{"start":{"line":211,"column":4},"end":{"line":213,"column":5}},"type":"if","locations":[{"start":{"line":211,"column":4},"end":{"line":213,"column":5}},{"start":{},"end":{}}],"line":211}},"s":{"0":13,"1":13,"2":13,"3":13,"4":13,"5":27,"6":1,"7":26,"8":26,"9":0,"10":26,"11":26,"12":26,"13":26,"14":19,"15":1,"16":18,"17":18,"18":0,"19":18,"20":2,"21":2,"22":2,"23":2,"24":3,"25":3,"26":3,"27":3,"28":3,"29":2,"30":2,"31":1,"32":1,"33":1,"34":1,"35":1,"36":6,"37":6,"38":1,"39":5,"40":5,"41":5,"42":5,"43":0,"44":5,"45":5,"46":1,"47":0,"48":1,"49":1,"50":1,"51":1,"52":1,"53":0,"54":1,"55":1,"56":1,"57":1,"58":1,"59":1,"60":6,"61":1,"62":1,"63":1,"64":5,"65":4,"66":4,"67":7,"68":7,"69":1,"70":7,"71":1,"72":7,"73":0,"74":7,"75":5,"76":4,"77":2,"78":1,"79":3,"80":1,"81":1,"82":39,"83":39,"84":0,"85":1},"f":{"0":13,"1":27,"2":19,"3":2,"4":3,"5":2,"6":6,"7":1,"8":1,"9":6,"10":4,"11":2,"12":1,"13":3,"14":1,"15":1,"16":39},"b":{"0":[1,26],"1":[0,26],"2":[1,18],"3":[0,18],"4":[1,1],"5":[5],"6":[1,5],"7":[0,5],"8":[0,1],"9":[0,1],"10":[1,0],"11":[1,0],"12":[1,0],"13":[1,0],"14":[2],"15":[1,6],"16":[7,2],"17":[1,6],"18":[7,2],"19":[0,7],"20":[7,0],"21":[5,2],"22":[1],"23":[37],"24":[0,39]},"_coverageSchema":"1a1c01bbd47fc00a2c39e90264f33305004495a9","hash":"896523c10a9e41d980f71611ed28f035570f8bf3"}
,"C:\\Users\\HP\\Videos\\FreeLancer-Management-2\\pages\\Freelancing.js": {"path":"C:\\Users\\HP\\Videos\\FreeLancer-Management-2\\pages\\Freelancing.js","statementMap":{"0":{"start":{"line":2,"column":0},"end":{"line":10,"column":3}},"1":{"start":{"line":3,"column":2},"end":{"line":9,"column":5}},"2":{"start":{"line":4,"column":4},"end":{"line":4,"column":23}},"3":{"start":{"line":5,"column":19},"end":{"line":5,"column":68}},"4":{"start":{"line":6,"column":4},"end":{"line":8,"column":5}},"5":{"start":{"line":7,"column":6},"end":{"line":7,"column":52}},"6":{"start":{"line":13,"column":0},"end":{"line":21,"column":3}},"7":{"start":{"line":14,"column":16},"end":{"line":14,"column":49}},"8":{"start":{"line":15,"column":2},"end":{"line":15,"column":36}},"9":{"start":{"line":16,"column":2},"end":{"line":16,"column":45}},"10":{"start":{"line":17,"column":2},"end":{"line":17,"column":35}},"11":{"start":{"line":18,"column":2},"end":{"line":18,"column":49}},"12":{"start":{"line":18,"column":19},"end":{"line":18,"column":42}},"13":{"start":{"line":19,"column":2},"end":{"line":19,"column":50}},"14":{"start":{"line":19,"column":19},"end":{"line":19,"column":42}},"15":{"start":{"line":20,"column":2},"end":{"line":20,"column":41}},"16":{"start":{"line":20,"column":19},"end":{"line":20,"column":33}},"17":{"start":{"line":24,"column":20},"end":{"line":24,"column":67}},"18":{"start":{"line":26,"column":0},"end":{"line":38,"column":1}},"19":{"start":{"line":27,"column":2},"end":{"line":37,"column":5}},"20":{"start":{"line":28,"column":18},"end":{"line":28,"column":49}},"21":{"start":{"line":29,"column":25},"end":{"line":29,"column":67}},"22":{"start":{"line":31,"column":4},"end":{"line":36,"column":7}},"23":{"start":{"line":32,"column":20},"end":{"line":32,"column":77}},"24":{"start":{"line":33,"column":26},"end":{"line":33,"column":82}},"25":{"start":{"line":35,"column":6},"end":{"line":35,"column":108}},"26":{"start":{"line":41,"column":18},"end":{"line":41,"column":60}},"27":{"start":{"line":42,"column":21},"end":{"line":42,"column":64}},"28":{"start":{"line":44,"column":0},"end":{"line":48,"column":1}},"29":{"start":{"line":45,"column":2},"end":{"line":47,"column":5}},"30":{"start":{"line":46,"column":4},"end":{"line":46,"column":56}},"31":{"start":{"line":51,"column":19},"end":{"line":51,"column":57}},"32":{"start":{"line":52,"column":13},"end":{"line":52,"column":44}},"33":{"start":{"line":54,"column":0},"end":{"line":72,"column":1}},"34":{"start":{"line":55,"column":2},"end":{"line":58,"column":5}},"35":{"start":{"line":56,"column":4},"end":{"line":56,"column":24}},"36":{"start":{"line":57,"column":4},"end":{"line":57,"column":34}},"37":{"start":{"line":61,"column":2},"end":{"line":65,"column":5}},"38":{"start":{"line":62,"column":4},"end":{"line":64,"column":5}},"39":{"start":{"line":63,"column":6},"end":{"line":63,"column":36}},"40":{"start":{"line":67,"column":2},"end":{"line":71,"column":5}},"41":{"start":{"line":68,"column":4},"end":{"line":70,"column":7}},"42":{"start":{"line":69,"column":6},"end":{"line":69,"column":36}}},"fnMap":{"0":{"name":"(anonymous_0)","decl":{"start":{"line":2,"column":54},"end":{"line":2,"column":55}},"loc":{"start":{"line":2,"column":62},"end":{"line":10,"column":1}},"line":2},"1":{"name":"(anonymous_1)","decl":{"start":{"line":3,"column":33},"end":{"line":3,"column":34}},"loc":{"start":{"line":3,"column":46},"end":{"line":9,"column":3}},"line":3},"2":{"name":"(anonymous_2)","decl":{"start":{"line":13,"column":44},"end":{"line":13,"column":45}},"loc":{"start":{"line":13,"column":50},"end":{"line":21,"column":1}},"line":13},"3":{"name":"(anonymous_3)","decl":{"start":{"line":18,"column":13},"end":{"line":18,"column":14}},"loc":{"start":{"line":18,"column":19},"end":{"line":18,"column":42}},"line":18},"4":{"name":"(anonymous_4)","decl":{"start":{"line":19,"column":13},"end":{"line":19,"column":14}},"loc":{"start":{"line":19,"column":19},"end":{"line":19,"column":42}},"line":19},"5":{"name":"(anonymous_5)","decl":{"start":{"line":20,"column":13},"end":{"line":20,"column":14}},"loc":{"start":{"line":20,"column":19},"end":{"line":20,"column":33}},"line":20},"6":{"name":"(anonymous_6)","decl":{"start":{"line":27,"column":40},"end":{"line":27,"column":41}},"loc":{"start":{"line":27,"column":46},"end":{"line":37,"column":3}},"line":27},"7":{"name":"(anonymous_7)","decl":{"start":{"line":31,"column":25},"end":{"line":31,"column":26}},"loc":{"start":{"line":31,"column":33},"end":{"line":36,"column":5}},"line":31},"8":{"name":"(anonymous_8)","decl":{"start":{"line":45,"column":38},"end":{"line":45,"column":39}},"loc":{"start":{"line":45,"column":44},"end":{"line":47,"column":3}},"line":45},"9":{"name":"(anonymous_9)","decl":{"start":{"line":55,"column":39},"end":{"line":55,"column":40}},"loc":{"start":{"line":55,"column":46},"end":{"line":58,"column":3}},"line":55},"10":{"name":"(anonymous_10)","decl":{"start":{"line":61,"column":37},"end":{"line":61,"column":38}},"loc":{"start":{"line":61,"column":44},"end":{"line":65,"column":3}},"line":61},"11":{"name":"(anonymous_11)","decl":{"start":{"line":67,"column":45},"end":{"line":67,"column":46}},"loc":{"start":{"line":67,"column":53},"end":{"line":71,"column":3}},"line":67},"12":{"name":"(anonymous_12)","decl":{"start":{"line":68,"column":35},"end":{"line":68,"column":36}},"loc":{"start":{"line":68,"column":41},"end":{"line":70,"column":5}},"line":68}},"branchMap":{"0":{"loc":{"start":{"line":6,"column":4},"end":{"line":8,"column":5}},"type":"if","locations":[{"start":{"line":6,"column":4},"end":{"line":8,"column":5}},{"start":{},"end":{}}],"line":6},"1":{"loc":{"start":{"line":26,"column":0},"end":{"line":38,"column":1}},"type":"if","locations":[{"start":{"line":26,"column":0},"end":{"line":38,"column":1}},{"start":{},"end":{}}],"line":26},"2":{"loc":{"start":{"line":32,"column":20},"end":{"line":32,"column":77}},"type":"binary-expr","locations":[{"start":{"line":32,"column":20},"end":{"line":32,"column":71}},{"start":{"line":32,"column":75},"end":{"line":32,"column":77}}],"line":32},"3":{"loc":{"start":{"line":33,"column":26},"end":{"line":33,"column":82}},"type":"binary-expr","locations":[{"start":{"line":33,"column":26},"end":{"line":33,"column":76}},{"start":{"line":33,"column":80},"end":{"line":33,"column":82}}],"line":33},"4":{"loc":{"start":{"line":35,"column":27},"end":{"line":35,"column":107}},"type":"cond-expr","locations":[{"start":{"line":35,"column":84},"end":{"line":35,"column":98}},{"start":{"line":35,"column":101},"end":{"line":35,"column":107}}],"line":35},"5":{"loc":{"start":{"line":35,"column":28},"end":{"line":35,"column":80}},"type":"binary-expr","locations":[{"start":{"line":35,"column":28},"end":{"line":35,"column":49}},{"start":{"line":35,"column":53},"end":{"line":35,"column":80}}],"line":35},"6":{"loc":{"start":{"line":44,"column":0},"end":{"line":48,"column":1}},"type":"if","locations":[{"start":{"line":44,"column":0},"end":{"line":48,"column":1}},{"start":{},"end":{}}],"line":44},"7":{"loc":{"start":{"line":44,"column":4},"end":{"line":44,"column":29}},"type":"binary-expr","locations":[{"start":{"line":44,"column":4},"end":{"line":44,"column":13}},{"start":{"line":44,"column":17},"end":{"line":44,"column":29}}],"line":44},"8":{"loc":{"start":{"line":54,"column":0},"end":{"line":72,"column":1}},"type":"if","locations":[{"start":{"line":54,"column":0},"end":{"line":72,"column":1}},{"start":{},"end":{}}],"line":54},"9":{"loc":{"start":{"line":54,"column":4},"end":{"line":54,"column":22}},"type":"binary-expr","locations":[{"start":{"line":54,"column":4},"end":{"line":54,"column":14}},{"start":{"line":54,"column":18},"end":{"line":54,"column":22}}],"line":54},"10":{"loc":{"start":{"line":62,"column":4},"end":{"line":64,"column":5}},"type":"if","locations":[{"start":{"line":62,"column":4},"end":{"line":64,"column":5}},{"start":{},"end":{}}],"line":62},"11":{"loc":{"start":{"line":62,"column":8},"end":{"line":62,"column":66}},"type":"binary-expr","locations":[{"start":{"line":62,"column":8},"end":{"line":62,"column":32}},{"start":{"line":62,"column":36},"end":{"line":62,"column":66}}],"line":62}},"s":{"0":1,"1":4,"2":1,"3":1,"4":1,"5":1,"6":1,"7":1,"8":1,"9":1,"10":1,"11":1,"12":1,"13":1,"14":1,"15":1,"16":1,"17":1,"18":1,"19":0,"20":0,"21":0,"22":0,"23":0,"24":0,"25":0,"26":1,"27":1,"28":1,"29":1,"30":0,"31":1,"32":1,"33":1,"34":1,"35":0,"36":0,"37":1,"38":5,"39":5,"40":1,"41":2,"42":0},"f":{"0":4,"1":1,"2":1,"3":1,"4":1,"5":1,"6":0,"7":0,"8":0,"9":0,"10":5,"11":2,"12":0},"b":{"0":[1,0],"1":[0,1],"2":[0,0],"3":[0,0],"4":[0,0],"5":[0,0],"6":[1,0],"7":[1,1],"8":[1,0],"9":[1,1],"10":[5,0],"11":[5,5]},"_coverageSchema":"1a1c01bbd47fc00a2c39e90264f33305004495a9","hash":"f3c5a01bb9b2abb04eae8285e5336987b5f6d588"}
,"C:\\Users\\HP\\Videos\\FreeLancer-Management-2\\pages\\Payment.js": {"path":"C:\\Users\\HP\\Videos\\FreeLancer-Management-2\\pages\\Payment.js","statementMap":{"0":{"start":{"line":3,"column":4},"end":{"line":3,"column":34}},"1":{"start":{"line":4,"column":4},"end":{"line":4,"column":27}},"2":{"start":{"line":5,"column":4},"end":{"line":5,"column":30}},"3":{"start":{"line":6,"column":4},"end":{"line":6,"column":36}},"4":{"start":{"line":7,"column":4},"end":{"line":7,"column":34}},"5":{"start":{"line":8,"column":4},"end":{"line":8,"column":30}},"6":{"start":{"line":9,"column":4},"end":{"line":9,"column":30}},"7":{"start":{"line":10,"column":4},"end":{"line":10,"column":26}},"8":{"start":{"line":11,"column":4},"end":{"line":11,"column":27}},"9":{"start":{"line":15,"column":4},"end":{"line":17,"column":5}},"10":{"start":{"line":16,"column":6},"end":{"line":16,"column":49}},"11":{"start":{"line":19,"column":4},"end":{"line":28,"column":7}},"12":{"start":{"line":30,"column":4},"end":{"line":30,"column":32}},"13":{"start":{"line":34,"column":17},"end":{"line":34,"column":39}},"14":{"start":{"line":35,"column":4},"end":{"line":35,"column":49}},"15":{"start":{"line":35,"column":15},"end":{"line":35,"column":49}},"16":{"start":{"line":36,"column":4},"end":{"line":36,"column":31}},"17":{"start":{"line":40,"column":17},"end":{"line":40,"column":37}},"18":{"start":{"line":41,"column":21},"end":{"line":41,"column":69}},"19":{"start":{"line":43,"column":4},"end":{"line":45,"column":5}},"20":{"start":{"line":44,"column":6},"end":{"line":44,"column":53}},"21":{"start":{"line":47,"column":4},"end":{"line":49,"column":5}},"22":{"start":{"line":48,"column":6},"end":{"line":48,"column":45}},"23":{"start":{"line":51,"column":22},"end":{"line":55,"column":5}},"24":{"start":{"line":57,"column":4},"end":{"line":57,"column":40}},"25":{"start":{"line":58,"column":4},"end":{"line":58,"column":20}},"26":{"start":{"line":62,"column":20},"end":{"line":62,"column":49}},"27":{"start":{"line":63,"column":4},"end":{"line":63,"column":65}},"28":{"start":{"line":63,"column":52},"end":{"line":63,"column":65}},"29":{"start":{"line":65,"column":14},"end":{"line":65,"column":15}},"30":{"start":{"line":66,"column":20},"end":{"line":66,"column":25}},"31":{"start":{"line":67,"column":4},"end":{"line":77,"column":5}},"32":{"start":{"line":67,"column":17},"end":{"line":67,"column":35}},"33":{"start":{"line":68,"column":18},"end":{"line":68,"column":49}},"34":{"start":{"line":69,"column":6},"end":{"line":74,"column":7}},"35":{"start":{"line":70,"column":8},"end":{"line":70,"column":19}},"36":{"start":{"line":71,"column":8},"end":{"line":73,"column":9}},"37":{"start":{"line":72,"column":10},"end":{"line":72,"column":35}},"38":{"start":{"line":75,"column":6},"end":{"line":75,"column":19}},"39":{"start":{"line":76,"column":6},"end":{"line":76,"column":29}},"40":{"start":{"line":78,"column":4},"end":{"line":78,"column":26}},"41":{"start":{"line":82,"column":4},"end":{"line":82,"column":64}},"42":{"start":{"line":82,"column":21},"end":{"line":82,"column":64}},"43":{"start":{"line":83,"column":17},"end":{"line":83,"column":37}},"44":{"start":{"line":85,"column":26},"end":{"line":85,"column":81}},"45":{"start":{"line":85,"column":56},"end":{"line":85,"column":80}},"46":{"start":{"line":86,"column":4},"end":{"line":86,"column":68}},"47":{"start":{"line":86,"column":24},"end":{"line":86,"column":68}},"48":{"start":{"line":88,"column":4},"end":{"line":88,"column":59}},"49":{"start":{"line":88,"column":33},"end":{"line":88,"column":57}},"50":{"start":{"line":90,"column":4},"end":{"line":90,"column":27}},"51":{"start":{"line":91,"column":4},"end":{"line":100,"column":7}},"52":{"start":{"line":102,"column":4},"end":{"line":102,"column":24}},"53":{"start":{"line":106,"column":4},"end":{"line":106,"column":64}},"54":{"start":{"line":106,"column":21},"end":{"line":106,"column":64}},"55":{"start":{"line":107,"column":17},"end":{"line":107,"column":37}},"56":{"start":{"line":109,"column":4},"end":{"line":111,"column":5}},"57":{"start":{"line":110,"column":6},"end":{"line":110,"column":44}},"58":{"start":{"line":113,"column":26},"end":{"line":113,"column":81}},"59":{"start":{"line":113,"column":56},"end":{"line":113,"column":80}},"60":{"start":{"line":114,"column":4},"end":{"line":114,"column":68}},"61":{"start":{"line":114,"column":24},"end":{"line":114,"column":68}},"62":{"start":{"line":116,"column":4},"end":{"line":116,"column":60}},"63":{"start":{"line":116,"column":33},"end":{"line":116,"column":58}},"64":{"start":{"line":118,"column":4},"end":{"line":118,"column":27}},"65":{"start":{"line":119,"column":4},"end":{"line":128,"column":7}},"66":{"start":{"line":130,"column":4},"end":{"line":130,"column":24}},"67":{"start":{"line":134,"column":4},"end":{"line":134,"column":64}},"68":{"start":{"line":134,"column":21},"end":{"line":134,"column":64}},"69":{"start":{"line":135,"column":19},"end":{"line":135,"column":41}},"70":{"start":{"line":136,"column":23},"end":{"line":136,"column":49}},"71":{"start":{"line":138,"column":4},"end":{"line":138,"column":77}},"72":{"start":{"line":138,"column":34},"end":{"line":138,"column":77}},"73":{"start":{"line":139,"column":4},"end":{"line":139,"column":92}},"74":{"start":{"line":139,"column":42},"end":{"line":139,"column":92}},"75":{"start":{"line":140,"column":4},"end":{"line":140,"column":71}},"76":{"start":{"line":140,"column":33},"end":{"line":140,"column":71}},"77":{"start":{"line":142,"column":16},"end":{"line":142,"column":41}},"78":{"start":{"line":143,"column":24},"end":{"line":143,"column":36}},"79":{"start":{"line":145,"column":4},"end":{"line":145,"column":34}},"80":{"start":{"line":147,"column":21},"end":{"line":147,"column":61}},"81":{"start":{"line":148,"column":26},"end":{"line":148,"column":54}},"82":{"start":{"line":150,"column":4},"end":{"line":161,"column":7}},"83":{"start":{"line":163,"column":4},"end":{"line":173,"column":7}},"84":{"start":{"line":175,"column":4},"end":{"line":175,"column":39}},"85":{"start":{"line":179,"column":19},"end":{"line":179,"column":52}},"86":{"start":{"line":180,"column":4},"end":{"line":180,"column":53}},"87":{"start":{"line":180,"column":17},"end":{"line":180,"column":53}},"88":{"start":{"line":181,"column":4},"end":{"line":181,"column":81}},"89":{"start":{"line":181,"column":37},"end":{"line":181,"column":81}},"90":{"start":{"line":183,"column":19},"end":{"line":183,"column":48}},"91":{"start":{"line":184,"column":23},"end":{"line":184,"column":56}},"92":{"start":{"line":186,"column":4},"end":{"line":186,"column":31}},"93":{"start":{"line":187,"column":4},"end":{"line":187,"column":35}},"94":{"start":{"line":188,"column":4},"end":{"line":188,"column":35}},"95":{"start":{"line":190,"column":4},"end":{"line":190,"column":40}},"96":{"start":{"line":191,"column":4},"end":{"line":191,"column":34}},"97":{"start":{"line":192,"column":4},"end":{"line":192,"column":44}},"98":{"start":{"line":194,"column":4},"end":{"line":194,"column":37}},"99":{"start":{"line":196,"column":24},"end":{"line":196,"column":65}},"100":{"start":{"line":197,"column":4},"end":{"line":197,"column":37}},"101":{"start":{"line":199,"column":4},"end":{"line":209,"column":7}},"102":{"start":{"line":211,"column":4},"end":{"line":211,"column":52}},"103":{"start":{"line":215,"column":19},"end":{"line":215,"column":52}},"104":{"start":{"line":216,"column":4},"end":{"line":216,"column":53}},"105":{"start":{"line":216,"column":17},"end":{"line":216,"column":53}},"106":{"start":{"line":217,"column":4},"end":{"line":217,"column":81}},"107":{"start":{"line":217,"column":37},"end":{"line":217,"column":81}},"108":{"start":{"line":219,"column":19},"end":{"line":219,"column":48}},"109":{"start":{"line":221,"column":4},"end":{"line":221,"column":31}},"110":{"start":{"line":222,"column":4},"end":{"line":222,"column":35}},"111":{"start":{"line":223,"column":4},"end":{"line":223,"column":35}},"112":{"start":{"line":224,"column":4},"end":{"line":224,"column":33}},"113":{"start":{"line":226,"column":4},"end":{"line":226,"column":49}},"114":{"start":{"line":228,"column":24},"end":{"line":228,"column":65}},"115":{"start":{"line":229,"column":4},"end":{"line":229,"column":36}},"116":{"start":{"line":231,"column":4},"end":{"line":241,"column":7}},"117":{"start":{"line":243,"column":4},"end":{"line":243,"column":65}},"118":{"start":{"line":247,"column":4},"end":{"line":247,"column":64}},"119":{"start":{"line":247,"column":21},"end":{"line":247,"column":64}},"120":{"start":{"line":248,"column":19},"end":{"line":248,"column":41}},"121":{"start":{"line":249,"column":23},"end":{"line":249,"column":49}},"122":{"start":{"line":251,"column":4},"end":{"line":251,"column":77}},"123":{"start":{"line":251,"column":34},"end":{"line":251,"column":77}},"124":{"start":{"line":252,"column":4},"end":{"line":252,"column":92}},"125":{"start":{"line":252,"column":42},"end":{"line":252,"column":92}},"126":{"start":{"line":253,"column":4},"end":{"line":253,"column":71}},"127":{"start":{"line":253,"column":33},"end":{"line":253,"column":71}},"128":{"start":{"line":255,"column":16},"end":{"line":255,"column":41}},"129":{"start":{"line":256,"column":24},"end":{"line":256,"column":36}},"130":{"start":{"line":258,"column":4},"end":{"line":258,"column":34}},"131":{"start":{"line":259,"column":4},"end":{"line":259,"column":33}},"132":{"start":{"line":260,"column":4},"end":{"line":260,"column":30}},"133":{"start":{"line":262,"column":4},"end":{"line":262,"column":34}},"134":{"start":{"line":263,"column":4},"end":{"line":263,"column":37}},"135":{"start":{"line":264,"column":4},"end":{"line":264,"column":37}},"136":{"start":{"line":266,"column":26},"end":{"line":266,"column":54}},"137":{"start":{"line":268,"column":4},"end":{"line":279,"column":7}},"138":{"start":{"line":281,"column":4},"end":{"line":281,"column":42}},"139":{"start":{"line":285,"column":19},"end":{"line":285,"column":52}},"140":{"start":{"line":286,"column":4},"end":{"line":286,"column":53}},"141":{"start":{"line":286,"column":17},"end":{"line":286,"column":53}},"142":{"start":{"line":287,"column":4},"end":{"line":287,"column":81}},"143":{"start":{"line":287,"column":37},"end":{"line":287,"column":81}},"144":{"start":{"line":288,"column":4},"end":{"line":290,"column":5}},"145":{"start":{"line":289,"column":6},"end":{"line":289,"column":70}},"146":{"start":{"line":292,"column":22},"end":{"line":292,"column":46}},"147":{"start":{"line":293,"column":4},"end":{"line":302,"column":7}},"148":{"start":{"line":304,"column":4},"end":{"line":304,"column":31}},"149":{"start":{"line":305,"column":4},"end":{"line":305,"column":21}},"150":{"start":{"line":309,"column":20},"end":{"line":309,"column":48}},"151":{"start":{"line":310,"column":4},"end":{"line":310,"column":55}},"152":{"start":{"line":310,"column":18},"end":{"line":310,"column":55}},"153":{"start":{"line":311,"column":4},"end":{"line":311,"column":79}},"154":{"start":{"line":311,"column":35},"end":{"line":311,"column":79}},"155":{"start":{"line":313,"column":19},"end":{"line":313,"column":60}},"156":{"start":{"line":314,"column":4},"end":{"line":314,"column":53}},"157":{"start":{"line":314,"column":17},"end":{"line":314,"column":53}},"158":{"start":{"line":316,"column":19},"end":{"line":316,"column":48}},"159":{"start":{"line":317,"column":23},"end":{"line":317,"column":56}},"160":{"start":{"line":319,"column":4},"end":{"line":321,"column":5}},"161":{"start":{"line":320,"column":6},"end":{"line":320,"column":51}},"162":{"start":{"line":323,"column":4},"end":{"line":323,"column":32}},"163":{"start":{"line":324,"column":4},"end":{"line":324,"column":36}},"164":{"start":{"line":325,"column":4},"end":{"line":325,"column":36}},"165":{"start":{"line":326,"column":4},"end":{"line":326,"column":36}},"166":{"start":{"line":327,"column":4},"end":{"line":327,"column":52}},"167":{"start":{"line":329,"column":4},"end":{"line":333,"column":5}},"168":{"start":{"line":330,"column":6},"end":{"line":330,"column":47}},"169":{"start":{"line":331,"column":6},"end":{"line":331,"column":36}},"170":{"start":{"line":332,"column":6},"end":{"line":332,"column":51}},"171":{"start":{"line":335,"column":25},"end":{"line":335,"column":59}},"172":{"start":{"line":336,"column":4},"end":{"line":338,"column":5}},"173":{"start":{"line":337,"column":6},"end":{"line":337,"column":37}},"174":{"start":{"line":340,"column":4},"end":{"line":340,"column":37}},"175":{"start":{"line":342,"column":4},"end":{"line":342,"column":39}},"176":{"start":{"line":344,"column":4},"end":{"line":356,"column":5}},"177":{"start":{"line":345,"column":6},"end":{"line":355,"column":9}},"178":{"start":{"line":358,"column":4},"end":{"line":370,"column":5}},"179":{"start":{"line":359,"column":6},"end":{"line":369,"column":9}},"180":{"start":{"line":372,"column":4},"end":{"line":372,"column":63}},"181":{"start":{"line":376,"column":4},"end":{"line":379,"column":5}},"182":{"start":{"line":377,"column":26},"end":{"line":377,"column":77}},"183":{"start":{"line":377,"column":54},"end":{"line":377,"column":76}},"184":{"start":{"line":378,"column":6},"end":{"line":378,"column":42}},"185":{"start":{"line":378,"column":23},"end":{"line":378,"column":42}},"186":{"start":{"line":381,"column":4},"end":{"line":383,"column":5}},"187":{"start":{"line":382,"column":6},"end":{"line":382,"column":50}},"188":{"start":{"line":385,"column":4},"end":{"line":385,"column":45}},"189":{"start":{"line":389,"column":17},"end":{"line":389,"column":37}},"190":{"start":{"line":390,"column":4},"end":{"line":390,"column":29}},"191":{"start":{"line":394,"column":19},"end":{"line":394,"column":52}},"192":{"start":{"line":395,"column":4},"end":{"line":395,"column":53}},"193":{"start":{"line":395,"column":17},"end":{"line":395,"column":53}},"194":{"start":{"line":396,"column":4},"end":{"line":396,"column":18}},"195":{"start":{"line":400,"column":20},"end":{"line":400,"column":48}},"196":{"start":{"line":401,"column":4},"end":{"line":401,"column":55}},"197":{"start":{"line":401,"column":18},"end":{"line":401,"column":55}},"198":{"start":{"line":402,"column":4},"end":{"line":402,"column":19}},"199":{"start":{"line":406,"column":4},"end":{"line":406,"column":44}},"200":{"start":{"line":410,"column":4},"end":{"line":410,"column":40}},"201":{"start":{"line":414,"column":4},"end":{"line":414,"column":63}},"202":{"start":{"line":418,"column":4},"end":{"line":421,"column":5}},"203":{"start":{"line":419,"column":21},"end":{"line":419,"column":51}},"204":{"start":{"line":420,"column":6},"end":{"line":420,"column":44}},"205":{"start":{"line":423,"column":4},"end":{"line":426,"column":5}},"206":{"start":{"line":424,"column":23},"end":{"line":424,"column":51}},"207":{"start":{"line":425,"column":6},"end":{"line":425,"column":46}},"208":{"start":{"line":428,"column":4},"end":{"line":428,"column":55}},"209":{"start":{"line":432,"column":0},"end":{"line":432,"column":31}}},"fnMap":{"0":{"name":"(anonymous_0)","decl":{"start":{"line":2,"column":2},"end":{"line":2,"column":3}},"loc":{"start":{"line":2,"column":16},"end":{"line":12,"column":3}},"line":2},"1":{"name":"(anonymous_1)","decl":{"start":{"line":14,"column":2},"end":{"line":14,"column":3}},"loc":{"start":{"line":14,"column":53},"end":{"line":31,"column":3}},"line":14},"2":{"name":"(anonymous_2)","decl":{"start":{"line":33,"column":2},"end":{"line":33,"column":3}},"loc":{"start":{"line":33,"column":18},"end":{"line":37,"column":3}},"line":33},"3":{"name":"(anonymous_3)","decl":{"start":{"line":39,"column":2},"end":{"line":39,"column":3}},"loc":{"start":{"line":39,"column":42},"end":{"line":59,"column":3}},"line":39},"4":{"name":"(anonymous_4)","decl":{"start":{"line":61,"column":2},"end":{"line":61,"column":3}},"loc":{"start":{"line":61,"column":27},"end":{"line":79,"column":3}},"line":61},"5":{"name":"(anonymous_5)","decl":{"start":{"line":81,"column":2},"end":{"line":81,"column":3}},"loc":{"start":{"line":81,"column":75},"end":{"line":103,"column":3}},"line":81},"6":{"name":"(anonymous_6)","decl":{"start":{"line":85,"column":51},"end":{"line":85,"column":52}},"loc":{"start":{"line":85,"column":56},"end":{"line":85,"column":80}},"line":85},"7":{"name":"(anonymous_7)","decl":{"start":{"line":88,"column":22},"end":{"line":88,"column":23}},"loc":{"start":{"line":88,"column":33},"end":{"line":88,"column":57}},"line":88},"8":{"name":"(anonymous_8)","decl":{"start":{"line":105,"column":2},"end":{"line":105,"column":3}},"loc":{"start":{"line":105,"column":76},"end":{"line":131,"column":3}},"line":105},"9":{"name":"(anonymous_9)","decl":{"start":{"line":113,"column":51},"end":{"line":113,"column":52}},"loc":{"start":{"line":113,"column":56},"end":{"line":113,"column":80}},"line":113},"10":{"name":"(anonymous_10)","decl":{"start":{"line":116,"column":22},"end":{"line":116,"column":23}},"loc":{"start":{"line":116,"column":33},"end":{"line":116,"column":58}},"line":116},"11":{"name":"(anonymous_11)","decl":{"start":{"line":133,"column":2},"end":{"line":133,"column":3}},"loc":{"start":{"line":133,"column":99},"end":{"line":176,"column":3}},"line":133},"12":{"name":"(anonymous_12)","decl":{"start":{"line":178,"column":2},"end":{"line":178,"column":3}},"loc":{"start":{"line":178,"column":44},"end":{"line":212,"column":3}},"line":178},"13":{"name":"(anonymous_13)","decl":{"start":{"line":214,"column":2},"end":{"line":214,"column":3}},"loc":{"start":{"line":214,"column":51},"end":{"line":244,"column":3}},"line":214},"14":{"name":"(anonymous_14)","decl":{"start":{"line":246,"column":2},"end":{"line":246,"column":3}},"loc":{"start":{"line":246,"column":93},"end":{"line":282,"column":3}},"line":246},"15":{"name":"(anonymous_15)","decl":{"start":{"line":284,"column":2},"end":{"line":284,"column":3}},"loc":{"start":{"line":284,"column":45},"end":{"line":306,"column":3}},"line":284},"16":{"name":"(anonymous_16)","decl":{"start":{"line":308,"column":2},"end":{"line":308,"column":3}},"loc":{"start":{"line":308,"column":72},"end":{"line":373,"column":3}},"line":308},"17":{"name":"(anonymous_17)","decl":{"start":{"line":375,"column":2},"end":{"line":375,"column":3}},"loc":{"start":{"line":375,"column":32},"end":{"line":386,"column":3}},"line":375},"18":{"name":"(anonymous_18)","decl":{"start":{"line":377,"column":49},"end":{"line":377,"column":50}},"loc":{"start":{"line":377,"column":54},"end":{"line":377,"column":76}},"line":377},"19":{"name":"(anonymous_19)","decl":{"start":{"line":388,"column":2},"end":{"line":388,"column":3}},"loc":{"start":{"line":388,"column":30},"end":{"line":391,"column":3}},"line":388},"20":{"name":"(anonymous_20)","decl":{"start":{"line":393,"column":2},"end":{"line":393,"column":3}},"loc":{"start":{"line":393,"column":29},"end":{"line":397,"column":3}},"line":393},"21":{"name":"(anonymous_21)","decl":{"start":{"line":399,"column":2},"end":{"line":399,"column":3}},"loc":{"start":{"line":399,"column":31},"end":{"line":403,"column":3}},"line":399},"22":{"name":"(anonymous_22)","decl":{"start":{"line":405,"column":2},"end":{"line":405,"column":3}},"loc":{"start":{"line":405,"column":26},"end":{"line":407,"column":3}},"line":405},"23":{"name":"(anonymous_23)","decl":{"start":{"line":409,"column":2},"end":{"line":409,"column":3}},"loc":{"start":{"line":409,"column":22},"end":{"line":411,"column":3}},"line":409},"24":{"name":"(anonymous_24)","decl":{"start":{"line":413,"column":2},"end":{"line":413,"column":3}},"loc":{"start":{"line":413,"column":23},"end":{"line":415,"column":3}},"line":413},"25":{"name":"(anonymous_25)","decl":{"start":{"line":417,"column":2},"end":{"line":417,"column":3}},"loc":{"start":{"line":417,"column":33},"end":{"line":429,"column":3}},"line":417}},"branchMap":{"0":{"loc":{"start":{"line":14,"column":33},"end":{"line":14,"column":51}},"type":"default-arg","locations":[{"start":{"line":14,"column":50},"end":{"line":14,"column":51}}],"line":14},"1":{"loc":{"start":{"line":15,"column":4},"end":{"line":17,"column":5}},"type":"if","locations":[{"start":{"line":15,"column":4},"end":{"line":17,"column":5}},{"start":{},"end":{}}],"line":15},"2":{"loc":{"start":{"line":24,"column":14},"end":{"line":24,"column":50}},"type":"cond-expr","locations":[{"start":{"line":24,"column":42},"end":{"line":24,"column":43}},{"start":{"line":24,"column":46},"end":{"line":24,"column":50}}],"line":24},"3":{"loc":{"start":{"line":35,"column":4},"end":{"line":35,"column":49}},"type":"if","locations":[{"start":{"line":35,"column":4},"end":{"line":35,"column":49}},{"start":{},"end":{}}],"line":35},"4":{"loc":{"start":{"line":43,"column":4},"end":{"line":45,"column":5}},"type":"if","locations":[{"start":{"line":43,"column":4},"end":{"line":45,"column":5}},{"start":{},"end":{}}],"line":43},"5":{"loc":{"start":{"line":43,"column":8},"end":{"line":43,"column":97}},"type":"binary-expr","locations":[{"start":{"line":43,"column":8},"end":{"line":43,"column":27}},{"start":{"line":43,"column":31},"end":{"line":43,"column":97}}],"line":43},"6":{"loc":{"start":{"line":47,"column":4},"end":{"line":49,"column":5}},"type":"if","locations":[{"start":{"line":47,"column":4},"end":{"line":49,"column":5}},{"start":{},"end":{}}],"line":47},"7":{"loc":{"start":{"line":47,"column":8},"end":{"line":47,"column":85}},"type":"binary-expr","locations":[{"start":{"line":47,"column":8},"end":{"line":47,"column":37}},{"start":{"line":47,"column":41},"end":{"line":47,"column":85}}],"line":47},"8":{"loc":{"start":{"line":63,"column":4},"end":{"line":63,"column":65}},"type":"if","locations":[{"start":{"line":63,"column":4},"end":{"line":63,"column":65}},{"start":{},"end":{}}],"line":63},"9":{"loc":{"start":{"line":63,"column":8},"end":{"line":63,"column":50}},"type":"binary-expr","locations":[{"start":{"line":63,"column":8},"end":{"line":63,"column":27}},{"start":{"line":63,"column":31},"end":{"line":63,"column":50}}],"line":63},"10":{"loc":{"start":{"line":69,"column":6},"end":{"line":74,"column":7}},"type":"if","locations":[{"start":{"line":69,"column":6},"end":{"line":74,"column":7}},{"start":{},"end":{}}],"line":69},"11":{"loc":{"start":{"line":71,"column":8},"end":{"line":73,"column":9}},"type":"if","locations":[{"start":{"line":71,"column":8},"end":{"line":73,"column":9}},{"start":{},"end":{}}],"line":71},"12":{"loc":{"start":{"line":81,"column":49},"end":{"line":81,"column":73}},"type":"default-arg","locations":[{"start":{"line":81,"column":60},"end":{"line":81,"column":73}}],"line":81},"13":{"loc":{"start":{"line":82,"column":4},"end":{"line":82,"column":64}},"type":"if","locations":[{"start":{"line":82,"column":4},"end":{"line":82,"column":64}},{"start":{},"end":{}}],"line":82},"14":{"loc":{"start":{"line":86,"column":4},"end":{"line":86,"column":68}},"type":"if","locations":[{"start":{"line":86,"column":4},"end":{"line":86,"column":68}},{"start":{},"end":{}}],"line":86},"15":{"loc":{"start":{"line":105,"column":50},"end":{"line":105,"column":74}},"type":"default-arg","locations":[{"start":{"line":105,"column":61},"end":{"line":105,"column":74}}],"line":105},"16":{"loc":{"start":{"line":106,"column":4},"end":{"line":106,"column":64}},"type":"if","locations":[{"start":{"line":106,"column":4},"end":{"line":106,"column":64}},{"start":{},"end":{}}],"line":106},"17":{"loc":{"start":{"line":109,"column":4},"end":{"line":111,"column":5}},"type":"if","locations":[{"start":{"line":109,"column":4},"end":{"line":111,"column":5}},{"start":{},"end":{}}],"line":109},"18":{"loc":{"start":{"line":114,"column":4},"end":{"line":114,"column":68}},"type":"if","locations":[{"start":{"line":114,"column":4},"end":{"line":114,"column":68}},{"start":{},"end":{}}],"line":114},"19":{"loc":{"start":{"line":133,"column":73},"end":{"line":133,"column":97}},"type":"default-arg","locations":[{"start":{"line":133,"column":84},"end":{"line":133,"column":97}}],"line":133},"20":{"loc":{"start":{"line":134,"column":4},"end":{"line":134,"column":64}},"type":"if","locations":[{"start":{"line":134,"column":4},"end":{"line":134,"column":64}},{"start":{},"end":{}}],"line":134},"21":{"loc":{"start":{"line":138,"column":4},"end":{"line":138,"column":77}},"type":"if","locations":[{"start":{"line":138,"column":4},"end":{"line":138,"column":77}},{"start":{},"end":{}}],"line":138},"22":{"loc":{"start":{"line":139,"column":4},"end":{"line":139,"column":92}},"type":"if","locations":[{"start":{"line":139,"column":4},"end":{"line":139,"column":92}},{"start":{},"end":{}}],"line":139},"23":{"loc":{"start":{"line":140,"column":4},"end":{"line":140,"column":71}},"type":"if","locations":[{"start":{"line":140,"column":4},"end":{"line":140,"column":71}},{"start":{},"end":{}}],"line":140},"24":{"loc":{"start":{"line":180,"column":4},"end":{"line":180,"column":53}},"type":"if","locations":[{"start":{"line":180,"column":4},"end":{"line":180,"column":53}},{"start":{},"end":{}}],"line":180},"25":{"loc":{"start":{"line":181,"column":4},"end":{"line":181,"column":81}},"type":"if","locations":[{"start":{"line":181,"column":4},"end":{"line":181,"column":81}},{"start":{},"end":{}}],"line":181},"26":{"loc":{"start":{"line":216,"column":4},"end":{"line":216,"column":53}},"type":"if","locations":[{"start":{"line":216,"column":4},"end":{"line":216,"column":53}},{"start":{},"end":{}}],"line":216},"27":{"loc":{"start":{"line":217,"column":4},"end":{"line":217,"column":81}},"type":"if","locations":[{"start":{"line":217,"column":4},"end":{"line":217,"column":81}},{"start":{},"end":{}}],"line":217},"28":{"loc":{"start":{"line":246,"column":67},"end":{"line":246,"column":91}},"type":"default-arg","locations":[{"start":{"line":246,"column":78},"end":{"line":246,"column":91}}],"line":246},"29":{"loc":{"start":{"line":247,"column":4},"end":{"line":247,"column":64}},"type":"if","locations":[{"start":{"line":247,"column":4},"end":{"line":247,"column":64}},{"start":{},"end":{}}],"line":247},"30":{"loc":{"start":{"line":251,"column":4},"end":{"line":251,"column":77}},"type":"if","locations":[{"start":{"line":251,"column":4},"end":{"line":251,"column":77}},{"start":{},"end":{}}],"line":251},"31":{"loc":{"start":{"line":252,"column":4},"end":{"line":252,"column":92}},"type":"if","locations":[{"start":{"line":252,"column":4},"end":{"line":252,"column":92}},{"start":{},"end":{}}],"line":252},"32":{"loc":{"start":{"line":253,"column":4},"end":{"line":253,"column":71}},"type":"if","locations":[{"start":{"line":253,"column":4},"end":{"line":253,"column":71}},{"start":{},"end":{}}],"line":253},"33":{"loc":{"start":{"line":286,"column":4},"end":{"line":286,"column":53}},"type":"if","locations":[{"start":{"line":286,"column":4},"end":{"line":286,"column":53}},{"start":{},"end":{}}],"line":286},"34":{"loc":{"start":{"line":287,"column":4},"end":{"line":287,"column":81}},"type":"if","locations":[{"start":{"line":287,"column":4},"end":{"line":287,"column":81}},{"start":{},"end":{}}],"line":287},"35":{"loc":{"start":{"line":288,"column":4},"end":{"line":290,"column":5}},"type":"if","locations":[{"start":{"line":288,"column":4},"end":{"line":290,"column":5}},{"start":{},"end":{}}],"line":288},"36":{"loc":{"start":{"line":288,"column":8},"end":{"line":288,"column":74}},"type":"binary-expr","locations":[{"start":{"line":288,"column":8},"end":{"line":288,"column":37}},{"start":{"line":288,"column":41},"end":{"line":288,"column":74}}],"line":288},"37":{"loc":{"start":{"line":310,"column":4},"end":{"line":310,"column":55}},"type":"if","locations":[{"start":{"line":310,"column":4},"end":{"line":310,"column":55}},{"start":{},"end":{}}],"line":310},"38":{"loc":{"start":{"line":311,"column":4},"end":{"line":311,"column":79}},"type":"if","locations":[{"start":{"line":311,"column":4},"end":{"line":311,"column":79}},{"start":{},"end":{}}],"line":311},"39":{"loc":{"start":{"line":314,"column":4},"end":{"line":314,"column":53}},"type":"if","locations":[{"start":{"line":314,"column":4},"end":{"line":314,"column":53}},{"start":{},"end":{}}],"line":314},"40":{"loc":{"start":{"line":319,"column":4},"end":{"line":321,"column":5}},"type":"if","locations":[{"start":{"line":319,"column":4},"end":{"line":321,"column":5}},{"start":{},"end":{}}],"line":319},"41":{"loc":{"start":{"line":319,"column":8},"end":{"line":319,"column":68}},"type":"binary-expr","locations":[{"start":{"line":319,"column":8},"end":{"line":319,"column":30}},{"start":{"line":319,"column":34},"end":{"line":319,"column":68}}],"line":319},"42":{"loc":{"start":{"line":329,"column":4},"end":{"line":333,"column":5}},"type":"if","locations":[{"start":{"line":329,"column":4},"end":{"line":333,"column":5}},{"start":{},"end":{}}],"line":329},"43":{"loc":{"start":{"line":336,"column":4},"end":{"line":338,"column":5}},"type":"if","locations":[{"start":{"line":336,"column":4},"end":{"line":338,"column":5}},{"start":{},"end":{}}],"line":336},"44":{"loc":{"start":{"line":344,"column":4},"end":{"line":356,"column":5}},"type":"if","locations":[{"start":{"line":344,"column":4},"end":{"line":356,"column":5}},{"start":{},"end":{}}],"line":344},"45":{"loc":{"start":{"line":358,"column":4},"end":{"line":370,"column":5}},"type":"if","locations":[{"start":{"line":358,"column":4},"end":{"line":370,"column":5}},{"start":{},"end":{}}],"line":358},"46":{"loc":{"start":{"line":378,"column":6},"end":{"line":378,"column":42}},"type":"if","locations":[{"start":{"line":378,"column":6},"end":{"line":378,"column":42}},{"start":{},"end":{}}],"line":378},"47":{"loc":{"start":{"line":381,"column":4},"end":{"line":383,"column":5}},"type":"if","locations":[{"start":{"line":381,"column":4},"end":{"line":383,"column":5}},{"start":{},"end":{}}],"line":381},"48":{"loc":{"start":{"line":395,"column":4},"end":{"line":395,"column":53}},"type":"if","locations":[{"start":{"line":395,"column":4},"end":{"line":395,"column":53}},{"start":{},"end":{}}],"line":395},"49":{"loc":{"start":{"line":401,"column":4},"end":{"line":401,"column":55}},"type":"if","locations":[{"start":{"line":401,"column":4},"end":{"line":401,"column":55}},{"start":{},"end":{}}],"line":401},"50":{"loc":{"start":{"line":418,"column":4},"end":{"line":421,"column":5}},"type":"if","locations":[{"start":{"line":418,"column":4},"end":{"line":421,"column":5}},{"start":{},"end":{}}],"line":418},"51":{"loc":{"start":{"line":418,"column":8},"end":{"line":418,"column":72}},"type":"binary-expr","locations":[{"start":{"line":418,"column":8},"end":{"line":418,"column":39}},{"start":{"line":418,"column":43},"end":{"line":418,"column":72}}],"line":418},"52":{"loc":{"start":{"line":423,"column":4},"end":{"line":426,"column":5}},"type":"if","locations":[{"start":{"line":423,"column":4},"end":{"line":426,"column":5}},{"start":{},"end":{}}],"line":423},"53":{"loc":{"start":{"line":423,"column":8},"end":{"line":423,"column":68}},"type":"binary-expr","locations":[{"start":{"line":423,"column":8},"end":{"line":423,"column":37}},{"start":{"line":423,"column":41},"end":{"line":423,"column":68}}],"line":423}},"s":{"0":11,"1":11,"2":11,"3":11,"4":11,"5":11,"6":11,"7":11,"8":11,"9":34,"10":1,"11":33,"12":33,"13":69,"14":69,"15":0,"16":69,"17":14,"18":14,"19":14,"20":0,"21":14,"22":1,"23":13,"24":13,"25":13,"26":13,"27":13,"28":0,"29":13,"30":13,"31":13,"32":13,"33":208,"34":208,"35":104,"36":104,"37":10,"38":208,"39":208,"40":13,"41":3,"42":1,"43":2,"44":2,"45":2,"46":2,"47":1,"48":1,"49":1,"50":1,"51":1,"52":1,"53":3,"54":1,"55":2,"56":2,"57":1,"58":1,"59":1,"60":1,"61":0,"62":1,"63":1,"64":1,"65":1,"66":1,"67":0,"68":0,"69":0,"70":0,"71":0,"72":0,"73":0,"74":0,"75":0,"76":0,"77":0,"78":0,"79":0,"80":0,"81":0,"82":0,"83":0,"84":0,"85":0,"86":0,"87":0,"88":0,"89":0,"90":0,"91":0,"92":0,"93":0,"94":0,"95":0,"96":0,"97":0,"98":0,"99":0,"100":0,"101":0,"102":0,"103":0,"104":0,"105":0,"106":0,"107":0,"108":0,"109":0,"110":0,"111":0,"112":0,"113":0,"114":0,"115":0,"116":0,"117":0,"118":4,"119":0,"120":4,"121":4,"122":4,"123":1,"124":3,"125":0,"126":3,"127":1,"128":2,"129":2,"130":2,"131":2,"132":2,"133":2,"134":2,"135":2,"136":2,"137":2,"138":2,"139":0,"140":0,"141":0,"142":0,"143":0,"144":0,"145":0,"146":0,"147":0,"148":0,"149":0,"150":0,"151":0,"152":0,"153":0,"154":0,"155":0,"156":0,"157":0,"158":0,"159":0,"160":0,"161":0,"162":0,"163":0,"164":0,"165":0,"166":0,"167":0,"168":0,"169":0,"170":0,"171":0,"172":0,"173":0,"174":0,"175":0,"176":0,"177":0,"178":0,"179":0,"180":0,"181":1,"182":1,"183":1,"184":1,"185":1,"186":0,"187":0,"188":0,"189":2,"190":2,"191":0,"192":0,"193":0,"194":0,"195":0,"196":0,"197":0,"198":0,"199":4,"200":0,"201":2,"202":4,"203":3,"204":3,"205":4,"206":3,"207":3,"208":4,"209":1},"f":{"0":11,"1":34,"2":69,"3":14,"4":13,"5":3,"6":2,"7":1,"8":3,"9":1,"10":1,"11":0,"12":0,"13":0,"14":4,"15":0,"16":0,"17":1,"18":1,"19":2,"20":0,"21":0,"22":4,"23":0,"24":2,"25":4},"b":{"0":[1],"1":[1,33],"2":[11,22],"3":[0,69],"4":[0,14],"5":[14,14],"6":[1,13],"7":[14,13],"8":[0,13],"9":[13,13],"10":[104,104],"11":[10,94],"12":[3],"13":[1,2],"14":[1,1],"15":[3],"16":[1,2],"17":[1,1],"18":[0,1],"19":[0],"20":[0,0],"21":[0,0],"22":[0,0],"23":[0,0],"24":[0,0],"25":[0,0],"26":[0,0],"27":[0,0],"28":[4],"29":[0,4],"30":[1,3],"31":[0,3],"32":[1,2],"33":[0,0],"34":[0,0],"35":[0,0],"36":[0,0],"37":[0,0],"38":[0,0],"39":[0,0],"40":[0,0],"41":[0,0],"42":[0,0],"43":[0,0],"44":[0,0],"45":[0,0],"46":[1,0],"47":[0,0],"48":[0,0],"49":[0,0],"50":[3,1],"51":[4,3],"52":[3,1],"53":[4,3]},"_coverageSchema":"1a1c01bbd47fc00a2c39e90264f33305004495a9","hash":"20071ebca8a0a5547f606b0afe511a19a5f349e9"}
,"C:\\Users\\HP\\Videos\\FreeLancer-Management-2\\pages\\Profile.js": {"path":"C:\\Users\\HP\\Videos\\FreeLancer-Management-2\\pages\\Profile.js","statementMap":{"0":{"start":{"line":8,"column":4},"end":{"line":8,"column":25}},"1":{"start":{"line":9,"column":4},"end":{"line":9,"column":29}},"2":{"start":{"line":10,"column":4},"end":{"line":10,"column":23}},"3":{"start":{"line":11,"column":4},"end":{"line":11,"column":31}},"4":{"start":{"line":12,"column":4},"end":{"line":12,"column":29}},"5":{"start":{"line":13,"column":4},"end":{"line":13,"column":31}},"6":{"start":{"line":14,"column":4},"end":{"line":14,"column":18}},"7":{"start":{"line":15,"column":4},"end":{"line":15,"column":22}},"8":{"start":{"line":16,"column":4},"end":{"line":16,"column":23}},"9":{"start":{"line":17,"column":4},"end":{"line":17,"column":31}},"10":{"start":{"line":18,"column":4},"end":{"line":18,"column":32}},"11":{"start":{"line":19,"column":4},"end":{"line":19,"column":28}},"12":{"start":{"line":20,"column":4},"end":{"line":20,"column":27}},"13":{"start":{"line":21,"column":4},"end":{"line":21,"column":24}},"14":{"start":{"line":22,"column":4},"end":{"line":22,"column":24}},"15":{"start":{"line":23,"column":4},"end":{"line":23,"column":26}},"16":{"start":{"line":24,"column":4},"end":{"line":28,"column":6}},"17":{"start":{"line":35,"column":4},"end":{"line":35,"column":60}},"18":{"start":{"line":35,"column":33},"end":{"line":35,"column":60}},"19":{"start":{"line":36,"column":4},"end":{"line":36,"column":57}},"20":{"start":{"line":36,"column":32},"end":{"line":36,"column":57}},"21":{"start":{"line":37,"column":4},"end":{"line":37,"column":42}},"22":{"start":{"line":37,"column":27},"end":{"line":37,"column":42}},"23":{"start":{"line":38,"column":4},"end":{"line":38,"column":54}},"24":{"start":{"line":38,"column":31},"end":{"line":38,"column":54}},"25":{"start":{"line":39,"column":4},"end":{"line":39,"column":57}},"26":{"start":{"line":39,"column":32},"end":{"line":39,"column":57}},"27":{"start":{"line":40,"column":4},"end":{"line":40,"column":16}},"28":{"start":{"line":47,"column":4},"end":{"line":49,"column":5}},"29":{"start":{"line":48,"column":6},"end":{"line":48,"column":43}},"30":{"start":{"line":50,"column":4},"end":{"line":50,"column":30}},"31":{"start":{"line":51,"column":4},"end":{"line":51,"column":16}},"32":{"start":{"line":58,"column":4},"end":{"line":60,"column":5}},"33":{"start":{"line":59,"column":6},"end":{"line":59,"column":37}},"34":{"start":{"line":61,"column":4},"end":{"line":63,"column":5}},"35":{"start":{"line":62,"column":6},"end":{"line":62,"column":62}},"36":{"start":{"line":64,"column":4},"end":{"line":66,"column":5}},"37":{"start":{"line":65,"column":6},"end":{"line":65,"column":43}},"38":{"start":{"line":67,"column":4},"end":{"line":67,"column":16}},"39":{"start":{"line":74,"column":27},"end":{"line":74,"column":85}},"40":{"start":{"line":75,"column":4},"end":{"line":77,"column":5}},"41":{"start":{"line":76,"column":6},"end":{"line":76,"column":49}},"42":{"start":{"line":78,"column":4},"end":{"line":80,"column":5}},"43":{"start":{"line":79,"column":6},"end":{"line":79,"column":37}},"44":{"start":{"line":81,"column":4},"end":{"line":81,"column":37}},"45":{"start":{"line":82,"column":4},"end":{"line":82,"column":16}},"46":{"start":{"line":89,"column":4},"end":{"line":91,"column":5}},"47":{"start":{"line":90,"column":6},"end":{"line":90,"column":40}},"48":{"start":{"line":92,"column":4},"end":{"line":92,"column":16}},"49":{"start":{"line":99,"column":4},"end":{"line":99,"column":37}},"50":{"start":{"line":100,"column":4},"end":{"line":100,"column":16}},"51":{"start":{"line":107,"column":4},"end":{"line":109,"column":5}},"52":{"start":{"line":108,"column":6},"end":{"line":108,"column":34}},"53":{"start":{"line":110,"column":4},"end":{"line":110,"column":16}},"54":{"start":{"line":117,"column":4},"end":{"line":117,"column":64}},"55":{"start":{"line":117,"column":49},"end":{"line":117,"column":62}},"56":{"start":{"line":118,"column":4},"end":{"line":118,"column":16}},"57":{"start":{"line":125,"column":4},"end":{"line":127,"column":5}},"58":{"start":{"line":126,"column":6},"end":{"line":126,"column":34}},"59":{"start":{"line":128,"column":4},"end":{"line":128,"column":16}},"60":{"start":{"line":135,"column":4},"end":{"line":135,"column":64}},"61":{"start":{"line":135,"column":49},"end":{"line":135,"column":62}},"62":{"start":{"line":136,"column":4},"end":{"line":136,"column":16}},"63":{"start":{"line":143,"column":4},"end":{"line":157,"column":6}},"64":{"start":{"line":164,"column":4},"end":{"line":182,"column":6}},"65":{"start":{"line":191,"column":4},"end":{"line":191,"column":30}},"66":{"start":{"line":192,"column":4},"end":{"line":192,"column":35}},"67":{"start":{"line":193,"column":4},"end":{"line":193,"column":32}},"68":{"start":{"line":200,"column":4},"end":{"line":202,"column":5}},"69":{"start":{"line":201,"column":6},"end":{"line":201,"column":48}},"70":{"start":{"line":203,"column":4},"end":{"line":205,"column":5}},"71":{"start":{"line":204,"column":6},"end":{"line":204,"column":48}},"72":{"start":{"line":206,"column":4},"end":{"line":208,"column":5}},"73":{"start":{"line":207,"column":6},"end":{"line":207,"column":50}},"74":{"start":{"line":210,"column":20},"end":{"line":210,"column":81}},"75":{"start":{"line":211,"column":4},"end":{"line":211,"column":39}},"76":{"start":{"line":212,"column":4},"end":{"line":212,"column":45}},"77":{"start":{"line":213,"column":4},"end":{"line":213,"column":39}},"78":{"start":{"line":214,"column":4},"end":{"line":214,"column":19}},"79":{"start":{"line":221,"column":4},"end":{"line":221,"column":37}},"80":{"start":{"line":228,"column":19},"end":{"line":228,"column":51}},"81":{"start":{"line":229,"column":4},"end":{"line":229,"column":53}},"82":{"start":{"line":236,"column":19},"end":{"line":236,"column":45}},"83":{"start":{"line":237,"column":4},"end":{"line":237,"column":53}},"84":{"start":{"line":244,"column":20},"end":{"line":244,"column":45}},"85":{"start":{"line":245,"column":4},"end":{"line":250,"column":5}},"86":{"start":{"line":246,"column":6},"end":{"line":246,"column":50}},"87":{"start":{"line":247,"column":6},"end":{"line":247,"column":44}},"88":{"start":{"line":248,"column":6},"end":{"line":248,"column":35}},"89":{"start":{"line":249,"column":6},"end":{"line":249,"column":18}},"90":{"start":{"line":251,"column":4},"end":{"line":251,"column":17}},"91":{"start":{"line":258,"column":20},"end":{"line":258,"column":22}},"92":{"start":{"line":259,"column":23},"end":{"line":259,"column":42}},"93":{"start":{"line":261,"column":4},"end":{"line":269,"column":5}},"94":{"start":{"line":262,"column":23},"end":{"line":262,"column":79}},"95":{"start":{"line":263,"column":6},"end":{"line":268,"column":7}},"96":{"start":{"line":267,"column":8},"end":{"line":267,"column":49}},"97":{"start":{"line":271,"column":4},"end":{"line":271,"column":19}},"98":{"start":{"line":278,"column":20},"end":{"line":278,"column":45}},"99":{"start":{"line":279,"column":4},"end":{"line":282,"column":5}},"100":{"start":{"line":280,"column":6},"end":{"line":280,"column":32}},"101":{"start":{"line":281,"column":6},"end":{"line":281,"column":18}},"102":{"start":{"line":283,"column":4},"end":{"line":283,"column":17}},"103":{"start":{"line":290,"column":20},"end":{"line":290,"column":45}},"104":{"start":{"line":291,"column":4},"end":{"line":294,"column":5}},"105":{"start":{"line":292,"column":6},"end":{"line":292,"column":37}},"106":{"start":{"line":293,"column":6},"end":{"line":293,"column":18}},"107":{"start":{"line":295,"column":4},"end":{"line":295,"column":17}},"108":{"start":{"line":300,"column":0},"end":{"line":300,"column":49}}},"fnMap":{"0":{"name":"(anonymous_0)","decl":{"start":{"line":7,"column":2},"end":{"line":7,"column":3}},"loc":{"start":{"line":7,"column":60},"end":{"line":29,"column":3}},"line":7},"1":{"name":"(anonymous_1)","decl":{"start":{"line":34,"column":2},"end":{"line":34,"column":3}},"loc":{"start":{"line":34,"column":69},"end":{"line":41,"column":3}},"line":34},"2":{"name":"(anonymous_2)","decl":{"start":{"line":46,"column":2},"end":{"line":46,"column":3}},"loc":{"start":{"line":46,"column":28},"end":{"line":52,"column":3}},"line":46},"3":{"name":"(anonymous_3)","decl":{"start":{"line":57,"column":2},"end":{"line":57,"column":3}},"loc":{"start":{"line":57,"column":56},"end":{"line":68,"column":3}},"line":57},"4":{"name":"(anonymous_4)","decl":{"start":{"line":73,"column":2},"end":{"line":73,"column":3}},"loc":{"start":{"line":73,"column":31},"end":{"line":83,"column":3}},"line":73},"5":{"name":"(anonymous_5)","decl":{"start":{"line":88,"column":2},"end":{"line":88,"column":3}},"loc":{"start":{"line":88,"column":29},"end":{"line":93,"column":3}},"line":88},"6":{"name":"(anonymous_6)","decl":{"start":{"line":98,"column":2},"end":{"line":98,"column":3}},"loc":{"start":{"line":98,"column":18},"end":{"line":101,"column":3}},"line":98},"7":{"name":"(anonymous_7)","decl":{"start":{"line":106,"column":2},"end":{"line":106,"column":3}},"loc":{"start":{"line":106,"column":21},"end":{"line":111,"column":3}},"line":106},"8":{"name":"(anonymous_8)","decl":{"start":{"line":116,"column":2},"end":{"line":116,"column":3}},"loc":{"start":{"line":116,"column":23},"end":{"line":119,"column":3}},"line":116},"9":{"name":"(anonymous_9)","decl":{"start":{"line":117,"column":43},"end":{"line":117,"column":44}},"loc":{"start":{"line":117,"column":49},"end":{"line":117,"column":62}},"line":117},"10":{"name":"(anonymous_10)","decl":{"start":{"line":124,"column":2},"end":{"line":124,"column":3}},"loc":{"start":{"line":124,"column":22},"end":{"line":129,"column":3}},"line":124},"11":{"name":"(anonymous_11)","decl":{"start":{"line":134,"column":2},"end":{"line":134,"column":3}},"loc":{"start":{"line":134,"column":25},"end":{"line":137,"column":3}},"line":134},"12":{"name":"(anonymous_12)","decl":{"start":{"line":135,"column":43},"end":{"line":135,"column":44}},"loc":{"start":{"line":135,"column":49},"end":{"line":135,"column":62}},"line":135},"13":{"name":"(anonymous_13)","decl":{"start":{"line":142,"column":2},"end":{"line":142,"column":3}},"loc":{"start":{"line":142,"column":21},"end":{"line":158,"column":3}},"line":142},"14":{"name":"(anonymous_14)","decl":{"start":{"line":163,"column":2},"end":{"line":163,"column":3}},"loc":{"start":{"line":163,"column":19},"end":{"line":183,"column":3}},"line":163},"15":{"name":"(anonymous_15)","decl":{"start":{"line":190,"column":2},"end":{"line":190,"column":3}},"loc":{"start":{"line":190,"column":16},"end":{"line":194,"column":3}},"line":190},"16":{"name":"(anonymous_16)","decl":{"start":{"line":199,"column":2},"end":{"line":199,"column":3}},"loc":{"start":{"line":199,"column":62},"end":{"line":215,"column":3}},"line":199},"17":{"name":"(anonymous_17)","decl":{"start":{"line":220,"column":2},"end":{"line":220,"column":3}},"loc":{"start":{"line":220,"column":25},"end":{"line":222,"column":3}},"line":220},"18":{"name":"(anonymous_18)","decl":{"start":{"line":227,"column":2},"end":{"line":227,"column":3}},"loc":{"start":{"line":227,"column":33},"end":{"line":230,"column":3}},"line":227},"19":{"name":"(anonymous_19)","decl":{"start":{"line":235,"column":2},"end":{"line":235,"column":3}},"loc":{"start":{"line":235,"column":27},"end":{"line":238,"column":3}},"line":235},"20":{"name":"(anonymous_20)","decl":{"start":{"line":243,"column":2},"end":{"line":243,"column":3}},"loc":{"start":{"line":243,"column":24},"end":{"line":252,"column":3}},"line":243},"21":{"name":"(anonymous_21)","decl":{"start":{"line":257,"column":2},"end":{"line":257,"column":3}},"loc":{"start":{"line":257,"column":24},"end":{"line":272,"column":3}},"line":257},"22":{"name":"(anonymous_22)","decl":{"start":{"line":277,"column":2},"end":{"line":277,"column":3}},"loc":{"start":{"line":277,"column":21},"end":{"line":284,"column":3}},"line":277},"23":{"name":"(anonymous_23)","decl":{"start":{"line":289,"column":2},"end":{"line":289,"column":3}},"loc":{"start":{"line":289,"column":26},"end":{"line":296,"column":3}},"line":289}},"branchMap":{"0":{"loc":{"start":{"line":35,"column":4},"end":{"line":35,"column":60}},"type":"if","locations":[{"start":{"line":35,"column":4},"end":{"line":35,"column":60}},{"start":{},"end":{}}],"line":35},"1":{"loc":{"start":{"line":36,"column":4},"end":{"line":36,"column":57}},"type":"if","locations":[{"start":{"line":36,"column":4},"end":{"line":36,"column":57}},{"start":{},"end":{}}],"line":36},"2":{"loc":{"start":{"line":37,"column":4},"end":{"line":37,"column":42}},"type":"if","locations":[{"start":{"line":37,"column":4},"end":{"line":37,"column":42}},{"start":{},"end":{}}],"line":37},"3":{"loc":{"start":{"line":38,"column":4},"end":{"line":38,"column":54}},"type":"if","locations":[{"start":{"line":38,"column":4},"end":{"line":38,"column":54}},{"start":{},"end":{}}],"line":38},"4":{"loc":{"start":{"line":39,"column":4},"end":{"line":39,"column":57}},"type":"if","locations":[{"start":{"line":39,"column":4},"end":{"line":39,"column":57}},{"start":{},"end":{}}],"line":39},"5":{"loc":{"start":{"line":47,"column":4},"end":{"line":49,"column":5}},"type":"if","locations":[{"start":{"line":47,"column":4},"end":{"line":49,"column":5}},{"start":{},"end":{}}],"line":47},"6":{"loc":{"start":{"line":47,"column":8},"end":{"line":47,"column":70}},"type":"binary-expr","locations":[{"start":{"line":47,"column":8},"end":{"line":47,"column":31}},{"start":{"line":47,"column":35},"end":{"line":47,"column":70}}],"line":47},"7":{"loc":{"start":{"line":58,"column":4},"end":{"line":60,"column":5}},"type":"if","locations":[{"start":{"line":58,"column":4},"end":{"line":60,"column":5}},{"start":{},"end":{}}],"line":58},"8":{"loc":{"start":{"line":58,"column":8},"end":{"line":58,"column":60}},"type":"binary-expr","locations":[{"start":{"line":58,"column":8},"end":{"line":58,"column":13}},{"start":{"line":58,"column":17},"end":{"line":58,"column":60}}],"line":58},"9":{"loc":{"start":{"line":61,"column":4},"end":{"line":63,"column":5}},"type":"if","locations":[{"start":{"line":61,"column":4},"end":{"line":63,"column":5}},{"start":{},"end":{}}],"line":61},"10":{"loc":{"start":{"line":64,"column":4},"end":{"line":66,"column":5}},"type":"if","locations":[{"start":{"line":64,"column":4},"end":{"line":66,"column":5}},{"start":{},"end":{}}],"line":64},"11":{"loc":{"start":{"line":64,"column":8},"end":{"line":64,"column":63}},"type":"binary-expr","locations":[{"start":{"line":64,"column":8},"end":{"line":64,"column":16}},{"start":{"line":64,"column":20},"end":{"line":64,"column":63}}],"line":64},"12":{"loc":{"start":{"line":75,"column":4},"end":{"line":77,"column":5}},"type":"if","locations":[{"start":{"line":75,"column":4},"end":{"line":77,"column":5}},{"start":{},"end":{}}],"line":75},"13":{"loc":{"start":{"line":78,"column":4},"end":{"line":80,"column":5}},"type":"if","locations":[{"start":{"line":78,"column":4},"end":{"line":80,"column":5}},{"start":{},"end":{}}],"line":78},"14":{"loc":{"start":{"line":78,"column":8},"end":{"line":78,"column":58}},"type":"binary-expr","locations":[{"start":{"line":78,"column":8},"end":{"line":78,"column":31}},{"start":{"line":78,"column":35},"end":{"line":78,"column":58}}],"line":78},"15":{"loc":{"start":{"line":89,"column":4},"end":{"line":91,"column":5}},"type":"if","locations":[{"start":{"line":89,"column":4},"end":{"line":91,"column":5}},{"start":{},"end":{}}],"line":89},"16":{"loc":{"start":{"line":107,"column":4},"end":{"line":109,"column":5}},"type":"if","locations":[{"start":{"line":107,"column":4},"end":{"line":109,"column":5}},{"start":{},"end":{}}],"line":107},"17":{"loc":{"start":{"line":125,"column":4},"end":{"line":127,"column":5}},"type":"if","locations":[{"start":{"line":125,"column":4},"end":{"line":127,"column":5}},{"start":{},"end":{}}],"line":125},"18":{"loc":{"start":{"line":200,"column":4},"end":{"line":202,"column":5}},"type":"if","locations":[{"start":{"line":200,"column":4},"end":{"line":202,"column":5}},{"start":{},"end":{}}],"line":200},"19":{"loc":{"start":{"line":203,"column":4},"end":{"line":205,"column":5}},"type":"if","locations":[{"start":{"line":203,"column":4},"end":{"line":205,"column":5}},{"start":{},"end":{}}],"line":203},"20":{"loc":{"start":{"line":206,"column":4},"end":{"line":208,"column":5}},"type":"if","locations":[{"start":{"line":206,"column":4},"end":{"line":208,"column":5}},{"start":{},"end":{}}],"line":206},"21":{"loc":{"start":{"line":229,"column":11},"end":{"line":229,"column":52}},"type":"cond-expr","locations":[{"start":{"line":229,"column":20},"end":{"line":229,"column":45}},{"start":{"line":229,"column":48},"end":{"line":229,"column":52}}],"line":229},"22":{"loc":{"start":{"line":237,"column":11},"end":{"line":237,"column":52}},"type":"cond-expr","locations":[{"start":{"line":237,"column":20},"end":{"line":237,"column":45}},{"start":{"line":237,"column":48},"end":{"line":237,"column":52}}],"line":237},"23":{"loc":{"start":{"line":245,"column":4},"end":{"line":250,"column":5}},"type":"if","locations":[{"start":{"line":245,"column":4},"end":{"line":250,"column":5}},{"start":{},"end":{}}],"line":245},"24":{"loc":{"start":{"line":263,"column":6},"end":{"line":268,"column":7}},"type":"if","locations":[{"start":{"line":263,"column":6},"end":{"line":268,"column":7}},{"start":{},"end":{}}],"line":263},"25":{"loc":{"start":{"line":264,"column":8},"end":{"line":265,"column":37}},"type":"binary-expr","locations":[{"start":{"line":264,"column":8},"end":{"line":264,"column":59}},{"start":{"line":265,"column":8},"end":{"line":265,"column":37}}],"line":264},"26":{"loc":{"start":{"line":279,"column":4},"end":{"line":282,"column":5}},"type":"if","locations":[{"start":{"line":279,"column":4},"end":{"line":282,"column":5}},{"start":{},"end":{}}],"line":279},"27":{"loc":{"start":{"line":291,"column":4},"end":{"line":294,"column":5}},"type":"if","locations":[{"start":{"line":291,"column":4},"end":{"line":294,"column":5}},{"start":{},"end":{}}],"line":291}},"s":{"0":21,"1":21,"2":21,"3":21,"4":21,"5":21,"6":21,"7":21,"8":21,"9":21,"10":21,"11":21,"12":21,"13":21,"14":21,"15":21,"16":21,"17":1,"18":1,"19":1,"20":1,"21":1,"22":1,"23":1,"24":1,"25":1,"26":1,"27":1,"28":2,"29":1,"30":1,"31":1,"32":2,"33":1,"34":2,"35":1,"36":2,"37":1,"38":2,"39":3,"40":3,"41":1,"42":2,"43":1,"44":1,"45":1,"46":1,"47":1,"48":1,"49":2,"50":2,"51":1,"52":1,"53":1,"54":1,"55":1,"56":1,"57":1,"58":1,"59":1,"60":1,"61":1,"62":1,"63":4,"64":1,"65":5,"66":5,"67":5,"68":13,"69":1,"70":12,"71":1,"72":11,"73":1,"74":10,"75":10,"76":10,"77":10,"78":10,"79":3,"80":2,"81":2,"82":2,"83":2,"84":2,"85":2,"86":1,"87":1,"88":1,"89":1,"90":1,"91":2,"92":2,"93":2,"94":4,"95":4,"96":3,"97":2,"98":1,"99":1,"100":1,"101":1,"102":0,"103":1,"104":1,"105":1,"106":1,"107":0,"108":1},"f":{"0":21,"1":1,"2":2,"3":2,"4":3,"5":1,"6":2,"7":1,"8":1,"9":1,"10":1,"11":1,"12":1,"13":4,"14":1,"15":5,"16":13,"17":3,"18":2,"19":2,"20":2,"21":2,"22":1,"23":1},"b":{"0":[1,0],"1":[1,0],"2":[1,0],"3":[1,0],"4":[1,0],"5":[1,1],"6":[2,2],"7":[1,1],"8":[2,2],"9":[1,1],"10":[1,1],"11":[2,2],"12":[1,2],"13":[1,1],"14":[2,2],"15":[1,0],"16":[1,0],"17":[1,0],"18":[1,12],"19":[1,11],"20":[1,10],"21":[1,1],"22":[1,1],"23":[1,1],"24":[3,1],"25":[4,2],"26":[1,0],"27":[1,0]},"_coverageSchema":"1a1c01bbd47fc00a2c39e90264f33305004495a9","hash":"4a9a1c1614838b5cf14d65d55805e1c67dd39b6e"}
,"C:\\Users\\HP\\Videos\\FreeLancer-Management-2\\pages\\homeInteractions.js": {"path":"C:\\Users\\HP\\Videos\\FreeLancer-Management-2\\pages\\homeInteractions.js","statementMap":{"0":{"start":{"line":3,"column":2},"end":{"line":11,"column":5}},"1":{"start":{"line":4,"column":4},"end":{"line":10,"column":7}},"2":{"start":{"line":5,"column":6},"end":{"line":5,"column":25}},"3":{"start":{"line":6,"column":21},"end":{"line":6,"column":70}},"4":{"start":{"line":7,"column":6},"end":{"line":9,"column":7}},"5":{"start":{"line":8,"column":8},"end":{"line":8,"column":54}},"6":{"start":{"line":15,"column":16},"end":{"line":15,"column":49}},"7":{"start":{"line":16,"column":2},"end":{"line":16,"column":36}},"8":{"start":{"line":17,"column":2},"end":{"line":17,"column":45}},"9":{"start":{"line":18,"column":2},"end":{"line":18,"column":35}},"10":{"start":{"line":19,"column":2},"end":{"line":19,"column":49}},"11":{"start":{"line":19,"column":19},"end":{"line":19,"column":42}},"12":{"start":{"line":20,"column":2},"end":{"line":20,"column":50}},"13":{"start":{"line":20,"column":19},"end":{"line":20,"column":42}},"14":{"start":{"line":21,"column":2},"end":{"line":21,"column":41}},"15":{"start":{"line":21,"column":19},"end":{"line":21,"column":33}},"16":{"start":{"line":25,"column":22},"end":{"line":25,"column":69}},"17":{"start":{"line":26,"column":2},"end":{"line":36,"column":3}},"18":{"start":{"line":27,"column":4},"end":{"line":35,"column":7}},"19":{"start":{"line":28,"column":20},"end":{"line":28,"column":51}},"20":{"start":{"line":29,"column":27},"end":{"line":29,"column":69}},"21":{"start":{"line":30,"column":6},"end":{"line":34,"column":9}},"22":{"start":{"line":31,"column":22},"end":{"line":31,"column":79}},"23":{"start":{"line":32,"column":28},"end":{"line":32,"column":84}},"24":{"start":{"line":33,"column":8},"end":{"line":33,"column":110}},"25":{"start":{"line":40,"column":20},"end":{"line":40,"column":62}},"26":{"start":{"line":41,"column":23},"end":{"line":41,"column":66}},"27":{"start":{"line":42,"column":2},"end":{"line":46,"column":3}},"28":{"start":{"line":43,"column":4},"end":{"line":45,"column":7}},"29":{"start":{"line":44,"column":6},"end":{"line":44,"column":58}},"30":{"start":{"line":50,"column":21},"end":{"line":50,"column":59}},"31":{"start":{"line":51,"column":15},"end":{"line":51,"column":46}},"32":{"start":{"line":53,"column":2},"end":{"line":70,"column":3}},"33":{"start":{"line":54,"column":4},"end":{"line":57,"column":7}},"34":{"start":{"line":55,"column":6},"end":{"line":55,"column":26}},"35":{"start":{"line":56,"column":6},"end":{"line":56,"column":36}},"36":{"start":{"line":59,"column":4},"end":{"line":63,"column":7}},"37":{"start":{"line":60,"column":6},"end":{"line":62,"column":7}},"38":{"start":{"line":61,"column":8},"end":{"line":61,"column":38}},"39":{"start":{"line":65,"column":4},"end":{"line":69,"column":7}},"40":{"start":{"line":66,"column":6},"end":{"line":68,"column":9}},"41":{"start":{"line":67,"column":8},"end":{"line":67,"column":38}}},"fnMap":{"0":{"name":"initSmoothScroll","d
[...]
stone.js": {"path":"C:\\Users\\HP\\Videos\\FreeLancer-Management-2\\pages\\milestone.js","statementMap":{"0":{"start":{"line":5,"column":4},"end":{"line":5,"column":30}},"1":{"start":{"line":6,"column":4},"end":{"line":6,"column":33}},"2":{"start":{"line":7,"column":4},"end":{"line":7,"column":30}},"3":{"start":{"line":8,"column":4},"end":{"line":8,"column":32}},"4":{"start":{"line":13,"column":4},"end":{"line":15,"column":5}},"5":{"start":{"line":14,"column":6},"end":{"line":14,"column":55}},"6":{"start":{"line":17,"column":4},"end":{"line":26,"column":7}},"7":{"start":{"line":28,"column":4},"end":{"line":28,"column":44}},"8":{"start":{"line":33,"column":22},"end":{"line":33,"column":52}},"9":{"start":{"line":35,"column":4},"end":{"line":47,"column":7}},"10":{"start":{"line":49,"column":4},"end":{"line":49,"column":21}},"11":{"start":{"line":54,"column":20},"end":{"line":54,"column":46}},"12":{"start":{"line":55,"column":23},"end":{"line":55,"column":55}},"13":{"start":{"line":57,"column":4},"end":{"line":59,"column":5}},"14":{"start":{"line":58,"column":6},"end":{"line":58,"column":68}},"15":{"start":{"line":61,"column":4},"end":{"line":61,"column":46}},"16":{"start":{"line":62,"column":4},"end":{"line":62,"column":30}},"17":{"start":{"line":64,"column":4},"end":{"line":64,"column":35}},"18":{"start":{"line":65,"column":4},"end":{"line":65,"column":39}},"19":{"start":{"line":67,"column":4},"end":{"line":67,"column":16}},"20":{"start":{"line":72,"column":20},"end":{"line":72,"column":46}},"21":{"start":{"line":73,"column":24},"end":{"line":73,"column":56}},"22":{"start":{"line":75,"column":22},"end":{"line":86,"column":5}},"23":{"start":{"line":88,"column":4},"end":{"line":88,"column":39}},"24":{"start":{"line":89,"column":4},"end":{"line":89,"column":23}},"25":{"start":{"line":94,"column":22},"end":{"line":94,"column":63}},"26":{"start":{"line":96,"column":4},"end":{"line":103,"column":7}},"27":{"start":{"line":105,"column":4},"end":{"line":105,"column":34}},"28":{"start":{"line":110,"column":17},"end":{"line":110,"column":61}},"29":{"start":{"line":112,"column":26},"end":{"line":112,"column":76}},"30":{"start":{"line":113,"column":4},"end":{"line":115,"column":5}},"31":{"start":{"line":114,"column":6},"end":{"line":114,"column":45}},"32":{"start":{"line":117,"column":4},"end":{"line":117,"column":25}},"33":{"start":{"line":119,"column":4},"end":{"line":121,"column":5}},"34":{"start":{"line":120,"column":6},"end":{"line":120,"column":38}},"35":{"start":{"line":124,"column":4},"end":{"line":124,"column":57}},"36":{"start":{"line":126,"column":4},"end":{"line":126,"column":16}},"37":{"start":{"line":131,"column":22},"end":{"line":131,"column":63}},"38":{"start":{"line":132,"column":20},"end":{"line":132,"column":46}},"39":{"start":{"line":134,"column":4},"end":{"line":134,"column":47}},"40":{"start":{"line":134,"column":38},"end":{"line":134,"column":47}},"41":{"start":{"line":136,"column":27},"end":{"line":136,"column":87}},"42":{"start":{"line":136,"column":55},"end":{"line":136,"column":79}},"43":{"start":{"line":137,"column":4},"end":{"line":137,"column":85}},"44":{"start":{"line":139,"column":4},"end":{"line":145,"column":5}},"45":{"start":{"line":140,"column":6},"end":{"line":140,"column":37}},"46":{"start":{"line":141,"column":6},"end":{"line":141,"column":43}},"47":{"start":{"line":143,"column":25},"end":{"line":143,"column":71}},"48":{"start":{"line":144,"column":6},"end":{"line":144,"column":42}},"49":{"start":{"line":148,"column":4},"end":{"line":148,"column":42}},"50":{"start":{"line":150,"column":4},"end":{"line":150,"column":30}},"51":{"start":{"line":155,"column":20},"end":{"line":155,"column":46}},"52":{"start":{"line":157,"column":4},"end":{"line":157,"column":50}},"53":{"start":{"line":157,"column":41},"end":{"line":157,"column":50}},"54":{"start":{"line":159,"column":32},"end":{"line":159,"column":95}},"55":{"start":{"line":159,"column":63},"end":{"line":159,"column":87}},"56":{"start":{"line":160,"column":4},"end":{"line":160,"column":91}},"57":{"start":{"line":162,"column":4},"end":{"line":169,"column":5}},"58":{"start":{"line":163,"column":6},"end":{"line":163,"column":35}},"59":{"start":{"line":165,"column":25},"end":{"line":165,"column":71}},"60":{"start":{"line":166,"column":6},"end":{"line":166,"column":37}},"61":{"start":{"line":167,"column":6},"end":{"line":167,"column":40}},"62":{"start":{"line":168,"column":6},"end":{"line":168,"column":41}},"63":{"start":{"line":171,"column":4},"end":{"line":171,"column":28}},"64":{"start":{"line":176,"column":20},"end":{"line":176,"column":48}},"65":{"start":{"line":177,"column":4},"end":{"line":177,"column":55}},"66":{"start":{"line":177,"column":18},"end":{"line":177,"column":55}},"67":{"start":{"line":178,"column":4},"end":{"line":178,"column":19}},"68":{"start":{"line":183,"column":23},"end":{"line":183,"column":57}},"69":{"start":{"line":184,"column":4},"end":{"line":184,"column":61}},"70":{"start":{"line":184,"column":21},"end":{"line":184,"column":61}},"71":{"start":{"line":185,"column":4},"end":{"line":185,"column":22}},"72":{"start":{"line":190,"column":20},"end":{"line":190,"column":46}},"73":{"start":{"line":191,"column":22},"end":{"line":191,"column":72}},"74":{"start":{"line":191,"column":51},"end":{"line":191,"column":71}},"75":{"start":{"line":192,"column":4},"end":{"line":192,"column":59}},"76":{"start":{"line":192,"column":20},"end":{"line":192,"column":59}},"77":{"start":{"line":193,"column":4},"end":{"line":193,"column":21}},"78":{"start":{"line":198,"column":22},"end":{"line":198,"column":63}},"79":{"start":{"line":199,"column":17},"end":{"line":199,"column":59}},"80":{"start":{"line":199,"column":43},"end":{"line":199,"column":58}},"81":{"start":{"line":200,"column":4},"end":{"line":200,"column":49}},"82":{"start":{"line":200,"column":15},"end":{"line":200,"column":49}},"83":{"start":{"line":201,"column":4},"end":{"line":201,"column":16}},"84":{"start":{"line":206,"column":21},"end":{"line":206,"column":23}},"85":{"start":{"line":207,"column":4},"end":{"line":217,"column":5}},"86":{"start":{"line":208,"column":6},"end":{"line":216,"column":7}},"87":{"start":{"line":209,"column":8},"end":{"line":215,"column":11}},"88":{"start":{"line":218,"column":4},"end":{"line":218,"column":20}},"89":{"start":{"line":223,"column":20},"end":{"line":223,"column":46}},"90":{"start":{"line":224,"column":4},"end":{"line":230,"column":8}},"91":{"start":{"line":224,"column":40},"end":{"line":230,"column":5}},"92":{"start":{"line":235,"column":22},"end":{"line":235,"column":63}},"93":{"start":{"line":236,"column":4},"end":{"line":236,"column":27}},"94":{"start":{"line":241,"column":23},"end":{"line":241,"column":55}},"95":{"start":{"line":243,"column":4},"end":{"line":245,"column":5}},"96":{"start":{"line":244,"column":6},"end":{"line":244,"column":56}},"97":{"start":{"line":248,"column":4},"end":{"line":250,"column":66}},"98":{"start":{"line":252,"column":4},"end":{"line":252,"column":29}},"99":{"start":{"line":257,"column":24},"end":{"line":257,"column":25}},"100":{"start":{"line":258,"column":28},"end":{"line":258,"column":29}},"101":{"start":{"line":259,"column":28},"end":{"line":259,"column":29}},"102":{"start":{"line":260,"column":26},"end":{"line":260,"column":27}},"103":{"start":{"line":261,"column":30},"end":{"line":261,"column":31}},"104":{"start":{"line":263,"column":4},"end":{"line":266,"column":7}},"105":{"start":{"line":264,"column":6},"end":{"line":264,"column":22}},"106":{"start":{"line":265,"column":6},"end":{"line":265,"column":62}},"107":{"start":{"line":265,"column":42},"end":{"line":265,"column":62}},"108":{"start":{"line":268,"column":4},"end":{"line":272,"column":7}},"109":{"start":{"line":269,"column":6},"end":{"line":269,"column":61}},"110":{"start":{"line":269,"column":41},"end":{"line":269,"column":61}},"111":{"start":{"line":270,"column":6},"end":{"line":270,"column":56}},"112":{"start":{"line":271,"column":6},"end":{"line":271,"column":60}},"113":{"start":{"line":274,"column":4},"end":{"line":283,"column":6}},"114":{"start":{"line":287,"column":0},"end":{"line":287,"column":34}}},"fnMap":{"0":{"name":"(anonymous_0)","decl":{"start":{"line":4,"column":2},"end":{"line":4,"column":3}},"loc":{"start":{"line":4,"column":16},"end":{"line":9,"column":3}},"line":4},"1":{"name":"(anonymous_1)","decl":{"start":{"line":12,"column":2},"end":{"line":12,"column":3}},"loc":{"start":{"line":12,"column":54},"end":{"line":29,"column":3}},"line":12},"2":{"name":"(anonymous_2)","decl":{"start":{"line":32,"column":2},"end":{"line":32,"column":3}},"loc":{"start":{"line":32,"column":64},"end":{"line":50,"column":3}},"line":32},"3":{"name":"(anonymous_3)","decl":{"start":{"line":53,"column":2},"end":{"line":53,"column":3}},"loc":{"start":{"line":53,"column":44},"end":{"line":68,"column":3}},"line":53},"4":{"name":"(anonymous_4)","decl":{"start":{"line":71,"column":2},"end":{"line":71,"column":3}},"loc":{"start":{"line":71,"column":75},"end":{"line":90,"column":3}},"line":71},"5":{"name":"(anonymous_5)","decl":{"start":{"line":93,"column":2},"end":{"line":93,"column":3}},"loc":{"start":{"line":93,"column":72},"end":{"line":106,"column":3}},"line":93},"6":{"name":"(anonymous_6)","decl":{"start":{"line":109,"column":2},"end":{"line":109,"column":3}},"loc":{"start":{"line":109,"column":59},"end":{"line":127,"column":3}},"line":109},"7":{"name":"(anonymous_7)","decl":{"start":{"line":130,"column":2},"end":{"line":130,"column":3}},"loc":{"start":{"line":130,"column":50},"end":{"line":151,"column":3}},"line":130},"8":{"name":"(anonymous_8)","decl":{"start":{"line":136,"column":50},"end":{"line":136,"column":51}},"loc":{"start":{"line":136,"column":55},"end":{"line":136,"column":79}},"line":136},"9":{"name":"(anonymous_9)","decl":{"start":{"line":154,"column":2},"end":{"line":154,"column":3}},"loc":{"start":{"line":154,"column":35},"end":{"line":172,"column":3}},"line":154},"10":{"name":"(anonymous_10)","decl":{"start":{"line":159,"column":58},"end":{"line":159,"column":59}},"loc":{"start":{"line":159,"column":63},"end":{"line":159,"column":87}},"line":159},"11":{"name":"(anonymous_11)","decl":{"start":{"line":175,"column":2},"end":{"line":175,"column":3}},"loc":{"start":{"line":175,"column":24},"end":{"line":179,"column":3}},"line":175},"12":{"name":"(anonymous_12)","decl":{"start":{"line":182,"column":2},"end":{"line":182,"column":3}},"loc":{"start":{"line":182,"column":30},"end":{"line":186,"column":3}},"line":182},"13":{"name":"(anonymous_13)","decl":{"start":{"line":189,"column":2},"end":{"line":189,"column":3}},"loc":{"start":{"line":189,"column":39},"end":{"line":194,"column":3}},"line":189},"14":{"name":"(anonymous_14)","decl":{"start":{"line":191,"column":46},"end":{"line":191,"column":47}},"loc":{"start":{"line":191,"column":51},"end":{"line":191,"column":71}},"line":191},"15":{"name":"(anonymous_15)","decl":{"start":{"line":197,"column":2},"end":{"line":197,"column":3}},"loc":{"start":{"line":197,"column":42},"end":{"line":202,"column":3}},"line":197},"16":{"name":"(anonymous_16)","decl":{"start":{"line":199,"column":38},"end":{"line":199,"column":39}},"loc":{"start":{"line":199,"column":43},"end":{"line":199,"column":58}},"line":199},"17":{"name":"(anonymous_17)","decl":{"start":{"line":205,"column":2},"end":{"line":205,"column":3}},"loc":{"start":{"line":205,"column":38},"end":{"line":219,"column":3}},"line":205},"18":{"name":"(anonymous_18)","decl":{"start":{"line":222,"column":2},"end":{"line":222,"column":3}},"loc":{"start":{"line":222,"column":34},"end":{"line":231,"column":3}},"line":222},"19":{"name":"(anonymous_19)","decl":{"start":{"line":224,"column":34},"end":{"line":224,"column":35}},"loc":{"start":{"line":224,"column":40},"end":{"line":230,"column":5}},"line":224},"20":{"name":"(anonymous_20)","decl":{"start":{"line":234,"column":2},"end":{"line":234,"column":3}},"loc":{"start":{"line":234,"column":44},"end":{"line":237,"column":3}},"line":234},"21":{"name":"(anonymous_21)","decl":{"start":{"line":240,"column":2},"end":{"line":240,"column":3}},"loc":{"start":{"line":240,"column":50},"end":{"line":253,"column":3}},"line":240},"22":{"name":"(anonymous_22)","decl":{"start":{"line":256,"column":2},"end":{"line":256,"column":3}},"loc":{"start":{"line":256,"column":21},"end":{"line":284,"column":3}},"line":256},"23":{"name":"(anonymous_23)","decl":{"start":{"line":263,"column":26},"end":{"line":263,"column":27}},"loc":{"start":{"line":263,"column":37},"end":{"line":266,"column":5}},"line":263},"24":{"name":"(anonymous_24)","decl":{"start":{"line":268,"column":29},"end":{"line":268,"column":30}},"loc":{"start":{"line":268,"column":43},"end":{"line":272,"column":5}},"line":268}},"branchMap":{"0":{"loc":{"start":{"line":12,"column":41},"end":{"line":12,"column":52}},"type":"default-arg","locations":[{"start":{"line":12,"column":50},"end":{"line":12,"column":52}}],"line":12},"1":{"loc":{"start":{"line":13,"column":4},"end":{"line":15,"column":5}},"type":"if","locations":[{"start":{"line":13,"column":4},"end":{"line":15,"column":5}},{"start":{},"end":{}}],"line":13},"2":{"loc":{"start":{"line":57,"column":4},"end":{"line":59,"column":5}},"type":"if","locations":[{"start":{"line":57,"column":4},"end":{"line":59,"column":5}},{"start":{},"end":{}}],"line":57},"3":{"loc":{"start":{"line":113,"column":4},"end":{"line":115,"column":5}},"type":"if","locations":[{"start":{"line":113,"column":4},"end":{"line":115,"column":5}},{"start":{},"end":{}}],"line":113},"4":{"loc":{"start":{"line":119,"column":4},"end":{"line":121,"column":5}},"type":"if","locations":[{"start":{"line":119,"column":4},"end":{"line":121,"column":5}},{"start":{},"end":{}}],"line":119},"5":{"loc":{"start":{"line":134,"column":4},"end":{"line":134,"column":47}},"type":"if","locations":[{"start":{"line":134,"column":4},"end":{"line":134,"column":47}},{"start":{},"end":{}}],"line":134},"6":{"loc":{"start":{"line":139,"column":4},"end":{"line":145,"column":5}},"type":"if","locations":[{"start":{"line":139,"column":4},"end":{"line":145,"column":5}},{"start":{},"end":{}}],"line":139},"7":{"loc":{"start":{"line":157,"column":4},"end":{"line":157,"column":50}},"type":"if","locations":[{"start":{"line":157,"column":4},"end":{"line":157,"column":50}},{"start":{},"end":{}}],"line":157},"8":{"loc":{"start":{"line":162,"column":4},"end":{"line":169,"column":5}},"type":"if","locations":[{"start":{"line":162,"column":4},"end":{"line":169,"column":5}},{"start":{},"end":{}}],"line":162},"9":{"loc":{"start":{"line":177,"column":4},"end":{"line":177,"column":55}},"type":"if","locations":[{"start":{"line":177,"column":4},"end":{"line":177,"column":55}},{"start":{},"end":{}}],"line":177},"10":{"loc":{"start":{"line":184,"column":4},"end":{"line":184,"column":61}},"type":"if","locations":[{"start":{"line":184,"column":4},"end":{"line":184,"column":61}},{"start":{},"end":{}}],"line":184},"11":{"loc":{"start":{"line":192,"column":4},"end":{"line":192,"column":59}},"type":"if","locations":[{"start":{"line":192,"column":4},"end":{"line":192,"column":59}},{"start":{},"end":{}}],"line":192},"12":{"loc":{"start":{"line":200,"column":4},"end":{"line":200,"column":49}},"type":"if","locations":[{"start":{"line":200,"column":4},"end":{"line":200,"column":49}},{"start":{},"end":{}}],"line":200},"13":{"loc":{"start":{"line":208,"column":6},"end":{"line":216,"column":7}},"type":"if","locations":[{"start":{"line":208,"column":6},"end":{"line":216,"column":7}},{"start":{},"end":{}}],"line":208},"14":{"loc":{"start":{"line":243,"column":4},"end":{"line":245,"column":5}},"type":"if","locations":[{"start":{"line":243,"column":4},"end":{"line":245,"column":5}},{"start":{},"end":{}}],"line":243},"15":{"loc":{"start":{"line":243,"column":8},"end":{"line":243,"column":38}},"type":"binary-expr","locations":[{"start":{"line":243,"column":8},"end":{"line":243,"column":21}},{"start":{"line":243,"column":25},"end":{"line":243,"column":38}}],"line":243},"16":{"loc":{"start":{"line":248,"column":24},"end":{"line":250,"column":65}},"type":"cond-expr","locations":[{"start":{"line":249,"column":6},"end":{"line":249,"column":15}},{"start":{"line":250,"column":6},"end":{"line":250,"column":65}}],"line":248},"17":{"loc":{"start":{"line":265,"column":6},"end":{"line":265,"column":62}},"type":"if","locations":[{"start":{"line":265,"column":6},"end":{"line":265,"column":62}},{"start":{},"end":{}}],"line":265},"18":{"loc":{"start":{"line":269,"column":6},"end":{"line":269,"column":61}},"type":"if","locations":[{"start":{"line":269,"column":6},"end":{"line":269,"column":61}},{"start":{},"end":{}}],"line":269},"19":{"loc":{"start":{"line":281,"column":22},"end":{"line":282,"column":65}},"type":"cond-expr","locations":[{"start":{"line":282,"column":8},"end":{"line":282,"column":61}},{"start":{"line":282,"column":64},"end":{"line":282,"column":65}}],"line":281}},"s":{"0":10,"1":10,"2":10,"3":10,"4":11,"5":1,"6":10,"7":10,"8":11,"9":11,"10":11,"11":11,"12":11,"13":11,"14":0,"15":11,"16":11,"17":11,"18":11,"19":11,"20":10,"21":10,"22":10,"23":10,"24":10,"25":3,"26":3,"27":3,"28":3,"29":3,"30":3,"31":0,"32":3,"33":3,"34":2,"35":3,"36":3,"37":3,"38":3,"39":3,"40":0,"41":3,"42":3,"43":3,"44":3,"45":2,"46":2,"47":2,"48":2,"49":3,"50":3,"51":3,"52":3,"53":0,"54":3,"55":3,"56":3,"57":3,"58":2,"59":2,"60":2,"61":2,"62":2,"63":3,"64":44,"65":44,"66":0,"67":44,"68":34,"69":34,"70":0,"71":34,"72":13,"73":13,"74":13,"75":13,"76":0,"77":13,"78":5,"79":5,"80":5,"81":5,"82":0,"83":5,"84":0,"85":0,"86":0,"87":0,"88":0,"89":1,"90":1,"91":1,"92":1,"93":1,"94":4,"95":4,"96":2,"97":2,"98":2,"99":0,"100":0,"101":0,"102":0,"103":0,"104":0,"105":0,"106":0,"107":0,"108":0,"109":0,"110":0,"111":0,"112":0,"113":0,"114":1},"f":{"0":10,"1":11,"2":11,"3":11,"4":10,"5":3,"6":3,"7":3,"8":3,"9":3,"10":3,"11":44,"12":34,"13":13,"14":13,"15":5,"16":5,"17":0,"18":1,"19":1,"20":1,"21":4,"22":0,"23":0,"24":0},"b":{"0":[1],"1":[1,10],"2":[0,11],"3":[0,3],"4":[2,1],"5":[0,3],"6":[2,1],"7":[0,3],"8":[2,1],"9":[0,44],"10":[0,34],"11":[0,13],"12":[0,5],"13":[0,0],"14":[2,2],"15":[4,3],"16":[1,1],"17":[0,0],"18":[0,0],"19":[0,0]},"_coverageSchema":"1a1c01bbd47fc00a2c39e90264f33305004495a9","hash":"e00d91e51a9f072c8c25e47be4d9fd23aaaef13f"}
,"C:\\Users\\HP\\Videos\\FreeLancer-Management-2\\pages\\script2.js": {"path":"C:\\Users\\HP\\Videos\\FreeLancer-Management-2\\pages\\script2.js","statementMap":{"0":{"start":{"line":1,"column":18},"end":{"line":1,"column":57}},"1":{"start":{"line":2,"column":16},"end":{"line":2,"column":58}},"2":{"start":{"line":3,"column":14},"end":{"line":3,"column":58}},"3":{"start":{"line":5,"column":0},"end":{"line":27,"column":3}},"4":{"start":{"line":6,"column":2},"end":{"line":6,"column":28}},"5":{"start":{"line":7,"column":2},"end":{"line":7,"column":42}},"6":{"start":{"line":8,"column":2},"end":{"line":8,"column":27}},"7":{"start":{"line":10,"column":2},"end":{"line":26,"column":11}},"8":{"start":{"line":12,"column":4},"end":{"line":12,"column":38}},"9":{"start":{"line":13,"column":4},"end":{"line":13,"column":42}},"10":{"start":{"line":14,"column":4},"end":{"line":14,"column":43}},"11":{"start":{"line":17,"column":4},"end":{"line":17,"column":60}},"12":{"start":{"line":18,"column":4},"end":{"line":18,"column":34}},"13":{"start":{"line":21,"column":4},"end":{"line":21,"column":35}},"14":{"start":{"line":22,"column":4},"end":{"line":22,"column":48}}},"fnMap":{"0":{"name":"(anonymous_0)","decl":{"start":{"line":5,"column":36},"end":{"line":5,"column":37}},"loc":{"start":{"line":5,"column":48},"end":{"line":27,"column":1}},"line":5},"1":{"name":"(anonymous_1)","decl":{"start":{"line":10,"column":13},"end":{"line":10,"column":14}},"loc":{"start":{"line":10,"column":25},"end":{"line":26,"column":3}},"line":10}},"branchMap":{},"s":{"0":1,"1":1,"2":1,"3":1,"4":3,"5":3,"6":3,"7":3,"8":1,"9":1,"10":1,"11":1,"12":1,"13":1,"14":1},"f":{"0":3,"1":1},"b":{},"_coverageSchema":"1a1c01bbd47fc00a2c39e90264f33305004495a9","hash":"45dc387fa5a733ebb563a2464c69cac11359adef"}
}
