{"C:\\Users\\HP\\Documents\\FreeLancer-Management-1\\Index2 scripts\\myadmin.js": {"path":"C:\\Users\\HP\\Documents\\FreeLancer-Management-1\\Index2 scripts\\myadmin.js","statementMap":{"0":{"start":{"line":4,"column":4},"end":{"line":4,"column":27}},"1":{"start":{"line":5,"column":4},"end":{"line":5,"column":30}},"2":{"start":{"line":6,"column":4},"end":{"line":6,"column":39}},"3":{"start":{"line":7,"column":4},"end":{"line":7,"column":37}},"4":{"start":{"line":8,"column":4},"end":{"line":8,"column":26}},"5":{"start":{"line":13,"column":4},"end":{"line":15,"column":5}},"6":{"start":{"line":14,"column":6},"end":{"line":14,"column":45}},"7":{"start":{"line":17,"column":23},"end":{"line":17,"column":47}},"8":{"start":{"line":18,"column":4},"end":{"line":20,"column":5}},"9":{"start":{"line":19,"column":6},"end":{"line":19,"column":43}},"10":{"start":{"line":22,"column":20},"end":{"line":31,"column":5}},"11":{"start":{"line":33,"column":4},"end":{"line":33,"column":36}},"12":{"start":{"line":34,"column":4},"end":{"line":34,"column":64}},"13":{"start":{"line":35,"column":4},"end":{"line":35,"column":19}},"14":{"start":{"line":40,"column":4},"end":{"line":42,"column":5}},"15":{"start":{"line":41,"column":6},"end":{"line":41,"column":47}},"16":{"start":{"line":44,"column":17},"end":{"line":44,"column":39}},"17":{"start":{"line":45,"column":4},"end":{"line":45,"column":49}},"18":{"start":{"line":45,"column":15},"end":{"line":45,"column":49}},"19":{"start":{"line":46,"column":4},"end":{"line":46,"column":16}},"20":{"start":{"line":51,"column":17},"end":{"line":51,"column":37}},"21":{"start":{"line":52,"column":4},"end":{"line":52,"column":27}},"22":{"start":{"line":53,"column":4},"end":{"line":53,"column":63}},"23":{"start":{"line":54,"column":4},"end":{"line":54,"column":16}},"24":{"start":{"line":59,"column":17},"end":{"line":59,"column":37}},"25":{"start":{"line":60,"column":4},"end":{"line":60,"column":28}},"26":{"start":{"line":61,"column":4},"end":{"line":65,"column":7}},"27":{"start":{"line":66,"column":4},"end":{"line":66,"column":76}},"28":{"start":{"line":67,"column":4},"end":{"line":67,"column":16}},"29":{"start":{"line":72,"column":17},"end":{"line":72,"column":37}},"30":{"start":{"line":73,"column":4},"end":{"line":75,"column":5}},"31":{"start":{"line":74,"column":6},"end":{"line":74,"column":47}},"32":{"start":{"line":77,"column":4},"end":{"line":77,"column":29}},"33":{"start":{"line":78,"column":4},"end":{"line":78,"column":42}},"34":{"start":{"line":79,"column":4},"end":{"line":79,"column":69}},"35":{"start":{"line":80,"column":4},"end":{"line":80,"column":16}},"36":{"start":{"line":85,"column":17},"end":{"line":85,"column":37}},"37":{"start":{"line":88,"column":4},"end":{"line":90,"column":5}},"38":{"start":{"line":89,"column":6},"end":{"line":89,"column":65}},"39":{"start":{"line":93,"column":4},"end":{"line":93,"column":26}},"40":{"start":{"line":94,"column":4},"end":{"line":99,"column":7}},"41":{"start":{"line":102,"column":4},"end":{"line":102,"column":30}},"42":{"start":{"line":105,"column":4},"end":{"line":107,"column":5}},"43":{"start":{"line":106,"column":6},"end":{"line":106,"column":44}},"44":{"start":{"line":109,"column":4},"end":{"line":109,"column":73}},"45":{"start":{"line":110,"column":4},"end":{"line":110,"column":16}},"46":{"start":{"line":115,"column":4},"end":{"line":117,"column":5}},"47":{"start":{"line":116,"column":6},"end":{"line":116,"column":60}},"48":{"start":{"line":119,"column":24},"end":{"line":119,"column":56}},"49":{"start":{"line":120,"column":4},"end":{"line":120,"column":40}},"50":{"start":{"line":121,"column":4},"end":{"line":121,"column":88}},"51":{"start":{"line":122,"column":4},"end":{"line":122,"column":23}},"52":{"start":{"line":127,"column":4},"end":{"line":129,"column":5}},"53":{"start":{"line":128,"column":6},"end":{"line":128,"column":60}},"54":{"start":{"line":131,"column":24},"end":{"line":131,"column":61}},"55":{"start":{"line":132,"column":4},"end":{"line":132,"column":34}},"56":{"start":{"line":133,"column":4},"end":{"line":133,"column":40}},"57":{"start":{"line":134,"column":4},"end":{"line":134,"column":40}},"58":{"start":{"line":135,"column":4},"end":{"line":135,"column":73}},"59":{"start":{"line":136,"column":4},"end":{"line":136,"column":23}},"60":{"start":{"line":140,"column":4},"end":{"line":146,"column":5}},"61":{"start":{"line":141,"column":6},"end":{"line":145,"column":7}},"62":{"start":{"line":142,"column":8},"end":{"line":144,"column":9}},"63":{"start":{"line":143,"column":10},"end":{"line":143,"column":22}},"64":{"start":{"line":147,"column":4},"end":{"line":147,"column":17}},"65":{"start":{"line":152,"column":18},"end":{"line":152,"column":20}},"66":{"start":{"line":153,"column":4},"end":{"line":173,"column":5}},"67":{"start":{"line":154,"column":18},"end":{"line":154,"column":22}},"68":{"start":{"line":157,"column":6},"end":{"line":157,"column":66}},"69":{"start":{"line":157,"column":52},"end":{"line":157,"column":66}},"70":{"start":{"line":158,"column":6},"end":{"line":158,"column":80}},"71":{"start":{"line":158,"column":66},"end":{"line":158,"column":80}},"72":{"start":{"line":159,"column":6},"end":{"line":159,"column":83}},"73":{"start":{"line":159,"column":69},"end":{"line":159,"column":83}},"74":{"start":{"line":161,"column":6},"end":{"line":172,"column":7}},"75":{"start":{"line":162,"column":8},"end":{"line":171,"column":11}},"76":{"start":{"line":174,"column":4},"end":{"line":174,"column":17}},"77":{"start":{"line":179,"column":4},"end":{"line":183,"column":8}},"78":{"start":{"line":179,"column":71},"end":{"line":183,"column":5}},"79":{"start":{"line":188,"column":4},"end":{"line":193,"column":8}},"80":{"start":{"line":188,"column":69},"end":{"line":193,"column":5}},"81":{"start":{"line":198,"column":4},"end":{"line":198,"column":44}},"82":{"start":{"line":203,"column":4},"end":{"line":208,"column":7}},"83":{"start":{"line":211,"column":4},"end":{"line":213,"column":5}},"84":{"start":{"line":212,"column":6},"end":{"line":212,"column":31}},"85":{"start":{"line":217,"column":0},"end":{"line":217,"column":29}}},"fnMap":{"0":{"name":"(anonymous_0)","decl":{"start":{"line":3,"column":2},"end":{"line":3,"column":3}},"loc":{"start":{"line":3,"column":16},"end":{"line":9,"column":3}},"line":3},"1":{"name":"(anonymous_1)","decl":{"start":{"line":12,"column":2},"end":{"line":12,"column":3}},"loc":{"start":{"line":12,"column":38},"end":{"line":36,"column":3}},"line":12},"2":{"name":"(anonymous_2)","decl":{"start":{"line":39,"column":2},"end":{"line":39,"column":3}},"loc":{"start":{"line":39,"column":18},"end":{"line":47,"column":3}},"line":39},"3":{"name":"(anonymous_3)","decl":{"start":{"line":50,"column":2},"end":{"line":50,"column":3}},"loc":{"start":{"line":50,"column":21},"end":{"line":55,"column":3}},"line":50},"4":{"name":"(anonymous_4)","decl":{"start":{"line":58,"column":2},"end":{"line":58,"column":3}},"loc":{"start":{"line":58,"column":30},"end":{"line":68,"column":3}},"line":58},"5":{"name":"(anonymous_5)","decl":{"start":{"line":71,"column":2},"end":{"line":71,"column":3}},"loc":{"start":{"line":71,"column":24},"end":{"line":81,"column":3}},"line":71},"6":{"name":"(anonymous_6)","decl":{"start":{"line":84,"column":2},"end":{"line":84,"column":3}},"loc":{"start":{"line":84,"column":61},"end":{"line":111,"column":3}},"line":84},"7":{"name":"(anonymous_7)","decl":{"start":{"line":114,"column":2},"end":{"line":114,"column":3}},"loc":{"start":{"line":114,"column":39},"end":{"line":123,"column":3}},"line":114},"8":{"name":"(anonymous_8)","decl":{"start":{"line":126,"column":2},"end":{"line":126,"column":3}},"loc":{"start":{"line":126,"column":31},"end":{"line":137,"column":3}},"line":126},"9":{"name":"(anonymous_9)","decl":{"start":{"line":139,"column":2},"end":{"line":139,"column":3}},"loc":{"start":{"line":139,"column":28},"end":{"line":148,"column":3}},"line":139},"10":{"name":"(anonymous_10)","decl":{"start":{"line":151,"column":2},"end":{"line":151,"column":3}},"loc":{"start":{"line":151,"column":27},"end":{"line":175,"column":3}},"line":151},"11":{"name":"(anonymous_11)","decl":{"start":{"line":178,"column":2},"end":{"line":178,"column":3}},"loc":{"start":{"line":178,"column":22},"end":{"line":184,"column":3}},"line":178},"12":{"name":"(anonymous_12)","decl":{"start":{"line":179,"column":59},"end":{"line":179,"column":60}},"loc":{"start":{"line":179,"column":71},"end":{"line":183,"column":5}},"line":179},"13":{"name":"(anonymous_13)","decl":{"start":{"line":187,"column":2},"end":{"line":187,"column":3}},"loc":{"start":{"line":187,"column":20},"end":{"line":194,"column":3}},"line":187},"14":{"name":"(anonymous_14)","decl":{"start":{"line":188,"column":57},"end":{"line":188,"column":58}},"loc":{"start":{"line":188,"column":69},"end":{"line":193,"column":5}},"line":188},"15":{"name":"(anonymous_15)","decl":{"start":{"line":197,"column":2},"end":{"line":197,"column":3}},"loc":{"start":{"line":197,"column":30},"end":{"line":199,"column":3}},"line":197},"16":{"name":"(anonymous_16)","decl":{"start":{"line":202,"column":2},"end":{"line":202,"column":3}},"loc":{"start":{"line":202,"column":55},"end":{"line":214,"column":3}},"line":202}},"branchMap":{"0":{"loc":{"start":{"line":13,"column":4},"end":{"line":15,"column":5}},"type":"if","locations":[{"start":{"line":13,"column":4},"end":{"line":15,"column":5}},{"start":{},"end":{}}],"line":13},"1":{"loc":{"start":{"line":18,"column":4},"end":{"line":20,"column":5}},"type":"if","locations":[{"start":{"line":18,"column":4},"end":{"line":20,"column":5}},{"start":{},"end":{}}],"line":18},"2":{"loc":{"start":{"line":40,"column":4},"end":{"line":42,"column":5}},"type":"if","locations":[{"start":{"line":40,"column":4},"end":{"line":42,"column":5}},{"start":{},"end":{}}],"line":40},"3":{"loc":{"start":{"line":45,"column":4},"end":{"line":45,"column":49}},"type":"if","locations":[{"start":{"line":45,"column":4},"end":{"line":45,"column":49}},{"start":{},"end":{}}],"line":45},"4":{"loc":{"start":{"line":73,"column":4},"end":{"line":75,"column":5}},"type":"if","locations":[{"start":{"line":73,"column":4},"end":{"line":75,"column":5}},{"start":{},"end":{}}],"line":73},"5":{"loc":{"start":{"line":84,"column":30},"end":{"line":84,"column":59}},"type":"default-arg","locations":[{"start":{"line":84,"column":39},"end":{"line":84,"column":59}}],"line":84},"6":{"loc":{"start":{"line":88,"column":4},"end":{"line":90,"column":5}},"type":"if","locations":[{"start":{"line":88,"column":4},"end":{"line":90,"column":5}},{"start":{},"end":{}}],"line":88},"7":{"loc":{"start":{"line":105,"column":4},"end":{"line":107,"column":5}},"type":"if","locations":[{"start":{"line":105,"column":4},"end":{"line":107,"column":5}},{"start":{},"end":{}}],"line":105},"8":{"loc":{"start":{"line":115,"column":4},"end":{"line":117,"column":5}},"type":"if","locations":[{"start":{"line":115,"column":4},"end":{"line":117,"column":5}},{"start":{},"end":{}}],"line":115},"9":{"loc":{"start":{"line":127,"column":4},"end":{"line":129,"column":5}},"type":"if","locations":[{"start":{"line":127,"column":4},"end":{"line":129,"column":5}},{"start":{},"end":{}}],"line":127},"10":{"loc":{"start":{"line":141,"column":6},"end":{"line":145,"column":7}},"type":"if","locations":[{"start":{"line":141,"column":6},"end":{"line":145,"column":7}},{"start":{},"end":{}}],"line":141},"11":{"loc":{"start":{"line":141,"column":10},"end":{"line":141,"column":72}},"type":"binary-expr","locations":[{"start":{"line":141,"column":10},"end":{"line":141,"column":37}},{"start":{"line":141,"column":41},"end":{"line":141,"column":72}}],"line":141},"12":{"loc":{"start":{"line":142,"column":8},"end":{"line":144,"column":9}},"type":"if","locations":[{"start":{"line":142,"column":8},"end":{"line":144,"column":9}},{"start":{},"end":{}}],"line":142},"13":{"loc":{"start":{"line":142,"column":12},"end":{"line":142,"column":75}},"type":"binary-expr","locations":[{"start":{"line":142,"column":12},"end":{"line":142,"column":39}},{"start":{"line":142,"column":43},"end":{"line":142,"column":75}}],"line":142},"14":{"loc":{"start":{"line":151,"column":14},"end":{"line":151,"column":25}},"type":"default-arg","locations":[{"start":{"line":151,"column":23},"end":{"line":151,"column":25}}],"line":151},"15":{"loc":{"start":{"line":157,"column":6},"end":{"line":157,"column":66}},"type":"if","locations":[{"start":{"line":157,"column":6},"end":{"line":157,"column":66}},{"start":{},"end":{}}],"line":157},"16":{"loc":{"start":{"line":157,"column":10},"end":{"line":157,"column":50}},"type":"binary-expr","locations":[{"start":{"line":157,"column":10},"end":{"line":157,"column":21}},{"start":{"line":157,"column":25},"end":{"line":157,"column":50}}],"line":157},"17":{"loc":{"start":{"line":158,"column":6},"end":{"line":158,"column":80}},"type":"if","locations":[{"start":{"line":158,"column":6},"end":{"line":158,"column":80}},{"start":{},"end":{}}],"line":158},"18":{"loc":{"start":{"line":158,"column":10},"end":{"line":158,"column":64}},"type":"binary-expr","locations":[{"start":{"line":158,"column":10},"end":{"line":158,"column":25}},{"start":{"line":158,"column":29},"end":{"line":158,"column":64}}],"line":158},"19":{"loc":{"start":{"line":159,"column":6},"end":{"line":159,"column":83}},"type":"if","locations":[{"start":{"line":159,"column":6},"end":{"line":159,"column":83}},{"start":{},"end":{}}],"line":159},"20":{"loc":{"start":{"line":159,"column":10},"end":{"line":159,"column":67}},"type":"binary-expr","locations":[{"start":{"line":159,"column":10},"end":{"line":159,"column":26}},{"start":{"line":159,"column":30},"end":{"line":159,"column":67}}],"line":159},"21":{"loc":{"start":{"line":161,"column":6},"end":{"line":172,"column":7}},"type":"if","locations":[{"start":{"line":161,"column":6},"end":{"line":172,"column":7}},{"start":{},"end":{}}],"line":161},"22":{"loc":{"start":{"line":197,"column":17},"end":{"line":197,"column":28}},"type":"default-arg","locations":[{"start":{"line":197,"column":25},"end":{"line":197,"column":28}}],"line":197},"23":{"loc":{"start":{"line":202,"column":35},"end":{"line":202,"column":53}},"type":"default-arg","locations":[{"start":{"line":202,"column":45},"end":{"line":202,"column":53}}],"line":202},"24":{"loc":{"start":{"line":211,"column":4},"end":{"line":213,"column":5}},"type":"if","locations":[{"start":{"line":211,"column":4},"end":{"line":213,"column":5}},{"start":{},"end":{}}],"line":211}},"s":{"0":13,"1":13,"2":13,"3":13,"4":13,"5":27,"6":1,"7":26,"8":26,"9":0,"10":26,"11":26,"12":26,"13":26,"14":19,"15":1,"16":18,"17":18,"18":0,"19":18,"20":2,"21":2,"22":2,"23":2,"24":3,"25":3,"26":3,"27":3,"28":3,"29":2,"30":2,"31":1,"32":1,"33":1,"34":1,"35":1,"36":6,"37":6,"38":1,"39":5,"40":5,"41":5,"42":5,"43":0,"44":5,"45":5,"46":1,"47":0,"48":1,"49":1,"50":1,"51":1,"52":1,"53":0,"54":1,"55":1,"56":1,"57":1,"58":1,"59":1,"60":6,"61":1,"62":1,"63":1,"64":5,"65":4,"66":4,"67":7,"68":7,"69":1,"70":7,"71":1,"72":7,"73":0,"74":7,"75":5,"76":4,"77":2,"78":1,"79":3,"80":1,"81":1,"82":39,"83":39,"84":0,"85":1},"f":{"0":13,"1":27,"2":19,"3":2,"4":3,"5":2,"6":6,"7":1,"8":1,"9":6,"10":4,"11":2,"12":1,"13":3,"14":1,"15":1,"16":39},"b":{"0":[1,26],"1":[0,26],"2":[1,18],"3":[0,18],"4":[1,1],"5":[5],"6":[1,5],"7":[0,5],"8":[0,1],"9":[0,1],"10":[1,0],"11":[1,0],"12":[1,0],"13":[1,0],"14":[2],"15":[1,6],"16":[7,2],"17":[1,6],"18":[7,2],"19":[0,7],"20":[7,0],"21":[5,2],"22":[1],"23":[37],"24":[0,39]},"_coverageSchema":"1a1c01bbd47fc00a2c39e90264f33305004495a9","hash":"e5ecce6bfc21bf253b9e20b14a4eb0b6b8f45d95"}
,"C:\\Users\\HP\\Documents\\FreeLancer-Management-1\\pages\\Freelancing.js": {"path":"C:\\Users\\HP\\Documents\\FreeLancer-Management-1\\pages\\Freelancing.js","statementMap":{"0":{"start":{"line":2,"column":0},"end":{"line":10,"column":3}},"1":{"start":{"line":3,"column":2},"end":{"line":9,"column":5}},"2":{"start":{"line":4,"column":4},"end":{"line":4,"column":23}},"3":{"start":{"line":5,"column":19},"end":{"line":5,"column":68}},"4":{"start":{"line":6,"column":4},"end":{"line":8,"column":5}},"5":{"start":{"line":7,"column":6},"end":{"line":7,"column":52}},"6":{"start":{"line":13,"column":0},"end":{"line":21,"column":3}},"7":{"start":{"line":14,"column":16},"end":{"line":14,"column":49}},"8":{"start":{"line":15,"column":2},"end":{"line":15,"column":36}},"9":{"start":{"line":16,"column":2},"end":{"line":16,"column":45}},"10":{"start":{"line":17,"column":2},"end":{"line":17,"column":35}},"11":{"start":{"line":18,"column":2},"end":{"line":18,"column":49}},"12":{"start":{"line":18,"column":19},"end":{"line":18,"column":42}},"13":{"start":{"line":19,"column":2},"end":{"line":19,"column":50}},"14":{"start":{"line":19,"column":19},"end":{"line":19,"column":42}},"15":{"start":{"line":20,"column":2},"end":{"line":20,"column":41}},"16":{"start":{"line":20,"column":19},"end":{"line":20,"column":33}},"17":{"start":{"line":24,"column":20},"end":{"line":24,"column":67}},"18":{"start":{"line":26,"column":0},"end":{"line":38,"column":1}},"19":{"start":{"line":27,"column":2},"end":{"line":37,"column":5}},"20":{"start":{"line":28,"column":18},"end":{"line":28,"column":49}},"21":{"start":{"line":29,"column":25},"end":{"line":29,"column":67}},"22":{"start":{"line":31,"column":4},"end":{"line":36,"column":7}},"23":{"start":{"line":32,"column":20},"end":{"line":32,"column":77}},"24":{"start":{"line":33,"column":26},"end":{"line":33,"column":82}},"25":{"start":{"line":35,"column":6},"end":{"line":35,"column":108}},"26":{"start":{"line":41,"column":18},"end":{"line":41,"column":60}},"27":{"start":{"line":42,"column":21},"end":{"line":42,"column":64}},"28":{"start":{"line":44,"column":0},"end":{"line":48,"column":1}},"29":{"start":{"line":45,"column":2},"end":{"line":47,"column":5}},"30":{"start":{"line":46,"column":4},"end":{"line":46,"column":56}},"31":{"start":{"line":51,"column":19},"end":{"line":51,"column":57}},"32":{"start":{"line":52,"column":13},"end":{"line":52,"column":44}},"33":{"start":{"line":54,"column":0},"end":{"line":72,"column":1}},"34":{"start":{"line":55,"column":2},"end":{"line":58,"column":5}},"35":{"start":{"line":56,"column":4},"end":{"line":56,"column":24}},"36":{"start":{"line":57,"column":4},"end":{"line":57,"column":34}},"37":{"start":{"line":61,"column":2},"end":{"line":65,"column":5}},"38":{"start":{"line":62,"column":4},"end":{"line":64,"column":5}},"39":{"start":{"line":63,"column":6},"end":{"line":63,"column":36}},"40":{"start":{"line":67,"column":2},"end":{"line":71,"column":5}},"41":{"start":{"line":68,"column":4},"end":{"line":70,"column":7}},"42":{"start":{"line":69,"column":6},"end":{"line":69,"column":36}}},"fnMap":{"0":{"name":"(anonymous_0)","decl":{"start":{"line":2,"column":54},"end":{"line":2,"column":55}},"loc":{"start":{"line":2,"column":62},"end":{"line":10,"column":1}},"line":2},"1":{"name":"(anonymous_1)","decl":{"start":{"line":3,"column":33},"end":{"line":3,"column":34}},"loc":{"start":{"line":3,"column":46},"end":{"line":9,"column":3}},"line":3},"2":{"name":"(anonymous_2)","decl":{"start":{"line":13,"column":44},"end":{"line":13,"column":45}},"loc":{"start":{"line":13,"column":50},"end":{"line":21,"column":1}},"line":13},"3":{"name":"(anonymous_3)","decl":{"start":{"line":18,"column":13},"end":{"line":18,"column":14}},"loc":{"start":{"line":18,"column":19},"end":{"line":18,"column":42}},"line":18},"4":{"name":"(anonymous_4)","decl":{"start":{"line":19,"column":13},"end":{"line":19,"column":14}},"loc":{"start":{"line":19,"column":19},"end":{"line":19,"column":42}},"line":19},"5":{"name":"(anonymous_5)","decl":{"start":{"line":20,"column":13},"end":{"line":20,"column":14}},"loc":{"start":{"line":20,"column":19},"end":{"line":20,"column":33}},"line":20},"6":{"name":"(anonymous_6)","decl":{"start":{"line":27,"column":40},"end":{"line":27,"column":41}},"loc":{"start":{"line":27,"column":46},"end":{"line":37,"column":3}},"line":27},"7":{"name":"(anonymous_7)","decl":{"start":{"line":31,"column":25},"end":{"line":31,"column":26}},"loc":{"start":{"line":31,"column":33},"end":{"line":36,"column":5}},"line":31},"8":{"name":"(anonymous_8)","decl":{"start":{"line":45,"column":38},"end":{"line":45,"column":39}},"loc":{"start":{"line":45,"column":44},"end":{"line":47,"column":3}},"line":45},"9":{"name":"(anonymous_9)","decl":{"start":{"line":55,"column":39},"end":{"line":55,"column":40}},"loc":{"start":{"line":55,"column":46},"end":{"line":58,"column":3}},"line":55},"10":{"name":"(anonymous_10)","decl":{"start":{"line":61,"column":37},"end":{"line":61,"column":38}},"loc":{"start":{"line":61,"column":44},"end":{"line":65,"column":3}},"line":61},"11":{"name":"(anonymous_11)","decl":{"start":{"line":67,"column":45},"end":{"line":67,"column":46}},"loc":{"start":{"line":67,"column":53},"end":{"line":71,"column":3}},"line":67},"12":{"name":"(anonymous_12)","decl":{"start":{"line":68,"column":35},"end":{"line":68,"column":36}},"loc":{"start":{"line":68,"column":41},"end":{"line":70,"column":5}},"line":68}},"branchMap":{"0":{"loc":{"start":{"line":6,"column":4},"end":{"line":8,"column":5}},"type":"if","locations":[{"start":{"line":6,"column":4},"end":{"line":8,"column":5}},{"start":{},"end":{}}],"line":6},"1":{"loc":{"start":{"line":26,"column":0},"end":{"line":38,"column":1}},"type":"if","locations":[{"start":{"line":26,"column":0},"end":{"line":38,"column":1}},{"start":{},"end":{}}],"line":26},"2":{"loc":{"start":{"line":32,"column":20},"end":{"line":32,"column":77}},"type":"binary-expr","locations":[{"start":{"line":32,"column":20},"end":{"line":32,"column":71}},{"start":{"line":32,"column":75},"end":{"line":32,"column":77}}],"line":32},"3":{"loc":{"start":{"line":33,"column":26},"end":{"line":33,"column":82}},"type":"binary-expr","locations":[{"start":{"line":33,"column":26},"end":{"line":33,"column":76}},{"start":{"line":33,"column":80},"end":{"line":33,"column":82}}],"line":33},"4":{"loc":{"start":{"line":35,"column":27},"end":{"line":35,"column":107}},"type":"cond-expr","locations":[{"start":{"line":35,"column":84},"end":{"line":35,"column":98}},{"start":{"line":35,"column":101},"end":{"line":35,"column":107}}],"line":35},"5":{"loc":{"start":{"line":35,"column":28},"end":{"line":35,"column":80}},"type":"binary-expr","locations":[{"start":{"line":35,"column":28},"end":{"line":35,"column":49}},{"start":{"line":35,"column":53},"end":{"line":35,"column":80}}],"line":35},"6":{"loc":{"start":{"line":44,"column":0},"end":{"line":48,"column":1}},"type":"if","locations":[{"start":{"line":44,"column":0},"end":{"line":48,"column":1}},{"start":{},"end":{}}],"line":44},"7":{"loc":{"start":{"line":44,"column":4},"end":{"line":44,"column":29}},"type":"binary-expr","locations":[{"start":{"line":44,"column":4},"end":{"line":44,"column":13}},{"start":{"line":44,"column":17},"end":{"line":44,"column":29}}],"line":44},"8":{"loc":{"start":{"line":54,"column":0},"end":{"line":72,"column":1}},"type":"if","locations":[{"start":{"line":54,"column":0},"end":{"line":72,"column":1}},{"start":{},"end":{}}],"line":54},"9":{"loc":{"start":{"line":54,"column":4},"end":{"line":54,"column":22}},"type":"binary-expr","locations":[{"start":{"line":54,"column":4},"end":{"line":54,"column":14}},{"start":{"line":54,"column":18},"end":{"line":54,"column":22}}],"line":54},"10":{"loc":{"start":{"line":62,"column":4},"end":{"line":64,"column":5}},"type":"if","locations":[{"start":{"line":62,"column":4},"end":{"line":64,"column":5}},{"start":{},"end":{}}],"line":62},"11":{"loc":{"start":{"line":62,"column":8},"end":{"line":62,"column":66}},"type":"binary-expr","locations":[{"start":{"line":62,"column":8},"end":{"line":62,"column":32}},{"start":{"line":62,"column":36},"end":{"line":62,"column":66}}],"line":62}},"s":{"0":1,"1":4,"2":1,"3":1,"4":1,"5":1,"6":1,"7":1,"8":1,"9":1,"10":1,"11":1,"12":1,"13":1,"14":1,"15":1,"16":1,"17":1,"18":1,"19":0,"20":0,"21":0,"22":0,"23":0,"24":0,"25":0,"26":1,"27":1,"28":1,"29":1,"30":0,"31":1,"32":1,"33":1,"34":1,"35":0,"36":0,"37":1,"38":5,"39":5,"40":1,"41":2,"42":0},"f":{"0":4,"1":1,"2":1,"3":1,"4":1,"5":1,"6":0,"7":0,"8":0,"9":0,"10":5,"11":2,"12":0},"b":{"0":[1,0],"1":[0,1],"2":[0,0],"3":[0,0],"4":[0,0],"5":[0,0],"6":[1,0],"7":[1,1],"8":[1,0],"9":[1,1],"10":[5,0],"11":[5,5]},"_coverageSchema":"1a1c01bbd47fc00a2c39e90264f33305004495a9","hash":"2c4fd9f2d2a85881e45f863ae9418cd3091da5a8"}
,"C:\\Users\\HP\\Documents\\FreeLancer-Management-1\\pages\\Payment.js": {"path":"C:\\Users\\HP\\Documents\\FreeLancer-Management-1\\pages\\Payment.js","statementMap":{"0":{"start":{"line":4,"column":4},"end":{"line":4,"column":34}},"1":{"start":{"line":5,"column":4},"end":{"line":5,"column":27}},"2":{"start":{"line":6,"column":4},"end":{"line":6,"column":30}},"3":{"start":{"line":7,"column":4},"end":{"line":7,"column":36}},"4":{"start":{"line":8,"column":4},"end":{"line":8,"column":34}},"5":{"start":{"line":9,"column":4},"end":{"line":9,"column":30}},"6":{"start":{"line":10,"column":4},"end":{"line":10,"column":30}},"7":{"start":{"line":11,"column":4},"end":{"line":11,"column":26}},"8":{"start":{"line":12,"column":4},"end":{"line":12,"column":27}},"9":{"start":{"line":17,"column":4},"end":{"line":19,"column":5}},"10":{"start":{"line":18,"column":6},"end":{"line":18,"column":49}},"11":{"start":{"line":22,"column":4},"end":{"line":31,"column":7}},"12":{"start":{"line":33,"column":4},"end":{"line":33,"column":32}},"13":{"start":{"line":38,"column":17},"end":{"line":38,"column":39}},"14":{"start":{"line":39,"column":4},"end":{"line":39,"column":49}},"15":{"start":{"line":39,"column":15},"end":{"line":39,"column":49}},"16":{"start":{"line":40,"column":4},"end":{"line":40,"column":31}},"17":{"start":{"line":45,"column":17},"end":{"line":45,"column":37}},"18":{"start":{"line":47,"column":21},"end":{"line":47,"column":69}},"19":{"start":{"line":50,"column":4},"end":{"line":52,"column":5}},"20":{"start":{"line":51,"column":6},"end":{"line":51,"column":53}},"21":{"start":{"line":55,"column":4},"end":{"line":57,"column":5}},"22":{"start":{"line":56,"column":6},"end":{"line":56,"column":45}},"23":{"start":{"line":60,"column":22},"end":{"line":64,"column":5}},"24":{"start":{"line":66,"column":4},"end":{"line":66,"column":40}},"25":{"start":{"line":67,"column":4},"end":{"line":67,"column":20}},"26":{"start":{"line":72,"column":20},"end":{"line":72,"column":49}},"27":{"start":{"line":73,"column":4},"end":{"line":73,"column":65}},"28":{"start":{"line":73,"column":52},"end":{"line":73,"column":65}},"29":{"start":{"line":75,"column":14},"end":{"line":75,"column":15}},"30":{"start":{"line":76,"column":20},"end":{"line":76,"column":25}},"31":{"start":{"line":77,"column":4},"end":{"line":87,"column":5}},"32":{"start":{"line":77,"column":17},"end":{"line":77,"column":35}},"33":{"start":{"line":78,"column":18},"end":{"line":78,"column":49}},"34":{"start":{"line":79,"column":6},"end":{"line":84,"column":7}},"35":{"start":{"line":80,"column":8},"end":{"line":80,"column":19}},"36":{"start":{"line":81,"column":8},"end":{"line":83,"column":9}},"37":{"start":{"line":82,"column":10},"end":{"line":82,"column":35}},"38":{"start":{"line":85,"column":6},"end":{"line":85,"column":19}},"39":{"start":{"line":86,"column":6},"end":{"line":86,"column":29}},"40":{"start":{"line":88,"column":4},"end":{"line":88,"column":26}},"41":{"start":{"line":93,"column":4},"end":{"line":93,"column":64}},"42":{"start":{"line":93,"column":21},"end":{"line":93,"column":64}},"43":{"start":{"line":94,"column":17},"end":{"line":94,"column":37}},"44":{"start":{"line":97,"column":26},"end":{"line":97,"column":81}},"45":{"start":{"line":97,"column":56},"end":{"line":97,"column":80}},"46":{"start":{"line":98,"column":4},"end":{"line":98,"column":68}},"47":{"start":{"line":98,"column":24},"end":{"line":98,"column":68}},"48":{"start":{"line":101,"column":4},"end":{"line":101,"column":59}},"49":{"start":{"line":101,"column":33},"end":{"line":101,"column":57}},"50":{"start":{"line":104,"column":4},"end":{"line":104,"column":27}},"51":{"start":{"line":105,"column":4},"end":{"line":114,"column":7}},"52":{"start":{"line":116,"column":4},"end":{"line":116,"column":24}},"53":{"start":{"line":121,"column":4},"end":{"line":121,"column":64}},"54":{"start":{"line":121,"column":21},"end":{"line":121,"column":64}},"55":{"start":{"line":122,"column":17},"end":{"line":122,"column":37}},"56":{"start":{"line":124,"column":4},"end":{"line":126,"column":5}},"57":{"start":{"line":125,"column":6},"end":{"line":125,"column":44}},"58":{"start":{"line":128,"column":26},"end":{"line":128,"column":81}},"59":{"start":{"line":128,"column":56},"end":{"line":128,"column":80}},"60":{"start":{"line":129,"column":4},"end":{"line":129,"column":68}},"61":{"start":{"line":129,"column":24},"end":{"line":129,"column":68}},"62":{"start":{"line":132,"column":4},"end":{"line":132,"column":60}},"63":{"start":{"line":132,"column":33},"end":{"line":132,"column":58}},"64":{"start":{"line":135,"column":4},"end":{"line":135,"column":27}},"65":{"start":{"line":136,"column":4},"end":{"line":145,"column":7}},"66":{"start":{"line":147,"column":4},"end":{"line":147,"column":24}},"67":{"start":{"line":152,"column":4},"end":{"line":152,"column":64}},"68":{"start":{"line":152,"column":21},"end":{"line":152,"column":64}},"69":{"start":{"line":153,"column":19},"end":{"line":153,"column":41}},"70":{"start":{"line":154,"column":23},"end":{"line":154,"column":49}},"71":{"start":{"line":157,"column":4},"end":{"line":157,"column":77}},"72":{"start":{"line":157,"column":34},"end":{"line":157,"column":77}},"73":{"start":{"line":158,"column":4},"end":{"line":158,"column":92}},"74":{"start":{"line":158,"column":42},"end":{"line":158,"column":92}},"75":{"start":{"line":159,"column":4},"end":{"line":159,"column":71}},"76":{"start":{"line":159,"column":33},"end":{"line":159,"column":71}},"77":{"start":{"line":162,"column":16},"end":{"line":162,"column":41}},"78":{"start":{"line":163,"column":24},"end":{"line":163,"column":36}},"79":{"start":{"line":166,"column":4},"end":{"line":166,"column":34}},"80":{"start":{"line":169,"column":21},"end":{"line":169,"column":61}},"81":{"start":{"line":170,"column":26},"end":{"line":170,"column":54}},"82":{"start":{"line":172,"column":4},"end":{"line":183,"column":7}},"83":{"start":{"line":186,"column":4},"end":{"line":196,"column":7}},"84":{"start":{"line":198,"column":4},"end":{"line":198,"column":39}},"85":{"start":{"line":203,"column":19},"end":{"line":203,"column":52}},"86":{"start":{"line":204,"column":4},"end":{"line":204,"column":53}},"87":{"start":{"line":204,"column":17},"end":{"line":204,"column":53}},"88":{"start":{"line":205,"column":4},"end":{"line":205,"column":81}},"89":{"start":{"line":205,"column":37},"end":{"line":205,"column":81}},"90":{"start":{"line":207,"column":19},"end":{"line":207,"column":48}},"91":{"start":{"line":208,"column":23},"end":{"line":208,"column":56}},"92":{"start":{"line":211,"column":4},"end":{"line":211,"column":31}},"93":{"start":{"line":212,"column":4},"end":{"line":212,"column":35}},"94":{"start":{"line":213,"column":4},"end":{"line":213,"column":35}},"95":{"start":{"line":216,"column":4},"end":{"line":216,"column":40}},"96":{"start":{"line":217,"column":4},"end":{"line":217,"column":34}},"97":{"start":{"line":218,"column":4},"end":{"line":218,"column":44}},"98":{"start":{"line":221,"column":4},"end":{"line":221,"column":37}},"99":{"start":{"line":224,"column":24},"end":{"line":224,"column":65}},"100":{"start":{"line":225,"column":4},"end":{"line":225,"column":37}},"101":{"start":{"line":228,"column":4},"end":{"line":238,"column":7}},"102":{"start":{"line":240,"column":4},"end":{"line":240,"column":52}},"103":{"start":{"line":245,"column":19},"end":{"line":245,"column":52}},"104":{"start":{"line":246,"column":4},"end":{"line":246,"column":53}},"105":{"start":{"line":246,"column":17},"end":{"line":246,"column":53}},"106":{"start":{"line":247,"column":4},"end":{"line":247,"column":81}},"107":{"start":{"line":247,"column":37},"end":{"line":247,"column":81}},"108":{"start":{"line":249,"column":19},"end":{"line":249,"column":48}},"109":{"start":{"line":252,"column":4},"end":{"line":252,"column":31}},"110":{"start":{"line":253,"column":4},"end":{"line":253,"column":35}},"111":{"start":{"line":254,"column":4},"end":{"line":254,"column":35}},"112":{"start":{"line":255,"column":4},"end":{"line":255,"column":33}},"113":{"start":{"line":258,"column":4},"end":{"line":258,"column":49}},"114":{"start":{"line":261,"column":24},"end":{"line":261,"column":65}},"115":{"start":{"line":262,"column":4},"end":{"line":262,"column":36}},"116":{"start":{"line":265,"column":4},"end":{"line":275,"column":7}},"117":{"start":{"line":277,"column":4},"end":{"line":277,"column":65}},"118":{"start":{"line":282,"column":4},"end":{"line":282,"column":64}},"119":{"start":{"line":282,"column":21},"end":{"line":282,"column":64}},"120":{"start":{"line":283,"column":19},"end":{"line":283,"column":41}},"121":{"start":{"line":284,"column":23},"end":{"line":284,"column":49}},"122":{"start":{"line":287,"column":4},"end":{"line":287,"column":77}},"123":{"start":{"line":287,"column":34},"end":{"line":287,"column":77}},"124":{"start":{"line":288,"column":4},"end":{"line":288,"column":92}},"125":{"start":{"line":288,"column":42},"end":{"line":288,"column":92}},"126":{"start":{"line":289,"column":4},"end":{"line":289,"column":71}},"127":{"start":{"line":289,"column":33},"end":{"line":289,"column":71}},"128":{"start":{"line":292,"column":16},"end":{"line":292,"column":41}},"129":{"start":{"line":293,"column":24},"end":{"line":293,"column":36}},"130":{"start":{"line":295,"column":4},"end":{"line":295,"column":34}},"131":{"start":{"line":296,"column":4},"end":{"line":296,"column":33}},"132":{"start":{"line":297,"column":4},"end":{"line":297,"column":30}},"133":{"start":{"line":300,"column":4},"end":{"line":300,"column":34}},"134":{"start":{"line":301,"column":4},"end":{"line":301,"column":37}},"135":{"start":{"line":302,"column":4},"end":{"line":302,"column":37}},"136":{"start":{"line":304,"column":26},"end":{"line":304,"column":54}},"137":{"start":{"line":307,"column":4},"end":{"line":318,"column":7}},"138":{"start":{"line":320,"column":4},"end":{"line":320,"column":42}},"139":{"start":{"line":325,"column":19},"end":{"line":325,"column":52}},"140":{"start":{"line":326,"column":4},"end":{"line":326,"column":53}},"141":{"start":{"line":326,"column":17},"end":{"line":326,"column":53}},"142":{"start":{"line":327,"column":4},"end":{"line":327,"column":81}},"143":{"start":{"line":327,"column":37},"end":{"line":327,"column":81}},"144":{"start":{"line":328,"column":4},"end":{"line":330,"column":5}},"145":{"start":{"line":329,"column":6},"end":{"line":329,"column":70}},"146":{"start":{"line":333,"column":22},"end":{"line":333,"column":46}},"147":{"start":{"line":334,"column":4},"end":{"line":343,"column":7}},"148":{"start":{"line":346,"column":4},"end":{"line":346,"column":31}},"149":{"start":{"line":347,"column":4},"end":{"line":347,"column":21}},"150":{"start":{"line":352,"column":20},"end":{"line":352,"column":48}},"151":{"start":{"line":353,"column":4},"end":{"line":353,"column":55}},"152":{"start":{"line":353,"column":18},"end":{"line":353,"column":55}},"153":{"start":{"line":354,"column":4},"end":{"line":354,"column":79}},"154":{"start":{"line":354,"column":35},"end":{"line":354,"column":79}},"155":{"start":{"line":356,"column":19},"end":{"line":356,"column":60}},"156":{"start":{"line":357,"column":4},"end":{"line":357,"column":53}},"157":{"start":{"line":357,"column":17},"end":{"line":357,"column":53}},"158":{"start":{"line":359,"column":19},"end":{"line":359,"column":48}},"159":{"start":{"line":360,"column":23},"end":{"line":360,"column":56}},"160":{"start":{"line":363,"column":4},"end":{"line":365,"column":5}},"161":{"start":{"line":364,"column":6},"end":{"line":364,"column":51}},"162":{"start":{"line":368,"column":4},"end":{"line":368,"column":32}},"163":{"start":{"line":369,"column":4},"end":{"line":369,"column":36}},"164":{"start":{"line":370,"column":4},"end":{"line":370,"column":36}},"165":{"start":{"line":371,"column":4},"end":{"line":371,"column":36}},"166":{"start":{"line":372,"column":4},"end":{"line":372,"column":52}},"167":{"start":{"line":375,"column":4},"end":{"line":379,"column":5}},"168":{"start":{"line":376,"column":6},"end":{"line":376,"column":47}},"169":{"start":{"line":377,"column":6},"end":{"line":377,"column":36}},"170":{"start":{"line":378,"column":6},"end":{"line":378,"column":51}},"171":{"start":{"line":381,"column":25},"end":{"line":381,"column":59}},"172":{"start":{"line":382,"column":4},"end":{"line":384,"column":5}},"173":{"start":{"line":383,"column":6},"end":{"line":383,"column":37}},"174":{"start":{"line":387,"column":4},"end":{"line":387,"column":37}},"175":{"start":{"line":390,"column":4},"end":{"line":390,"column":39}},"176":{"start":{"line":393,"column":4},"end":{"line":405,"column":5}},"177":{"start":{"line":394,"column":6},"end":{"line":404,"column":9}},"178":{"start":{"line":407,"column":4},"end":{"line":419,"column":5}},"179":{"start":{"line":408,"column":6},"end":{"line":418,"column":9}},"180":{"start":{"line":421,"column":4},"end":{"line":421,"column":63}},"181":{"start":{"line":427,"column":4},"end":{"line":430,"column":5}},"182":{"start":{"line":428,"column":26},"end":{"line":428,"column":77}},"183":{"start":{"line":428,"column":54},"end":{"line":428,"column":76}},"184":{"start":{"line":429,"column":6},"end":{"line":429,"column":42}},"185":{"start":{"line":429,"column":23},"end":{"line":429,"column":42}},"186":{"start":{"line":433,"column":4},"end":{"line":435,"column":5}},"187":{"start":{"line":434,"column":6},"end":{"line":434,"column":50}},"188":{"start":{"line":437,"column":4},"end":{"line":437,"column":45}},"189":{"start":{"line":442,"column":17},"end":{"line":442,"column":37}},"190":{"start":{"line":443,"column":4},"end":{"line":443,"column":29}},"191":{"start":{"line":448,"column":19},"end":{"line":448,"column":52}},"192":{"start":{"line":449,"column":4},"end":{"line":449,"column":53}},"193":{"start":{"line":449,"column":17},"end":{"line":449,"column":53}},"194":{"start":{"line":450,"column":4},"end":{"line":450,"column":18}},"195":{"start":{"line":455,"column":20},"end":{"line":455,"column":48}},"196":{"start":{"line":456,"column":4},"end":{"line":456,"column":55}},"197":{"start":{"line":456,"column":18},"end":{"line":456,"column":55}},"198":{"start":{"line":457,"column":4},"end":{"line":457,"column":19}},"199":{"start":{"line":462,"column":4},"end":{"line":462,"column":44}},"200":{"start":{"line":467,"column":4},"end":{"line":467,"column":40}},"201":{"start":{"line":472,"column":4},"end":{"line":472,"column":63}},"202":{"start":{"line":478,"column":4},"end":{"line":481,"column":5}},"203":{"start":{"line":479,"column":21},"end":{"line":479,"column":51}},"204":{"start":{"line":480,"column":6},"end":{"line":480,"column":44}},"205":{"start":{"line":484,"column":4},"end":{"line":487,"column":5}},"206":{"start":{"line":485,"column":23},"end":{"line":485,"column":51}},"207":{"start":{"line":486,"column":6},"end":{"line":486,"column":46}},"208":{"start":{"line":490,"column":4},"end":{"line":490,"column":55}},"209":{"start":{"line":494,"column":0},"end":{"line":494,"column":31}}},"fnMap":{"0":{"name":"(anonymous_0)","decl":{"start":{"line":2,"column":2},"end":{"line":2,"column":3}},"loc":{"start":{"line":2,"column":16},"end":{"line":13,"column":3}},"line":2},"1":{"name":"(anonymous_1)","decl":{"start":{"line":16,"column":2},"end":{"line":16,"column":3}},"loc":{"start":{"line":16,"column":53},"end":{"line":34,"column":3}},"line":16},"2":{"name":"(anonymous_2)","decl":{"start":{"line":37,"column":2},"end":{"line":37,"column":3}},"loc":{"start":{"line":37,"column":18},"end":{"line":41,"column":3}},"line":37},"3":{"name":"(anonymous_3)","decl":{"start":{"line":44,"column":2},"end":{"line":44,"column":3}},"loc":{"start":{"line":44,"column":42},"end":{"line":68,"column":3}},"line":44},"4":{"name":"(anonymous_4)","decl":{"start":{"line":71,"column":2},"end":{"line":71,"column":3}},"loc":{"start":{"line":71,"column":27},"end":{"line":89,"column":3}},"line":71},"5":{"name":"(anonymous_5)","decl":{"start":{"line":92,"column":2},"end":{"line":92,"column":3}},"loc":{"start":{"line":92,"column":75},"end":{"line":117,"column":3}},"line":92},"6":{"name":"(anonymous_6)","decl":{"start":{"line":97,"column":51},"end":{"line":97,"column":52}},"loc":{"start":{"line":97,"column":56},"end":{"line":97,"column":80}},"line":97},"7":{"name":"(anonymous_7)","decl":{"start":{"line":101,"column":22},"end":{"line":101,"column":23}},"loc":{"start":{"line":101,"column":33},"end":{"line":101,"column":57}},"line":101},"8":{"name":"(anonymous_8)","decl":{"start":{"line":120,"column":2},"end":{"line":120,"column":3}},"loc":{"start":{"line":120,"column":76},"end":{"line":148,"column":3}},"line":120},"9":{"name":"(anonymous_9)","decl":{"start":{"line":128,"column":51},"end":{"line":128,"column":52}},"loc":{"start":{"line":128,"column":56},"end":{"line":128,"column":80}},"line":128},"10":{"name":"(anonymous_10)","decl":{"start":{"line":132,"column":22},"end":{"line":132,"column":23}},"loc":{"start":{"line":132,"column":33},"end":{"line":132,"column":58}},"line":132},"11":{"name":"(anonymous_11)","decl":{"start":{"line":151,"column":2},"end":{"line":151,"column":3}},"loc":{"start":{"line":151,"column":99},"end":{"line":199,"column":3}},"line":151},"12":{"name":"(anonymous_12)","decl":{"start":{"line":202,"column":2},"end":{"line":202,"column":3}},"loc":{"start":{"line":202,"column":44},"end":{"line":241,"column":3}},"line":202},"13":{"name":"(anonymous_13)","decl":{"start":{"line":244,"column":2},"end":{"line":244,"column":3}},"loc":{"start":{"line":244,"column":51},"end":{"line":278,"column":3}},"line":244},"14":{"name":"(anonymous_14)","decl":{"start":{"line":281,"column":2},"end":{"line":281,"column":3}},"loc":{"start":{"line":281,"column":93},"end":{"line":321,"column":3}},"line":281},"15":{"name":"(anonymous_15)","decl":{"start":{"line":324,"column":2},"end":{"line":324,"column":3}},"loc":{"start":{"line":324,"column":45},"end":{"line":348,"column":3}},"line":324},"16":{"name":"(anonymous_16)","decl":{"start":{"line":351,"column":2},"end":{"line":351,"column":3}},"loc":{"start":{"line":351,"column":72},"end":{"line":422,"column":3}},"line":351},"17":{"name":"(anonymous_17)","decl":{"start":{"line":425,"column":2},"end":{"line":425,"column":3}},"loc":{"start":{"line":425,"column":32},"end":{"line":438,"column":3}},"line":425},"18":{"name":"(anonymous_18)","decl":{"start":{"line":428,"column":49},"end":{"line":428,"column":50}},"loc":{"start":{"line":428,"column":54},"end":{"line":428,"column":76}},"line":428},"19":{"name":"(anonymous_19)","decl":{"start":{"line":441,"column":2},"end":{"line":441,"column":3}},"loc":{"start":{"line":441,"column":30},"end":{"line":444,"column":3}},"line":441},"20":{"name":"(anonymous_20)","decl":{"start":{"line":447,"column":2},"end":{"line":447,"column":3}},"loc":{"start":{"line":447,"column":29},"end":{"line":451,"column":3}},"line":447},"21":{"name":"(anonymous_21)","decl":{"start":{"line":454,"column":2},"end":{"line":454,"column":3}},"loc":{"start":{"line":454,"column":31},"end":{"line":458,"column":3}},"line":454},"22":{"name":"(anonymous_22)","decl":{"start":{"line":461,"column":2},"end":{"line":461,"column":3}},"loc":{"start":{"line":461,"column":26},"end":{"line":463,"column":3}},"line":461},"23":{"name":"(anonymous_23)","decl":{"start":{"line":466,"column":2},"end":{"line":466,"column":3}},"loc":{"start":{"line":466,"column":22},"end":{"line":468,"column":3}},"line":466},"24":{"name":"(anonymous_24)","decl":{"start":{"line":471,"column":2},"end":{"line":471,"column":3}},"loc":{"start":{"line":471,"column":23},"end":{"line":473,"column":3}},"line":471},"25":{"name":"(anonymous_25)","decl":{"start":{"line":476,"column":2},"end":{"line":476,"column":3}},"loc":{"start":{"line":476,"column":33},"end":{"line":491,"column":3}},"line":476}},"branchMap":{"0":{"loc":{"start":{"line":16,"column":33},"end":{"line":16,"column":51}},"type":"default-arg","locations":[{"start":{"line":16,"column":50},"end":{"line":16,"column":51}}],"line":16},"1":{"loc":{"start":{"line":17,"column":4},"end":{"line":19,"column":5}},"type":"if","locations":[{"start":{"line":17,"column":4},"end":{"line":19,"column":5}},{"start":{},"end":{}}],"line":17},"2":{"loc":{"start":{"line":27,"column":14},"end":{"line":27,"column":50}},"type":"cond-expr","locations":[{"start":{"line":27,"column":42},"end":{"line":27,"column":43}},{"start":{"line":27,"column":46},"end":{"line":27,"column":50}}],"line":27},"3":{"loc":{"start":{"line":39,"column":4},"end":{"line":39,"column":49}},"type":"if","locations":[{"start":{"line":39,"column":4},"end":{"line":39,"column":49}},{"start":{},"end":{}}],"line":39},"4":{"loc":{"start":{"line":50,"column":4},"end":{"line":52,"column":5}},"type":"if","locations":[{"start":{"line":50,"column":4},"end":{"line":52,"column":5}},{"start":{},"end":{}}],"line":50},"5":{"loc":{"start":{"line":50,"column":8},"end":{"line":50,"column":97}},"type":"binary-expr","locations":[{"start":{"line":50,"column":8},"end":{"line":50,"column":27}},{"start":{"line":50,"column":31},"end":{"line":50,"column":97}}],"line":50},"6":{"loc":{"start":{"line":55,"column":4},"end":{"line":57,"column":5}},"type":"if","locations":[{"start":{"line":55,"column":4},"end":{"line":57,"column":5}},{"start":{},"end":{}}],"line":55},"7":{"loc":{"start":{"line":55,"column":8},"end":{"line":55,"column":85}},"type":"binary-expr","locations":[{"start":{"line":55,"column":8},"end":{"line":55,"column":37}},{"start":{"line":55,"column":41},"end":{"line":55,"column":85}}],"line":55},"8":{"loc":{"start":{"line":73,"column":4},"end":{"line":73,"column":65}},"type":"if","locations":[{"start":{"line":73,"column":4},"end":{"line":73,"column":65}},{"start":{},"end":{}}],"line":73},"9":{"loc":{"start":{"line":73,"column":8},"end":{"line":73,"column":50}},"type":"binary-expr","locations":[{"start":{"line":73,"column":8},"end":{"line":73,"column":27}},{"start":{"line":73,"column":31},"end":{"line":73,"column":50}}],"line":73},"10":{"loc":{"start":{"line":79,"column":6},"end":{"line":84,"column":7}},"type":"if","locations":[{"start":{"line":79,"column":6},"end":{"line":84,"column":7}},{"start":{},"end":{}}],"line":79},"11":{"loc":{"start":{"line":81,"column":8},"end":{"line":83,"column":9}},"type":"if","locations":[{"start":{"line":81,"column":8},"end":{"line":83,"column":9}},{"start":{},"end":{}}],"line":81},"12":{"loc":{"start":{"line":92,"column":49},"end":{"line":92,"column":73}},"type":"default-arg","locations":[{"start":{"line":92,"column":60},"end":{"line":92,"column":73}}],"line":92},"13":{"loc":{"start":{"line":93,"column":4},"end":{"line":93,"column":64}},"type":"if","locations":[{"start":{"line":93,"column":4},"end":{"line":93,"column":64}},{"start":{},"end":{}}],"line":93},"14":{"loc":{"start":{"line":98,"column":4},"end":{"line":98,"column":68}},"type":"if","locations":[{"start":{"line":98,"column":4},"end":{"line":98,"column":68}},{"start":{},"end":{}}],"line":98},"15":{"loc":{"start":{"line":120,"column":50},"end":{"line":120,"column":74}},"type":"default-arg","locations":[{"start":{"line":120,"column":61},"end":{"line":120,"column":74}}],"line":120},"16":{"loc":{"start":{"line":121,"column":4},"end":{"line":121,"column":64}},"type":"if","locations":[{"start":{"line":121,"column":4},"end":{"line":121,"column":64}},{"start":{},"end":{}}],"line":121},"17":{"loc":{"start":{"line":124,"column":4},"end":{"line":126,"column":5}},"type":"if","locations":[{"start":{"line":124,"column":4},"end":{"line":126,"column":5}},{"start":{},"end":{}}],"line":124},"18":{"loc":{"start":{"line":129,"column":4},"end":{"line":129,"column":68}},"type":"if","locations":[{"start":{"line":129,"column":4},"end":{"line":129,"column":68}},{"start":{},"end":{}}],"line":129},"19":{"loc":{"start":{"line":151,"column":73},"end":{"line":151,"column":97}},"type":"default-arg","locations":[{"start":{"line":151,"column":84},"end":{"line":151,"column":97}}],"line":151},"20":{"loc":{"start":{"line":152,"column":4},"end":{"line":152,"column":64}},"type":"if","locations":[{"start":{"line":152,"column":4},"end":{"line":152,"column":64}},{"start":{},"end":{}}],"line":152},"21":{"loc":{"start":{"line":157,"column":4},"end":{"line":157,"column":77}},"type":"if","locations":[{"start":{"line":157,"column":4},"end":{"line":157,"column":77}},{"start":{},"end":{}}],"line":157},"22":{"loc":{"start":{"line":158,"column":4},"end":{"line":158,"column":92}},"type":"if","locations":[{"start":{"line":158,"column":4},"end":{"line":158,"column":92}},{"start":{},"end":{}}],"line":158},"23":{"loc":{"start":{"line":159,"column":4},"end":{"line":159,"column":71}},"type":"if","locations":[{"start":{"line":159,"column":4},"end":{"line":159,"column":71}},{"start":{},"end":{}}],"line":159},"24":{"loc":{"start":{"line":204,"column":4},"end":{"line":204,"column":53}},"type":"if","locations":[{"start":{"line":204,"column":4},"end":{"line":204,"column":53}},{"start":{},"end":{}}],"line":204},"25":{"loc":{"start":{"line":205,"column":4},"end":{"line":205,"column":81}},"type":"if","locations":[{"start":{"line":205,"column":4},"end":{"line":205,"column":81}},{"start":{},"end":{}}],"line":205},"26":{"loc":{"start":{"line":246,"column":4},"end":{"line":246,"column":53}},"type":"if","locations":[{"start":{"line":246,"column":4},"end":{"line":246,"column":53}},{"start":{},"end":{}}],"line":246},"27":{"loc":{"start":{"line":247,"column":4},"end":{"line":247,"column":81}},"type":"if","locations":[{"start":{"line":247,"column":4},"end":{"line":247,"column":81}},{"start":{},"end":{}}],"line":247},"28":{"loc":{"start":{"line":281,"column":67},"end":{"line":281,"column":91}},"type":"default-arg","locations":[{"start":{"line":281,"column":78},"end":{"line":281,"column":91}}],"line":281},"29":{"loc":{"start":{"line":282,"column":4},"end":{"line":282,"column":64}},"type":"if","locations":[{"start":{"line":282,"column":4},"end":{"line":282,"column":64}},{"start":{},"end":{}}],"line":282},"30":{"loc":{"start":{"line":287,"column":4},"end":{"line":287,"column":77}},"type":"if","locations":[{"start":{"line":287,"column":4},"end":{"line":287,"column":77}},{"start":{},"end":{}}],"line":287},"31":{"loc":{"start":{"line":288,"column":4},"end":{"line":288,"column":92}},"type":"if","locations":[{"start":{"line":288,"column":4},"end":{"line":288,"column":92}},{"start":{},"end":{}}],"line":288},"32":{"loc":{"start":{"line":289,"column":4},"end":{"line":289,"column":71}},"type":"if","locations":[{"start":{"line":289,"column":4},"end":{"line":289,"column":71}},{"start":{},"end":{}}],"line":289},"33":{"loc":{"start":{"line":326,"column":4},"end":{"line":326,"column":53}},"type":"if","locations":[{"start":{"line":326,"column":4},"end":{"line":326,"column":53}},{"start":{},"end":{}}],"line":326},"34":{"loc":{"start":{"line":327,"column":4},"end":{"line":327,"column":81}},"type":"if","locations":[{"start":{"line":327,"column":4},"end":{"line":327,"column":81}},{"start":{},"end":{}}],"line":327},"35":{"loc":{"start":{"line":328,"column":4},"end":{"line":330,"column":5}},"type":"if","locations":[{"start":{"line":328,"column":4},"end":{"line":330,"column":5}},{"start":{},"end":{}}],"line":328},"36":{"loc":{"start":{"line":328,"column":8},"end":{"line":328,"column":74}},"type":"binary-expr","locations":[{"start":{"line":328,"column":8},"end":{"line":328,"column":37}},{"start":{"line":328,"column":41},"end":{"line":328,"column":74}}],"line":328},"37":{"loc":{"start":{"line":353,"column":4},"end":{"line":353,"column":55}},"type":"if","locations":[{"start":{"line":353,"column":4},"end":{"line":353,"column":55}},{"start":{},"end":{}}],"line":353},"38":{"loc":{"start":{"line":354,"column":4},"end":{"line":354,"column":79}},"type":"if","locations":[{"start":{"line":354,"column":4},"end":{"line":354,"column":79}},{"start":{},"end":{}}],"line":354},"39":{"loc":{"start":{"line":357,"column":4},"end":{"line":357,"column":53}},"type":"if","locations":[{"start":{"line":357,"column":4},"end":{"line":357,"column":53}},{"start":{},"end":{}}],"line":357},"40":{"loc":{"start":{"line":363,"column":4},"end":{"line":365,"column":5}},"type":"if","locations":[{"start":{"line":363,"column":4},"end":{"line":365,"column":5}},{"start":{},"end":{}}],"line":363},"41":{"loc":{"start":{"line":363,"column":8},"end":{"line":363,"column":68}},"type":"binary-expr","locations":[{"start":{"line":363,"column":8},"end":{"line":363,"column":30}},{"start":{"line":363,"column":34},"end":{"line":363,"column":68}}],"line":363},"42":{"loc":{"start":{"line":375,"column":4},"end":{"line":379,"column":5}},"type":"if","locations":[{"start":{"line":375,"column":4},"end":{"line":379,"column":5}},{"start":{},"end":{}}],"line":375},"43":{"loc":{"start":{"line":382,"column":4},"end":{"line":384,"column":5}},"type":"if","locations":[{"start":{"line":382,"column":4},"end":{"line":384,"column":5}},{"start":{},"end":{}}],"line":382},"44":{"loc":{"start":{"line":393,"column":4},"end":{"line":405,"column":5}},"type":"if","locations":[{"start":{"line":393,"column":4},"end":{"line":405,"column":5}},{"start":{},"end":{}}],"line":393},"45":{"loc":{"start":{"line":407,"column":4},"end":{"line":419,"column":5}},"type":"if","locations":[{"start":{"line":407,"column":4},"end":{"line":419,"column":5}},{"start":{},"end":{}}],"line":407},"46":{"loc":{"start":{"line":429,"column":6},"end":{"line":429,"column":42}},"type":"if","locations":[{"start":{"line":429,"column":6},"end":{"line":429,"column":42}},{"start":{},"end":{}}],"line":429},"47":{"loc":{"start":{"line":433,"column":4},"end":{"line":435,"column":5}},"type":"if","locations":[{"start":{"line":433,"column":4},"end":{"line":435,"column":5}},{"start":{},"end":{}}],"line":433},"48":{"loc":{"start":{"line":449,"column":4},"end":{"line":449,"column":53}},"type":"if","locations":[{"start":{"line":449,"column":4},"end":{"line":449,"column":53}},{"start":{},"end":{}}],"line":449},"49":{"loc":{"start":{"line":456,"column":4},"end":{"line":456,"column":55}},"type":"if","locations":[{"start":{"line":456,"column":4},"end":{"line":456,"column":55}},{"start":{},"end":{}}],"line":456},"50":{"loc":{"start":{"line":478,"column":4},"end":{"line":481,"column":5}},"type":"if","locations":[{"start":{"line":478,"column":4},"end":{"line":481,"column":5}},{"start":{},"end":{}}],"line":478},"51":{"loc":{"start":{"line":478,"column":8},"end":{"line":478,"column":72}},"type":"binary-expr","locations":[{"start":{"line":478,"column":8},"end":{"line":478,"column":39}},{"start":{"line":478,"column":43},"end":{"line":478,"column":72}}],"line":478},"52":{"loc":{"start":{"line":484,"column":4},"end":{"line":487,"column":5}},"type":"if","locations":[{"start":{"line":484,"column":4},"end":{"line":487,"column":5}},{"start":{},"end":{}}],"line":484},"53":{"loc":{"start":{"line":484,"column":8},"end":{"line":484,"column":68}},"type":"binary-expr","locations":[{"start":{"line":484,"column":8},"end":{"line":484,"column":37}},{"start":{"line":484,"column":41},"end":{"line":484,"column":68}}],"line":484}},"s":{"0":11,"1":11,"2":11,"3":11,"4":11,"5":11,"6":11,"7":11,"8":11,"9":34,"10":1,"11":33,"12":33,"13":69,"14":69,"15":0,"16":69,"17":14,"18":14,"19":14,"20":0,"21":14,"22":1,"23":13,"24":13,"25":13,"26":13,"27":13,"28":0,"29":13,"30":13,"31":13,"32":13,"33":208,"34":208,"35":104,"36":104,"37":10,"38":208,"39":208,"40":13,"41":3,"42":1,"43":2,"44":2,"45":2,"46":2,"47":1,"48":1,"49":1,"50":1,"51":1,"52":1,"53":3,"54":1,"55":2,"56":2,"57":1,"58":1,"59":1,"60":1,"61":0,"62":1,"63":1,"64":1,"65":1,"66":1,"67":0,"68":0,"69":0,"70":0,"71":0,"72":0,"73":0,"74":0,"75":0,"76":0,"77":0,"78":0,"79":0,"80":0,"81":0,"82":0,"83":0,"84":0,"85":0,"86":0,"87":0,"88":0,"89":0,"90":0,"91":0,"92":0,"93":0,"94":0,"95":0,"96":0,"97":0,"98":0,"99":0,"100":0,"101":0,"102":0,"103":0,"104":0,"105":0,"106":0,"107":0,"108":0,"109":0,"110":0,"111":0,"112":0,"113":0,"114":0,"115":0,"116":0,"117":0,"118":4,"119":0,"120":4,"121":4,"122":4,"123":1,"124":3,"125":0,"126":3,"127":1,"128":2,"129":2,"130":2,"131":2,"132":2,"133":2,"134":2,"135":2,"136":2,"137":2,"138":2,"139":0,"140":0,"141":0,"142":0,"143":0,"144":0,"145":0,"146":0,"147":0,"148":0,"149":0,"150":0,"151":0,"152":0,"153":0,"154":0,"155":0,"156":0,"157":0,"158":0,"159":0,"160":0,"161":0,"162":0,"163":0,"164":0,"165":0,"166":0,"167":0,"168":0,"169":0,"170":0,"171":0,"172":0,"173":0,"174":0,"175":0,"176":0,"177":0,"178":0,"179":0,"180":0,"181":1,"182":1,"183":1,"184":1,"185":1,"186":0,"187":0,"188":0,"189":2,"190":2,"191":0,"192":0,"193":0,"194":0,"195":0,"196":0,"197":0,"198":0,"199":4,"200":0,"201":2,"202":4,"203":3,"204":3,"205":4,"206":3,"207":3,"208":4,"209":1},"f":{"0":11,"1":34,"2":69,"3":14,"4":13,"5":3,"6":2,"7":1,"8":3,"9":1,"10":1,"11":0,"12":0,"13":0,"14":4,"15":0,"16":0,"17":1,"18":1,"19":2,"20":0,"21":0,"22":4,"23":0,"24":2,"25":4},"b":{"0":[1],"1":[1,33],"2":[11,22],"3":[0,69],"4":[0,14],"5":[14,14],"6":[1,13],"7":[14,13],"8":[0,13],"9":[13,13],"10":[104,104],"11":[10,94],"12":[3],"13":[1,2],"14":[1,1],"15":[3],"16":[1,2],"17":[1,1],"18":[0,1],"19":[0],"20":[0,0],"21":[0,0],"22":[0,0],"23":[0,0],"24":[0,0],"25":[0,0],"26":[0,0],"27":[0,0],"28":[4],"29":[0,4],"30":[1,3],"31":[0,3],"32":[1,2],"33":[0,0],"34":[0,0],"35":[0,0],"36":[0,0],"37":[0,0],"38":[0,0],"39":[0,0],"40":[0,0],"41":[0,0],"42":[0,0],"43":[0,0],"44":[0,0],"45":[0,0],"46":[1,0],"47":[0,0],"48":[0,0],"49":[0,0],"50":[3,1],"51":[4,3],"52":[3,1],"53":[4,3]},"_coverageSchema":"1a1c01bbd47fc00a2c39e90264f33305004495a9","hash":"37c44c68f15f7ea86124e6d3c2e3ab8e46a94167"}
,"C:\\Users\\HP\\Documents\\FreeLancer-Management-1\\pages\\Profile.js": {"path":"C:\\Users\\HP\\Documents\\FreeLancer-Management-1\\pages\\Profile.js","statementMap":{"0":{"start":{"line":3,"column":4},"end":{"line":3,"column":25}},"1":{"start":{"line":4,"column":4},"end":{"line":4,"column":29}},"2":{"start":{"line":5,"column":4},"end":{"line":5,"column":23}},"3":{"start":{"line":6,"column":4},"end":{"line":6,"column":31}},"4":{"start":{"line":7,"column":4},"end":{"line":7,"column":29}},"5":{"start":{"line":8,"column":4},"end":{"line":8,"column":31}},"6":{"start":{"line":9,"column":4},"end":{"line":9,"column":18}},"7":{"start":{"line":10,"column":4},"end":{"line":10,"column":22}},"8":{"start":{"line":11,"column":4},"end":{"line":11,"column":23}},"9":{"start":{"line":12,"column":4},"end":{"line":12,"column":31}},"10":{"start":{"line":13,"column":4},"end":{"line":13,"column":32}},"11":{"start":{"line":14,"column":4},"end":{"line":14,"column":28}},"12":{"start":{"line":15,"column":4},"end":{"line":15,"column":27}},"13":{"start":{"line":16,"column":4},"end":{"line":16,"column":24}},"14":{"start":{"line":17,"column":4},"end":{"line":17,"column":24}},"15":{"start":{"line":18,"column":4},"end":{"line":18,"column":26}},"16":{"start":{"line":19,"column":4},"end":{"line":23,"column":6}},"17":{"start":{"line":27,"column":4},"end":{"line":27,"column":60}},"18":{"start":{"line":27,"column":33},"end":{"line":27,"column":60}},"19":{"start":{"line":28,"column":4},"end":{"line":28,"column":57}},"20":{"start":{"line":28,"column":32},"end":{"line":28,"column":57}},"21":{"start":{"line":29,"column":4},"end":{"line":29,"column":42}},"22":{"start":{"line":29,"column":27},"end":{"line":29,"column":42}},"23":{"start":{"line":30,"column":4},"end":{"line":30,"column":54}},"24":{"start":{"line":30,"column":31},"end":{"line":30,"column":54}},"25":{"start":{"line":31,"column":4},"end":{"line":31,"column":57}},"26":{"start":{"line":31,"column":32},"end":{"line":31,"column":57}},"27":{"start":{"line":32,"column":4},"end":{"line":32,"column":16}},"28":{"start":{"line":36,"column":4},"end":{"line":38,"column":5}},"29":{"start":{"line":37,"column":6},"end":{"line":37,"column":43}},"30":{"start":{"line":39,"column":4},"end":{"line":39,"column":30}},"31":{"start":{"line":40,"column":4},"end":{"line":40,"column":16}},"32":{"start":{"line":44,"column":4},"end":{"line":46,"column":5}},"33":{"start":{"line":45,"column":6},"end":{"line":45,"column":37}},"34":{"start":{"line":47,"column":4},"end":{"line":49,"column":5}},"35":{"start":{"line":48,"column":6},"end":{"line":48,"column":62}},"36":{"start":{"line":50,"column":4},"end":{"line":52,"column":5}},"37":{"start":{"line":51,"column":6},"end":{"line":51,"column":43}},"38":{"start":{"line":53,"column":4},"end":{"line":53,"column":16}},"39":{"start":{"line":57,"column":27},"end":{"line":57,"column":85}},"40":{"start":{"line":58,"column":4},"end":{"line":60,"column":5}},"41":{"start":{"line":59,"column":6},"end":{"line":59,"column":49}},"42":{"start":{"line":61,"column":4},"end":{"line":63,"column":5}},"43":{"start":{"line":62,"column":6},"end":{"line":62,"column":37}},"44":{"start":{"line":64,"column":4},"end":{"line":64,"column":37}},"45":{"start":{"line":65,"column":4},"end":{"line":65,"column":16}},"46":{"start":{"line":69,"column":4},"end":{"line":71,"column":5}},"47":{"start":{"line":70,"column":6},"end":{"line":70,"column":40}},"48":{"start":{"line":72,"column":4},"end":{"line":72,"column":16}},"49":{"start":{"line":76,"column":4},"end":{"line":76,"column":37}},"50":{"start":{"line":77,"column":4},"end":{"line":77,"column":16}},"51":{"start":{"line":81,"column":4},"end":{"line":83,"column":5}},"52":{"start":{"line":82,"column":6},"end":{"line":82,"column":34}},"53":{"start":{"line":84,"column":4},"end":{"line":84,"column":16}},"54":{"start":{"line":88,"column":4},"end":{"line":88,"column":64}},"55":{"start":{"line":88,"column":49},"end":{"line":88,"column":62}},"56":{"start":{"line":89,"column":4},"end":{"line":89,"column":16}},"57":{"start":{"line":93,"column":4},"end":{"line":95,"column":5}},"58":{"start":{"line":94,"column":6},"end":{"line":94,"column":34}},"59":{"start":{"line":96,"column":4},"end":{"line":96,"column":16}},"60":{"start":{"line":100,"column":4},"end":{"line":100,"column":64}},"61":{"start":{"line":100,"column":49},"end":{"line":100,"column":62}},"62":{"start":{"line":101,"column":4},"end":{"line":101,"column":16}},"63":{"start":{"line":105,"column":4},"end":{"line":119,"column":6}},"64":{"start":{"line":123,"column":4},"end":{"line":141,"column":6}},"65":{"start":{"line":147,"column":4},"end":{"line":147,"column":30}},"66":{"start":{"line":148,"column":4},"end":{"line":148,"column":35}},"67":{"start":{"line":149,"column":4},"end":{"line":149,"column":32}},"68":{"start":{"line":153,"column":4},"end":{"line":155,"column":5}},"69":{"start":{"line":154,"column":6},"end":{"line":154,"column":48}},"70":{"start":{"line":156,"column":4},"end":{"line":158,"column":5}},"71":{"start":{"line":157,"column":6},"end":{"line":157,"column":48}},"72":{"start":{"line":159,"column":4},"end":{"line":161,"column":5}},"73":{"start":{"line":160,"column":6},"end":{"line":160,"column":50}},"74":{"start":{"line":163,"column":20},"end":{"line":163,"column":81}},"75":{"start":{"line":164,"column":4},"end":{"line":164,"column":39}},"76":{"start":{"line":165,"column":4},"end":{"line":165,"column":45}},"77":{"start":{"line":166,"column":4},"end":{"line":166,"column":39}},"78":{"start":{"line":167,"column":4},"end":{"line":167,"column":19}},"79":{"start":{"line":171,"column":4},"end":{"line":171,"column":37}},"80":{"start":{"line":175,"column":19},"end":{"line":175,"column":51}},"81":{"start":{"line":176,"column":4},"end":{"line":176,"column":53}},"82":{"start":{"line":180,"column":19},"end":{"line":180,"column":45}},"83":{"start":{"line":181,"column":4},"end":{"line":181,"column":53}},"84":{"start":{"line":185,"column":20},"end":{"line":185,"column":45}},"85":{"start":{"line":186,"column":4},"end":{"line":191,"column":5}},"86":{"start":{"line":187,"column":6},"end":{"line":187,"column":50}},"87":{"start":{"line":188,"column":6},"end":{"line":188,"column":44}},"88":{"start":{"line":189,"column":6},"end":{"line":189,"column":35}},"89":{"start":{"line":190,"column":6},"end":{"line":190,"column":18}},"90":{"start":{"line":192,"column":4},"end":{"line":192,"column":17}},"91":{"start":{"line":196,"column":20},"end":{"line":196,"column":22}},"92":{"start":{"line":197,"column":23},"end":{"line":197,"column":42}},"93":{"start":{"line":199,"column":4},"end":{"line":207,"column":5}},"94":{"start":{"line":200,"column":23},"end":{"line":200,"column":79}},"95":{"start":{"line":201,"column":6},"end":{"line":206,"column":7}},"96":{"start":{"line":205,"column":8},"end":{"line":205,"column":49}},"97":{"start":{"line":209,"column":4},"end":{"line":209,"column":19}},"98":{"start":{"line":213,"column":20},"end":{"line":213,"column":45}},"99":{"start":{"line":214,"column":4},"end":{"line":217,"column":5}},"100":{"start":{"line":215,"column":6},"end":{"line":215,"column":32}},"101":{"start":{"line":216,"column":6},"end":{"line":216,"column":18}},"102":{"start":{"line":218,"column":4},"end":{"line":218,"column":17}},"103":{"start":{"line":222,"column":20},"end":{"line":222,"column":45}},"104":{"start":{"line":223,"column":4},"end":{"line":226,"column":5}},"105":{"start":{"line":224,"column":6},"end":{"line":224,"column":37}},"106":{"start":{"line":225,"column":6},"end":{"line":225,"column":18}},"107":{"start":{"line":227,"column":4},"end":{"line":227,"column":17}},"108":{"start":{"line":231,"column":0},"end":{"line":231,"column":49}}},"fnMap":{"0":{"name":"(anonymous_0)","decl":{"start":{"line":2,"column":2},"end":{"line":2,"column":3}},"loc":{"start":{"line":2,"column":60},"end":{"line":24,"column":3}},"line":2},"1":{"name":"(anonymous_1)","decl":{"start":{"line":26,"column":2},"end":{"line":26,"column":3}},"loc":{"start":{"line":26,"column":69},"end":{"line":33,"column":3}},"line":26},"2":{"name":"(anonymous_2)","decl":{"start":{"line":35,"column":2},"end":{"line":35,"column":3}},"loc":{"start":{"line":35,"column":28},"end":{"line":41,"column":3}},"line":35},"3":{"name":"(anonymous_3)","decl":{"start":{"line":43,"column":2},"end":{"line":43,"column":3}},"loc":{"start":{"line":43,"column":56},"end":{"line":54,"column":3}},"line":43},"4":{"name":"(anonymous_4)","decl":{"start":{"line":56,"column":2},"end":{"line":56,"column":3}},"loc":{"start":{"line":56,"column":31},"end":{"line":66,"column":3}},"line":56},"5":{"name":"(anonymous_5)","decl":{"start":{"line":68,"column":2},"end":{"line":68,"column":3}},"loc":{"start":{"line":68,"column":29},"end":{"line":73,"column":3}},"line":68},"6":{"name":"(anonymous_6)","decl":{"start":{"line":75,"column":2},"end":{"line":75,"column":3}},"loc":{"start":{"line":75,"column":18},"end":{"line":78,"column":3}},"line":75},"7":{"name":"(anonymous_7)","decl":{"start":{"line":80,"column":2},"end":{"line":80,"column":3}},"loc":{"start":{"line":80,"column":21},"end":{"line":85,"column":3}},"line":80},"8":{"name":"(anonymous_8)","decl":{"start":{"line":87,"column":2},"end":{"line":87,"column":3}},"loc":{"start":{"line":87,"column":23},"end":{"line":90,"column":3}},"line":87},"9":{"name":"(anonymous_9)","decl":{"start":{"line":88,"column":43},"end":{"line":88,"column":44}},"loc":{"start":{"line":88,"column":49},"end":{"line":88,"column":62}},"line":88},"10":{"name":"(anonymous_10)","decl":{"start":{"line":92,"column":2},"end":{"line":92,"column":3}},"loc":{"start":{"line":92,"column":22},"end":{"line":97,"column":3}},"line":92},"11":{"name":"(anonymous_11)","decl":{"start":{"line":99,"column":2},"end":{"line":99,"column":3}},"loc":{"start":{"line":99,"column":25},"end":{"line":102,"column":3}},"line":99},"12":{"name":"(anonymous_12)","decl":{"start":{"line":100,"column":43},"end":{"line":100,"column":44}},"loc":{"start":{"line":100,"column":49},"end":{"line":100,"column":62}},"line":100},"13":{"name":"(anonymous_13)","decl":{"start":{"line":104,"column":2},"end":{"line":104,"column":3}},"loc":{"start":{"line":104,"column":21},"end":{"line":120,"column":3}},"line":104},"14":{"name":"(anonymous_14)","decl":{"start":{"line":122,"column":2},"end":{"line":122,"column":3}},"loc":{"start":{"line":122,"column":19},"end":{"line":142,"column":3}},"line":122},"15":{"name":"(anonymous_15)","decl":{"start":{"line":146,"column":2},"end":{"line":146,"column":3}},"loc":{"start":{"line":146,"column":16},"end":{"line":150,"column":3}},"line":146},"16":{"name":"(anonymous_16)","decl":{"start":{"line":152,"column":2},"end":{"line":152,"column":3}},"loc":{"start":{"line":152,"column":62},"end":{"line":168,"column":3}},"line":152},"17":{"name":"(anonymous_17)","decl":{"start":{"line":170,"column":2},"end":{"line":170,"column":3}},"loc":{"start":{"line":170,"column":25},"end":{"line":172,"column":3}},"line":170},"18":{"name":"(anonymous_18)","decl":{"start":{"line":174,"column":2},"end":{"line":174,"column":3}},"loc":{"start":{"line":174,"column":33},"end":{"line":177,"column":3}},"line":174},"19":{"name":"(anonymous_19)","decl":{"start":{"line":179,"column":2},"end":{"line":179,"column":3}},"loc":{"start":{"line":179,"column":27},"end":{"line":182,"column":3}},"line":179},"20":{"name":"(anonymous_20)","decl":{"start":{"line":184,"column":2},"end":{"line":184,"column":3}},"loc":{"start":{"line":184,"column":24},"end":{"line":193,"column":3}},"line":184},"21":{"name":"(anonymous_21)","decl":{"start":{"line":195,"column":2},"end":{"line":195,"column":3}},"loc":{"start":{"line":195,"column":24},"end":{"line":210,"column":3}},"line":195},"22":{"name":"(anonymous_22)","decl":{"start":{"line":212,"column":2},"end":{"line":212,"column":3}},"loc":{"start":{"line":212,"column":21},"end":{"line":219,"column":3}},"line":212},"23":{"name":"(anonymous_23)","decl":{"start":{"line":221,"column":2},"end":{"line":221,"column":3}},"loc":{"start":{"line":221,"column":26},"end":{"line":228,"column":3}},"line":221}},"branchMap":{"0":{"loc":{"start":{"line":27,"column":4},"end":{"line":27,"column":60}},"type":"if","locations":[{"start":{"line":27,"column":4},"end":{"line":27,"column":60}},{"start":{},"end":{}}],"line":27},"1":{"loc":{"start":{"line":28,"column":4},"end":{"line":28,"column":57}},"type":"if","locations":[{"start":{"line":28,"column":4},"end":{"line":28,"column":57}},{"start":{},"end":{}}],"line":28},"2":{"loc":{"start":{"line":29,"column":4},"end":{"line":29,"column":42}},"type":"if","locations":[{"start":{"line":29,"column":4},"end":{"line":29,"column":42}},{"start":{},"end":{}}],"line":29},"3":{"loc":{"start":{"line":30,"column":4},"end":{"line":30,"column":54}},"type":"if","locations":[{"start":{"line":30,"column":4},"end":{"line":30,"column":54}},{"start":{},"end":{}}],"line":30},"4":{"loc":{"start":{"line":31,"column":4},"end":{"line":31,"column":57}},"type":"if","locations":[{"start":{"line":31,"column":4},"end":{"line":31,"column":57}},{"start":{},"end":{}}],"line":31},"5":{"loc":{"start":{"line":36,"column":4},"end":{"line":38,"column":5}},"type":"if","locations":[{"start":{"line":36,"column":4},"end":{"line":38,"column":5}},{"start":{},"end":{}}],"line":36},"6":{"loc":{"start":{"line":36,"column":8},"end":{"line":36,"column":70}},"type":"binary-expr","locations":[{"start":{"line":36,"column":8},"end":{"line":36,"column":31}},{"start":{"line":36,"column":35},"end":{"line":36,"column":70}}],"line":36},"7":{"loc":{"start":{"line":44,"column":4},"end":{"line":46,"column":5}},"type":"if","locations":[{"start":{"line":44,"column":4},"end":{"line":46,"column":5}},{"start":{},"end":{}}],"line":44},"8":{"loc":{"start":{"line":44,"column":8},"end":{"line":44,"column":60}},"type":"binary-expr","locations":[{"start":{"line":44,"column":8},"end":{"line":44,"column":13}},{"start":{"line":44,"column":17},"end":{"line":44,"column":60}}],"line":44},"9":{"loc":{"start":{"line":47,"column":4},"end":{"line":49,"column":5}},"type":"if","locations":[{"start":{"line":47,"column":4},"end":{"line":49,"column":5}},{"start":{},"end":{}}],"line":47},"10":{"loc":{"start":{"line":50,"column":4},"end":{"line":52,"column":5}},"type":"if","locations":[{"start":{"line":50,"column":4},"end":{"line":52,"column":5}},{"start":{},"end":{}}],"line":50},"11":{"loc":{"start":{"line":50,"column":8},"end":{"line":50,"column":63}},"type":"binary-expr","locations":[{"start":{"line":50,"column":8},"end":{"line":50,"column":16}},{"start":{"line":50,"column":20},"end":{"line":50,"column":63}}],"line":50},"12":{"loc":{"start":{"line":58,"column":4},"end":{"line":60,"column":5}},"type":"if","locations":[{"start":{"line":58,"column":4},"end":{"line":60,"column":5}},{"start":{},"end":{}}],"line":58},"13":{"loc":{"start":{"line":61,"column":4},"end":{"line":63,"column":5}},"type":"if","locations":[{"start":{"line":61,"column":4},"end":{"line":63,"column":5}},{"start":{},"end":{}}],"line":61},"14":{"loc":{"start":{"line":61,"column":8},"end":{"line":61,"column":58}},"type":"binary-expr","locations":[{"start":{"line":61,"column":8},"end":{"line":61,"column":31}},{"start":{"line":61,"column":35},"end":{"line":61,"column":58}}],"line":61},"15":{"loc":{"start":{"line":69,"column":4},"end":{"line":71,"column":5}},"type":"if","locations":[{"start":{"line":69,"column":4},"end":{"line":71,"column":5}},{"start":{},"end":{}}],"line":69},"16":{"loc":{"start":{"line":81,"column":4},"end":{"line":83,"column":5}},"type":"if","locations":[{"start":{"line":81,"column":4},"end":{"line":83,"column":5}},{"start":{},"end":{}}],"line":81},"17":{"loc":{"start":{"line":93,"column":4},"end":{"line":95,"column":5}},"type":"if","locations":[{"start":{"line":93,"column":4},"end":{"line":95,"column":5}},{"start":{},"end":{}}],"line":93},"18":{"loc":{"start":{"line":153,"column":4},"end":{"line":155,"column":5}},"type":"if","locations":[{"start":{"line":153,"column":4},"end":{"line":155,"column":5}},{"start":{},"end":{}}],"line":153},"19":{"loc":{"start":{"line":156,"column":4},"end":{"line":158,"column":5}},"type":"if","locations":[{"start":{"line":156,"column":4},"end":{"line":158,"column":5}},{"start":{},"end":{}}],"line":156},"20":{"loc":{"start":{"line":159,"column":4},"end":{"line":161,"column":5}},"type":"if","locations":[{"start":{"line":159,"column":4},"end":{"line":161,"column":5}},{"start":{},"end":{}}],"line":159},"21":{"loc":{"start":{"line":176,"column":11},"end":{"line":176,"column":52}},"type":"cond-expr","locations":[{"start":{"line":176,"column":20},"end":{"line":176,"column":45}},{"start":{"line":176,"column":48},"end":{"line":176,"column":52}}],"line":176},"22":{"loc":{"start":{"line":181,"column":11},"end":{"line":181,"column":52}},"type":"cond-expr","locations":[{"start":{"line":181,"column":20},"end":{"line":181,"column":45}},{"start":{"line":181,"column":48},"end":{"line":181,"column":52}}],"line":181},"23":{"loc":{"start":{"line":186,"column":4},"end":{"line":191,"column":5}},"type":"if","locations":[{"start":{"line":186,"column":4},"end":{"line":191,"column":5}},{"start":{},"end":{}}],"line":186},"24":{"loc":{"start":{"line":201,"column":6},"end":{"line":206,"column":7}},"type":"if","locations":[{"start":{"line":201,"column":6},"end":{"line":206,"column":7}},{"start":{},"end":{}}],"line":201},"25":{"loc":{"start":{"line":202,"column":8},"end":{"line":203,"column":37}},"type":"binary-expr","locations":[{"start":{"line":202,"column":8},"end":{"line":202,"column":59}},{"start":{"line":203,"column":8},"end":{"line":203,"column":37}}],"line":202},"26":{"loc":{"start":{"line":214,"column":4},"end":{"line":217,"column":5}},"type":"if","locations":[{"start":{"line":214,"column":4},"end":{"line":217,"column":5}},{"start":{},"end":{}}],"line":214},"27":{"loc":{"start":{"line":223,"column":4},"end":{"line":226,"column":5}},"type":"if","locations":[{"start":{"line":223,"column":4},"end":{"line":226,"column":5}},{"start":{},"end":{}}],"line":223}},"s":{"0":21,"1":21,"2":21,"3":21,"4":21,"5":21,"6":21,"7":21,"8":21,"9":21,"10":21,"11":21,"12":21,"13":21,"14":21,"15":21,"16":21,"17":1,"18":1,"19":1,"20":1,"21":1,"22":1,"23":1,"24":1,"25":1,"26":1,"27":1,"28":2,"29":1,"30":1,"31":1,"32":2,"33":1,"34":2,"35":1,"36":2,"37":1,"38":2,"39":3,"40":3,"41":1,"42":2,"43":1,"44":1,"45":1,"46":1,"47":1,"48":1,"49":2,"50":2,"51":1,"52":1,"53":1,"54":1,"55":1,"56":1,"57":1,"58":1,"59":1,"60":1,"61":1,"62":1,"63":4,"64":1,"65":5,"66":5,"67":5,"68":13,"69":1,"70":12,"71":1,"72":11,"73":1,"74":10,"75":10,"76":10,"77":10,"78":10,"79":3,"80":2,"81":2,"82":2,"83":2,"84":2,"85":2,"86":1,"87":1,"88":1,"89":1,"90":1,"91":2,"92":2,"93":2,"94":4,"95":4,"96":3,"97":2,"98":1,"99":1,"100":1,"101":1,"102":0,"103":1,"104":1,"105":1,"106":1,"107":0,"108":1},"f":{"0":21,"1":1,"2":2,"3":2,"4":3,"5":1,"6":2,"7":1,"8":1,"9":1,"10":1,"11":1,"12":1,"13":4,"14":1,"15":5,"16":13,"17":3,"18":2,"19":2,"20":2,"21":2,"22":1,"23":1},"b":{"0":[1,0],"1":[1,0],"2":[1,0],"3":[1,0],"4":[1,0],"5":[1,1],"6":[2,2],"7":[1,1],"8":[2,2],"9":[1,1],"10":[1,1],"11":[2,2],"12":[1,2],"13":[1,1],"14":[2,2],"15":[1,0],"16":[1,0],"17":[1,0],"18":[1,12],"19":[1,11],"20":[1,10],"21":[1,1],"22":[1,1],"23":[1,1],"24":[3,1],"25":[4,2],"26":[1,0],"27":[1,0]},"_coverageSchema":"1a1c01bbd47fc00a2c39e90264f33305004495a9","hash":"5aaf467ebac58b4600ed2f1c691fbfc9fabea5c2"}
,"C:\\Users\\HP\\Documents\\FreeLancer-Management-1\\pages\\homeInteractions.js": {"path":"C:\\Users\\HP\\Documents\\FreeLancer-Management-1\\pages\\homeInteractions.js","statementMap":{"0":{"start":{"line":3,"column":2},"end":{"line":12,"column":5}},"1":{"start":{"line":5,"column":4},"end":{"line":11,"column":7}},"2":{"start":{"line":6,"column":6},"end":{"line":6,"column":25}},"3":{"start":{"line":7,"column":21},"end":{"line":7,"column":70}},"4":{"start":{"line":8,"column":6},"end":{"line":10,"column":7}},"5":{"start":{"line":9,"column":8},"end":{"line":9,"column":54}},"6":{"start":{"line":16,"column":16},"end":{"line":16,"column":49}},"7":{"start":{"line":17,"column":2},"end":{"line":17,"column":36}},"8":{"start":{"line":18,"column":2},"end":{"line":18,"column":45}},"9":{"start":{"line":19,"column":2},"end":{"line":19,"column":35}},"10":{"start":{"line":20,"column":2},"end":{"line":20,"column":49}},"11":{"start":{"line":20,"column":19},"end":{"line":20,"column":42}},"12":{"start":{"line":21,"column":2},"end":{"line":21,"column":50}},"13":{"start":{"line":21,"column":19},"end":{"line":21,"column":42}},"14":{"start":{"line":22,"column":2},"end":{"line":22,"column":41}},"15":{"start":{"line":22,"column":19},"end":{"line":22,"column":33}},"16":{"start":{"line":26,"column":22},"end":{"line":26,"column":69}},"17":{"start":{"line":27,"column":2},"end":{"line":40,"column":3}},"18":{"start":{"line":29,"column":4},"end":{"line":39,"column":7}},"19":{"start":{"line":30,"column":20},"end":{"line":30,"column":51}},"20":{"start":{"line":31,"column":27},"end":{"line":31,"column":69}},"21":{"start":{"line":32,"column":6},"end":{"line":38,"column":9}},"22":{"start":{"line":34,"column":22},"end":{"line":34,"column":79}},"23":{"start":{"line":35,"column":28},"end":{"line":35,"column":84}},"24":{"start":{"line":37,"column":8},"end":{"line":37,"column":110}},"25":{"start":{"line":44,"column":20},"end":{"line":44,"column":62}},"26":{"start":{"line":45,"column":23},"end":{"line":45,"column":66}},"27":{"start":{"line":46,"column":2},"end":{"line":51,"column":3}},"28":{"start":{"line":48,"column":4},"end":{"line":50,"column":7}},"29":{"start":{"line":49,"column":6},"end":{"line":49,"column":58}},"30":{"start":{"line":55,"column":21},"end":{"line":55,"column":59}},"31":{"start":{"line":56,"column":15},"end":{"line":56,"column":46}},"32":{"start":{"line":58,"column":2},"end":{"line":78,"column":3}},"33":{"start":{"line":60,"column":4},"end":{"line":63,"column":7}},"34":{"start":{"line":61,"column":6},"end":{"line":61,"column":26}},"35":{"start":{"line":62,"column":6},"end":{"line":62,"column":36}},"36":{"start":{"line":66,"column":4},"end":{"line":70,"column":7}},"37":{"start":{"line":67,"column":6},"end":{"line":69,"column":7}},"38":{"start":{"line":68,"column":8},"end":{"line":68,"column":38}},"39":{"start":{"line":73,"column":4},"end":{"line":77,"column":7}},"40":{"start":{"line":74,"column":6},"end":{"line":76,"column":9}},"41":{"start":{"line":75,"column":8},"end":{"line":75,"column":38}}},"fnMap":{"0":{"name":"initSmoothScroll","decl":{"start":{"line
[...]
: {"path":"C:\\Users\\HP\\Documents\\FreeLancer-Management-1\\pages\\milestone.js","statementMap":{"0":{"start":{"line":3,"column":4},"end":{"line":3,"column":30}},"1":{"start":{"line":4,"column":4},"end":{"line":4,"column":33}},"2":{"start":{"line":5,"column":4},"end":{"line":5,"column":30}},"3":{"start":{"line":6,"column":4},"end":{"line":6,"column":32}},"4":{"start":{"line":11,"column":4},"end":{"line":13,"column":5}},"5":{"start":{"line":12,"column":6},"end":{"line":12,"column":55}},"6":{"start":{"line":15,"column":4},"end":{"line":24,"column":7}},"7":{"start":{"line":26,"column":4},"end":{"line":26,"column":44}},"8":{"start":{"line":31,"column":22},"end":{"line":31,"column":52}},"9":{"start":{"line":33,"column":4},"end":{"line":45,"column":7}},"10":{"start":{"line":47,"column":4},"end":{"line":47,"column":21}},"11":{"start":{"line":52,"column":20},"end":{"line":52,"column":46}},"12":{"start":{"line":53,"column":23},"end":{"line":53,"column":55}},"13":{"start":{"line":55,"column":4},"end":{"line":57,"column":5}},"14":{"start":{"line":56,"column":6},"end":{"line":56,"column":68}},"15":{"start":{"line":59,"column":4},"end":{"line":59,"column":46}},"16":{"start":{"line":60,"column":4},"end":{"line":60,"column":30}},"17":{"start":{"line":62,"column":4},"end":{"line":62,"column":35}},"18":{"start":{"line":63,"column":4},"end":{"line":63,"column":39}},"19":{"start":{"line":65,"column":4},"end":{"line":65,"column":16}},"20":{"start":{"line":70,"column":20},"end":{"line":70,"column":46}},"21":{"start":{"line":71,"column":24},"end":{"line":71,"column":56}},"22":{"start":{"line":73,"column":22},"end":{"line":84,"column":5}},"23":{"start":{"line":86,"column":4},"end":{"line":86,"column":39}},"24":{"start":{"line":87,"column":4},"end":{"line":87,"column":23}},"25":{"start":{"line":92,"column":22},"end":{"line":92,"column":63}},"26":{"start":{"line":94,"column":4},"end":{"line":101,"column":7}},"27":{"start":{"line":103,"column":4},"end":{"line":103,"column":34}},"28":{"start":{"line":108,"column":17},"end":{"line":108,"column":61}},"29":{"start":{"line":110,"column":26},"end":{"line":110,"column":76}},"30":{"start":{"line":111,"column":4},"end":{"line":113,"column":5}},"31":{"start":{"line":112,"column":6},"end":{"line":112,"column":45}},"32":{"start":{"line":115,"column":4},"end":{"line":115,"column":25}},"33":{"start":{"line":117,"column":4},"end":{"line":119,"column":5}},"34":{"start":{"line":118,"column":6},"end":{"line":118,"column":38}},"35":{"start":{"line":122,"column":4},"end":{"line":122,"column":57}},"36":{"start":{"line":124,"column":4},"end":{"line":124,"column":16}},"37":{"start":{"line":129,"column":22},"end":{"line":129,"column":63}},"38":{"start":{"line":130,"column":20},"end":{"line":130,"column":46}},"39":{"start":{"line":132,"column":4},"end":{"line":132,"column":47}},"40":{"start":{"line":132,"column":38},"end":{"line":132,"column":47}},"41":{"start":{"line":134,"column":27},"end":{"line":134,"column":87}},"42":{"start":{"line":134,"column":55},"end":{"line":134,"column":79}},"43":{"start":{"line":135,"column":4},"end":{"line":135,"column":85}},"44":{"start":{"line":137,"column":4},"end":{"line":143,"column":5}},"45":{"start":{"line":138,"column":6},"end":{"line":138,"column":37}},"46":{"start":{"line":139,"column":6},"end":{"line":139,"column":43}},"47":{"start":{"line":141,"column":25},"end":{"line":141,"column":71}},"48":{"start":{"line":142,"column":6},"end":{"line":142,"column":42}},"49":{"start":{"line":146,"column":4},"end":{"line":146,"column":42}},"50":{"start":{"line":148,"column":4},"end":{"line":148,"column":30}},"51":{"start":{"line":153,"column":20},"end":{"line":153,"column":46}},"52":{"start":{"line":155,"column":4},"end":{"line":155,"column":50}},"53":{"start":{"line":155,"column":41},"end":{"line":155,"column":50}},"54":{"start":{"line":157,"column":32},"end":{"line":157,"column":95}},"55":{"start":{"line":157,"column":63},"end":{"line":157,"column":87}},"56":{"start":{"line":158,"column":4},"end":{"line":158,"column":91}},"57":{"start":{"line":160,"column":4},"end":{"line":167,"column":5}},"58":{"start":{"line":161,"column":6},"end":{"line":161,"column":35}},"59":{"start":{"line":163,"column":25},"end":{"line":163,"column":71}},"60":{"start":{"line":164,"column":6},"end":{"line":164,"column":37}},"61":{"start":{"line":165,"column":6},"end":{"line":165,"column":40}},"62":{"start":{"line":166,"column":6},"end":{"line":166,"column":41}},"63":{"start":{"line":169,"column":4},"end":{"line":169,"column":28}},"64":{"start":{"line":174,"column":20},"end":{"line":174,"column":48}},"65":{"start":{"line":175,"column":4},"end":{"line":175,"column":55}},"66":{"start":{"line":175,"column":18},"end":{"line":175,"column":55}},"67":{"start":{"line":176,"column":4},"end":{"line":176,"column":19}},"68":{"start":{"line":181,"column":23},"end":{"line":181,"column":57}},"69":{"start":{"line":182,"column":4},"end":{"line":182,"column":61}},"70":{"start":{"line":182,"column":21},"end":{"line":182,"column":61}},"71":{"start":{"line":183,"column":4},"end":{"line":183,"column":22}},"72":{"start":{"line":188,"column":20},"end":{"line":188,"column":46}},"73":{"start":{"line":189,"column":22},"end":{"line":189,"column":72}},"74":{"start":{"line":189,"column":51},"end":{"line":189,"column":71}},"75":{"start":{"line":190,"column":4},"end":{"line":190,"column":59}},"76":{"start":{"line":190,"column":20},"end":{"line":190,"column":59}},"77":{"start":{"line":191,"column":4},"end":{"line":191,"column":21}},"78":{"start":{"line":196,"column":22},"end":{"line":196,"column":63}},"79":{"start":{"line":197,"column":17},"end":{"line":197,"column":59}},"80":{"start":{"line":197,"column":43},"end":{"line":197,"column":58}},"81":{"start":{"line":198,"column":4},"end":{"line":198,"column":49}},"82":{"start":{"line":198,"column":15},"end":{"line":198,"column":49}},"83":{"start":{"line":199,"column":4},"end":{"line":199,"column":16}},"84":{"start":{"line":204,"column":21},"end":{"line":204,"column":23}},"85":{"start":{"line":205,"column":4},"end":{"line":215,"column":5}},"86":{"start":{"line":206,"column":6},"end":{"line":214,"column":7}},"87":{"start":{"line":207,"column":8},"end":{"line":213,"column":11}},"88":{"start":{"line":216,"column":4},"end":{"line":216,"column":20}},"89":{"start":{"line":221,"column":20},"end":{"line":221,"column":46}},"90":{"start":{"line":222,"column":4},"end":{"line":228,"column":8}},"91":{"start":{"line":222,"column":40},"end":{"line":228,"column":5}},"92":{"start":{"line":233,"column":22},"end":{"line":233,"column":63}},"93":{"start":{"line":234,"column":4},"end":{"line":234,"column":27}},"94":{"start":{"line":239,"column":23},"end":{"line":239,"column":55}},"95":{"start":{"line":241,"column":4},"end":{"line":243,"column":5}},"96":{"start":{"line":242,"column":6},"end":{"line":242,"column":56}},"97":{"start":{"line":246,"column":4},"end":{"line":248,"column":66}},"98":{"start":{"line":250,"column":4},"end":{"line":250,"column":29}},"99":{"start":{"line":255,"column":24},"end":{"line":255,"column":25}},"100":{"start":{"line":256,"column":28},"end":{"line":256,"column":29}},"101":{"start":{"line":257,"column":28},"end":{"line":257,"column":29}},"102":{"start":{"line":258,"column":26},"end":{"line":258,"column":27}},"103":{"start":{"line":259,"column":30},"end":{"line":259,"column":31}},"104":{"start":{"line":261,"column":4},"end":{"line":264,"column":7}},"105":{"start":{"line":262,"column":6},"end":{"line":262,"column":22}},"106":{"start":{"line":263,"column":6},"end":{"line":263,"column":62}},"107":{"start":{"line":263,"column":42},"end":{"line":263,"column":62}},"108":{"start":{"line":266,"column":4},"end":{"line":270,"column":7}},"109":{"start":{"line":267,"column":6},"end":{"line":267,"column":61}},"110":{"start":{"line":267,"column":41},"end":{"line":267,"column":61}},"111":{"start":{"line":268,"column":6},"end":{"line":268,"column":56}},"112":{"start":{"line":269,"column":6},"end":{"line":269,"column":60}},"113":{"start":{"line":272,"column":4},"end":{"line":281,"column":6}},"114":{"start":{"line":285,"column":0},"end":{"line":285,"column":34}}},"fnMap":{"0":{"name":"(anonymous_0)","decl":{"start":{"line":2,"column":2},"end":{"line":2,"column":3}},"loc":{"start":{"line":2,"column":16},"end":{"line":7,"column":3}},"line":2},"1":{"name":"(anonymous_1)","decl":{"start":{"line":10,"column":2},"end":{"line":10,"column":3}},"loc":{"start":{"line":10,"column":54},"end":{"line":27,"column":3}},"line":10},"2":{"name":"(anonymous_2)","decl":{"start":{"line":30,"column":2},"end":{"line":30,"column":3}},"loc":{"start":{"line":30,"column":64},"end":{"line":48,"column":3}},"line":30},"3":{"name":"(anonymous_3)","decl":{"start":{"line":51,"column":2},"end":{"line":51,"column":3}},"loc":{"start":{"line":51,"column":44},"end":{"line":66,"column":3}},"line":51},"4":{"name":"(anonymous_4)","decl":{"start":{"line":69,"column":2},"end":{"line":69,"column":3}},"loc":{"start":{"line":69,"column":75},"end":{"line":88,"column":3}},"line":69},"5":{"name":"(anonymous_5)","decl":{"start":{"line":91,"column":2},"end":{"line":91,"column":3}},"loc":{"start":{"line":91,"column":72},"end":{"line":104,"column":3}},"line":91},"6":{"name":"(anonymous_6)","decl":{"start":{"line":107,"column":2},"end":{"line":107,"column":3}},"loc":{"start":{"line":107,"column":59},"end":{"line":125,"column":3}},"line":107},"7":{"name":"(anonymous_7)","decl":{"start":{"line":128,"column":2},"end":{"line":128,"column":3}},"loc":{"start":{"line":128,"column":50},"end":{"line":149,"column":3}},"line":128},"8":{"name":"(anonymous_8)","decl":{"start":{"line":134,"column":50},"end":{"line":134,"column":51}},"loc":{"start":{"line":134,"column":55},"end":{"line":134,"column":79}},"line":134},"9":{"name":"(anonymous_9)","decl":{"start":{"line":152,"column":2},"end":{"line":152,"column":3}},"loc":{"start":{"line":152,"column":35},"end":{"line":170,"column":3}},"line":152},"10":{"name":"(anonymous_10)","decl":{"start":{"line":157,"column":58},"end":{"line":157,"column":59}},"loc":{"start":{"line":157,"column":63},"end":{"line":157,"column":87}},"line":157},"11":{"name":"(anonymous_11)","decl":{"start":{"line":173,"column":2},"end":{"line":173,"column":3}},"loc":{"start":{"line":173,"column":24},"end":{"line":177,"column":3}},"line":173},"12":{"name":"(anonymous_12)","decl":{"start":{"line":180,"column":2},"end":{"line":180,"column":3}},"loc":{"start":{"line":180,"column":30},"end":{"line":184,"column":3}},"line":180},"13":{"name":"(anonymous_13)","decl":{"start":{"line":187,"column":2},"end":{"line":187,"column":3}},"loc":{"start":{"line":187,"column":39},"end":{"line":192,"column":3}},"line":187},"14":{"name":"(anonymous_14)","decl":{"start":{"line":189,"column":46},"end":{"line":189,"column":47}},"loc":{"start":{"line":189,"column":51},"end":{"line":189,"column":71}},"line":189},"15":{"name":"(anonymous_15)","decl":{"start":{"line":195,"column":2},"end":{"line":195,"column":3}},"loc":{"start":{"line":195,"column":42},"end":{"line":200,"column":3}},"line":195},"16":{"name":"(anonymous_16)","decl":{"start":{"line":197,"column":38},"end":{"line":197,"column":39}},"loc":{"start":{"line":197,"column":43},"end":{"line":197,"column":58}},"line":197},"17":{"name":"(anonymous_17)","decl":{"start":{"line":203,"column":2},"end":{"line":203,"column":3}},"loc":{"start":{"line":203,"column":38},"end":{"line":217,"column":3}},"line":203},"18":{"name":"(anonymous_18)","decl":{"start":{"line":220,"column":2},"end":{"line":220,"column":3}},"loc":{"start":{"line":220,"column":34},"end":{"line":229,"column":3}},"line":220},"19":{"name":"(anonymous_19)","decl":{"start":{"line":222,"column":34},"end":{"line":222,"column":35}},"loc":{"start":{"line":222,"column":40},"end":{"line":228,"column":5}},"line":222},"20":{"name":"(anonymous_20)","decl":{"start":{"line":232,"column":2},"end":{"line":232,"column":3}},"loc":{"start":{"line":232,"column":44},"end":{"line":235,"column":3}},"line":232},"21":{"name":"(anonymous_21)","decl":{"start":{"line":238,"column":2},"end":{"line":238,"column":3}},"loc":{"start":{"line":238,"column":50},"end":{"line":251,"column":3}},"line":238},"22":{"name":"(anonymous_22)","decl":{"start":{"line":254,"column":2},"end":{"line":254,"column":3}},"loc":{"start":{"line":254,"column":21},"end":{"line":282,"column":3}},"line":254},"23":{"name":"(anonymous_23)","decl":{"start":{"line":261,"column":26},"end":{"line":261,"column":27}},"loc":{"start":{"line":261,"column":37},"end":{"line":264,"column":5}},"line":261},"24":{"name":"(anonymous_24)","decl":{"start":{"line":266,"column":29},"end":{"line":266,"column":30}},"loc":{"start":{"line":266,"column":43},"end":{"line":270,"column":5}},"line":266}},"branchMap":{"0":{"loc":{"start":{"line":10,"column":41},"end":{"line":10,"column":52}},"type":"default-arg","locations":[{"start":{"line":10,"column":50},"end":{"line":10,"column":52}}],"line":10},"1":{"loc":{"start":{"line":11,"column":4},"end":{"line":13,"column":5}},"type":"if","locations":[{"start":{"line":11,"column":4},"end":{"line":13,"column":5}},{"start":{},"end":{}}],"line":11},"2":{"loc":{"start":{"line":55,"column":4},"end":{"line":57,"column":5}},"type":"if","locations":[{"start":{"line":55,"column":4},"end":{"line":57,"column":5}},{"start":{},"end":{}}],"line":55},"3":{"loc":{"start":{"line":111,"column":4},"end":{"line":113,"column":5}},"type":"if","locations":[{"start":{"line":111,"column":4},"end":{"line":113,"column":5}},{"start":{},"end":{}}],"line":111},"4":{"loc":{"start":{"line":117,"column":4},"end":{"line":119,"column":5}},"type":"if","locations":[{"start":{"line":117,"column":4},"end":{"line":119,"column":5}},{"start":{},"end":{}}],"line":117},"5":{"loc":{"start":{"line":132,"column":4},"end":{"line":132,"column":47}},"type":"if","locations":[{"start":{"line":132,"column":4},"end":{"line":132,"column":47}},{"start":{},"end":{}}],"line":132},"6":{"loc":{"start":{"line":137,"column":4},"end":{"line":143,"column":5}},"type":"if","locations":[{"start":{"line":137,"column":4},"end":{"line":143,"column":5}},{"start":{},"end":{}}],"line":137},"7":{"loc":{"start":{"line":155,"column":4},"end":{"line":155,"column":50}},"type":"if","locations":[{"start":{"line":155,"column":4},"end":{"line":155,"column":50}},{"start":{},"end":{}}],"line":155},"8":{"loc":{"start":{"line":160,"column":4},"end":{"line":167,"column":5}},"type":"if","locations":[{"start":{"line":160,"column":4},"end":{"line":167,"column":5}},{"start":{},"end":{}}],"line":160},"9":{"loc":{"start":{"line":175,"column":4},"end":{"line":175,"column":55}},"type":"if","locations":[{"start":{"line":175,"column":4},"end":{"line":175,"column":55}},{"start":{},"end":{}}],"line":175},"10":{"loc":{"start":{"line":182,"column":4},"end":{"line":182,"column":61}},"type":"if","locations":[{"start":{"line":182,"column":4},"end":{"line":182,"column":61}},{"start":{},"end":{}}],"line":182},"11":{"loc":{"start":{"line":190,"column":4},"end":{"line":190,"column":59}},"type":"if","locations":[{"start":{"line":190,"column":4},"end":{"line":190,"column":59}},{"start":{},"end":{}}],"line":190},"12":{"loc":{"start":{"line":198,"column":4},"end":{"line":198,"column":49}},"type":"if","locations":[{"start":{"line":198,"column":4},"end":{"line":198,"column":49}},{"start":{},"end":{}}],"line":198},"13":{"loc":{"start":{"line":206,"column":6},"end":{"line":214,"column":7}},"type":"if","locations":[{"start":{"line":206,"column":6},"end":{"line":214,"column":7}},{"start":{},"end":{}}],"line":206},"14":{"loc":{"start":{"line":241,"column":4},"end":{"line":243,"column":5}},"type":"if","locations":[{"start":{"line":241,"column":4},"end":{"line":243,"column":5}},{"start":{},"end":{}}],"line":241},"15":{"loc":{"start":{"line":241,"column":8},"end":{"line":241,"column":38}},"type":"binary-expr","locations":[{"start":{"line":241,"column":8},"end":{"line":241,"column":21}},{"start":{"line":241,"column":25},"end":{"line":241,"column":38}}],"line":241},"16":{"loc":{"start":{"line":246,"column":24},"end":{"line":248,"column":65}},"type":"cond-expr","locations":[{"start":{"line":247,"column":6},"end":{"line":247,"column":15}},{"start":{"line":248,"column":6},"end":{"line":248,"column":65}}],"line":246},"17":{"loc":{"start":{"line":263,"column":6},"end":{"line":263,"column":62}},"type":"if","locations":[{"start":{"line":263,"column":6},"end":{"line":263,"column":62}},{"start":{},"end":{}}],"line":263},"18":{"loc":{"start":{"line":267,"column":6},"end":{"line":267,"column":61}},"type":"if","locations":[{"start":{"line":267,"column":6},"end":{"line":267,"column":61}},{"start":{},"end":{}}],"line":267},"19":{"loc":{"start":{"line":279,"column":22},"end":{"line":280,"column":65}},"type":"cond-expr","locations":[{"start":{"line":280,"column":8},"end":{"line":280,"column":61}},{"start":{"line":280,"column":64},"end":{"line":280,"column":65}}],"line":279}},"s":{"0":10,"1":10,"2":10,"3":10,"4":11,"5":1,"6":10,"7":10,"8":11,"9":11,"10":11,"11":11,"12":11,"13":11,"14":0,"15":11,"16":11,"17":11,"18":11,"19":11,"20":10,"21":10,"22":10,"23":10,"24":10,"25":3,"26":3,"27":3,"28":3,"29":3,"30":3,"31":0,"32":3,"33":3,"34":2,"35":3,"36":3,"37":3,"38":3,"39":3,"40":0,"41":3,"42":3,"43":3,"44":3,"45":2,"46":2,"47":2,"48":2,"49":3,"50":3,"51":3,"52":3,"53":0,"54":3,"55":3,"56":3,"57":3,"58":2,"59":2,"60":2,"61":2,"62":2,"63":3,"64":44,"65":44,"66":0,"67":44,"68":34,"69":34,"70":0,"71":34,"72":13,"73":13,"74":13,"75":13,"76":0,"77":13,"78":5,"79":5,"80":5,"81":5,"82":0,"83":5,"84":0,"85":0,"86":0,"87":0,"88":0,"89":1,"90":1,"91":1,"92":1,"93":1,"94":4,"95":4,"96":2,"97":2,"98":2,"99":0,"100":0,"101":0,"102":0,"103":0,"104":0,"105":0,"106":0,"107":0,"108":0,"109":0,"110":0,"111":0,"112":0,"113":0,"114":1},"f":{"0":10,"1":11,"2":11,"3":11,"4":10,"5":3,"6":3,"7":3,"8":3,"9":3,"10":3,"11":44,"12":34,"13":13,"14":13,"15":5,"16":5,"17":0,"18":1,"19":1,"20":1,"21":4,"22":0,"23":0,"24":0},"b":{"0":[1],"1":[1,10],"2":[0,11],"3":[0,3],"4":[2,1],"5":[0,3],"6":[2,1],"7":[0,3],"8":[2,1],"9":[0,44],"10":[0,34],"11":[0,13],"12":[0,5],"13":[0,0],"14":[2,2],"15":[4,3],"16":[1,1],"17":[0,0],"18":[0,0],"19":[0,0]},"_coverageSchema":"1a1c01bbd47fc00a2c39e90264f33305004495a9","hash":"b98a703742bc239e598b3496713ce6d2d15b4b48"}
,"C:\\Users\\HP\\Documents\\FreeLancer-Management-1\\pages\\script2.js": {"path":"C:\\Users\\HP\\Documents\\FreeLancer-Management-1\\pages\\script2.js","statementMap":{"0":{"start":{"line":1,"column":18},"end":{"line":1,"column":57}},"1":{"start":{"line":2,"column":16},"end":{"line":2,"column":58}},"2":{"start":{"line":3,"column":14},"end":{"line":3,"column":58}},"3":{"start":{"line":5,"column":0},"end":{"line":27,"column":3}},"4":{"start":{"line":6,"column":2},"end":{"line":6,"column":28}},"5":{"start":{"line":7,"column":2},"end":{"line":7,"column":42}},"6":{"start":{"line":8,"column":2},"end":{"line":8,"column":27}},"7":{"start":{"line":10,"column":2},"end":{"line":26,"column":11}},"8":{"start":{"line":12,"column":4},"end":{"line":12,"column":38}},"9":{"start":{"line":13,"column":4},"end":{"line":13,"column":42}},"10":{"start":{"line":14,"column":4},"end":{"line":14,"column":43}},"11":{"start":{"line":17,"column":4},"end":{"line":17,"column":60}},"12":{"start":{"line":18,"column":4},"end":{"line":18,"column":34}},"13":{"start":{"line":21,"column":4},"end":{"line":21,"column":35}},"14":{"start":{"line":22,"column":4},"end":{"line":22,"column":48}}},"fnMap":{"0":{"name":"(anonymous_0)","decl":{"start":{"line":5,"column":36},"end":{"line":5,"column":37}},"loc":{"start":{"line":5,"column":48},"end":{"line":27,"column":1}},"line":5},"1":{"name":"(anonymous_1)","decl":{"start":{"line":10,"column":13},"end":{"line":10,"column":14}},"loc":{"start":{"line":10,"column":25},"end":{"line":26,"column":3}},"line":10}},"branchMap":{},"s":{"0":1,"1":1,"2":1,"3":1,"4":3,"5":3,"6":3,"7":3,"8":1,"9":1,"10":1,"11":1,"12":1,"13":1,"14":1},"f":{"0":3,"1":1},"b":{},"_coverageSchema":"1a1c01bbd47fc00a2c39e90264f33305004495a9","hash":"61f1ca501459f12b4459507deb5108d1064a6667"}
}
