TN:
SF:Index2 scripts\myadmin.js
FN:3,(anonymous_0)
FN:12,(anonymous_1)
FN:39,(anonymous_2)
FN:50,(anonymous_3)
FN:58,(anonymous_4)
FN:71,(anonymous_5)
FN:84,(anonymous_6)
FN:114,(anonymous_7)
FN:126,(anonymous_8)
FN:139,(anonymous_9)
FN:151,(anonymous_10)
FN:178,(anonymous_11)
FN:179,(anonymous_12)
FN:187,(anonymous_13)
FN:188,(anonymous_14)
FN:197,(anonymous_15)
FN:202,(anonymous_16)
FNF:17
FNH:17
FNDA:13,(anonymous_0)
FNDA:27,(anonymous_1)
FNDA:19,(anonymous_2)
FNDA:2,(anonymous_3)
FNDA:3,(anonymous_4)
FNDA:2,(anonymous_5)
FNDA:6,(anonymous_6)
FNDA:1,(anonymous_7)
FNDA:1,(anonymous_8)
FNDA:6,(anonymous_9)
FNDA:4,(anonymous_10)
FNDA:2,(anonymous_11)
FNDA:1,(anonymous_12)
FNDA:3,(anonymous_13)
FNDA:1,(anonymous_14)
FNDA:1,(anonymous_15)
FNDA:39,(anonymous_16)
DA:4,13
DA:5,13
DA:6,13
DA:7,13
DA:8,13
DA:13,27
DA:14,1
DA:17,26
DA:18,26
DA:19,0
DA:22,26
DA:33,26
DA:34,26
DA:35,26
DA:40,19
DA:41,1
DA:44,18
DA:45,18
DA:46,18
DA:51,2
DA:52,2
DA:53,2
DA:54,2
DA:59,3
DA:60,3
DA:61,3
DA:66,3
DA:67,3
DA:72,2
DA:73,2
DA:74,1
DA:77,1
DA:78,1
DA:79,1
DA:80,1
DA:85,6
DA:88,6
DA:89,1
DA:93,5
DA:94,5
DA:102,5
DA:105,5
DA:106,0
DA:109,5
DA:110,5
DA:115,1
DA:116,0
DA:119,1
DA:120,1
DA:121,1
DA:122,1
DA:127,1
DA:128,0
DA:131,1
DA:132,1
DA:133,1
DA:134,1
DA:135,1
DA:136,1
DA:140,6
DA:141,1
DA:142,1
DA:143,1
DA:147,5
DA:152,4
DA:153,4
DA:154,7
DA:157,7
DA:158,7
DA:159,7
DA:161,7
DA:162,5
DA:174,4
DA:179,2
DA:188,3
DA:198,1
DA:203,39
DA:211,39
DA:212,0
DA:217,1
LF:80
LH:75
BRDA:13,0,0,1
BRDA:13,0,1,26
BRDA:18,1,0,0
BRDA:18,1,1,26
BRDA:40,2,0,1
BRDA:40,2,1,18
BRDA:45,3,0,0
BRDA:45,3,1,18
BRDA:73,4,0,1
BRDA:73,4,1,1
BRDA:84,5,0,5
BRDA:88,6,0,1
BRDA:88,6,1,5
BRDA:105,7,0,0
BRDA:105,7,1,5
BRDA:115,8,0,0
BRDA:115,8,1,1
BRDA:127,9,0,0
BRDA:127,9,1,1
BRDA:141,10,0,1
BRDA:141,10,1,0
BRDA:141,11,0,1
BRDA:141,11,1,0
BRDA:142,12,0,1
BRDA:142,12,1,0
BRDA:142,13,0,1
BRDA:142,13,1,0
BRDA:151,14,0,2
BRDA:157,15,0,1
BRDA:157,15,1,6
BRDA:157,16,0,7
BRDA:157,16,1,2
BRDA:158,17,0,1
BRDA:158,17,1,6
BRDA:158,18,0,7
BRDA:158,18,1,2
BRDA:159,19,0,0
BRDA:159,19,1,7
BRDA:159,20,0,7
BRDA:159,20,1,0
BRDA:161,21,0,5
BRDA:161,21,1,2
BRDA:197,22,0,1
BRDA:202,23,0,37
BRDA:211,24,0,0
BRDA:211,24,1,39
BRF:46
BRH:34
end_of_record
TN:
SF:pages\Freelancing.js
FN:2,(anonymous_0)
FN:3,(anonymous_1)
FN:13,(anonymous_2)
FN:18,(anonymous_3)
FN:19,(anonymous_4)
FN:20,(anonymous_5)
FN:27,(anonymous_6)
FN:31,(anonymous_7)
FN:45,(anonymous_8)
FN:55,(anonymous_9)
FN:61,(anonymous_10)
FN:67,(anonymous_11)
FN:68,(anonymous_12)
FNF:13
FNH:8
FNDA:4,(anonymous_0)
FNDA:1,(anonymous_1)
FNDA:1,(anonymous_2)
FNDA:1,(anonymous_3)
FNDA:1,(anonymous_4)
FNDA:1,(anonymous_5)
FNDA:0,(anonymous_6)
FNDA:0,(anonymous_7)
FNDA:0,(anonymous_8)
FNDA:0,(anonymous_9)
FNDA:5,(anonymous_10)
FNDA:2,(anonymous_11)
FNDA:0,(anonymous_12)
DA:2,1
DA:3,4
DA:4,1
DA:5,1
DA:6,1
DA:7,1
DA:13,1
DA:14,1
DA:15,1
DA:16,1
DA:17,1
DA:18,1
DA:19,1
DA:20,1
DA:24,1
DA:26,1
DA:27,0
DA:28,0
DA:29,0
DA:31,0
DA:32,0
DA:33,0
DA:35,0
DA:41,1
DA:42,1
DA:44,1
DA:45,1
DA:46,0
DA:51,1
DA:52,1
DA:54,1
DA:55,1
DA:56,0
DA:57,0
DA:61,1
DA:62,5
DA:63,5
DA:67,1
DA:68,2
DA:69,0
LF:40
LH:29
BRDA:6,0,0,1
BRDA:6,0,1,0
BRDA:26,1,0,0
BRDA:26,1,1,1
BRDA:32,2,0,0
BRDA:32,2,1,0
BRDA:33,3,0,0
BRDA:33,3,1,0
BRDA:35,4,0,0
BRDA:35,4,1,0
BRDA:35,5,0,0
BRDA:35,5,1,0
BRDA:44,6,0,1
BRDA:44,6,1,0
BRDA:44,7,0,1
BRDA:44,7,1,1
BRDA:54,8,0,1
BRDA:54,8,1,0
BRDA:54,9,0,1
BRDA:54,9,1,1
BRDA:62,10,0,5
BRDA:62,10,1,0
BRDA:62,11,0,5
BRDA:62,11,1,5
BRF:24
BRH:11
end_of_record
TN:
SF:pages\Payment.js
FN:2,(anonymous_0)
FN:14,(anonymous_1)
FN:33,(anonymous_2)
FN:39,(anonymous_3)
FN:61,(anonymous_4)
FN:81,(anonymous_5)
FN:85,(anonymous_6)
FN:88,(anonymous_7)
FN:105,(anonymous_8)
FN:113,(anonymous_9)
FN:116,(anonymous_10)
FN:133,(anonymous_11)
FN:178,(anonymous_12)
FN:214,(anonymous_13)
FN:246,(anonymous_14)
FN:284,(anonymous_15)
FN:308,(anonymous_16)
FN:375,(anonymous_17)
FN:377,(anonymous_18)
FN:388,(anonymous_19)
FN:393,(anonymous_20)
FN:399,(anonymous_21)
FN:405,(anonymous_22)
FN:409,(anonymous_23)
FN:413,(anonymous_24)
FN:417,(anonymous_25)
FNF:26
FNH:18
FNDA:11,(anonymous_0)
FNDA:34,(anonymous_1)
FNDA:69,(anonymous_2)
FNDA:14,(anonymous_3)
FNDA:13,(anonymous_4)
FNDA:3,(anonymous_5)
FNDA:2,(anonymous_6)
FNDA:1,(anonymous_7)
FNDA:3,(anonymous_8)
FNDA:1,(anonymous_9)
FNDA:1,(anonymous_10)
FNDA:0,(anonymous_11)
FNDA:0,(anonymous_12)
FNDA:0,(anonymous_13)
FNDA:4,(anonymous_14)
FNDA:0,(anonymous_15)
FNDA:0,(anonymous_16)
FNDA:1,(anonymous_17)
FNDA:1,(anonymous_18)
FNDA:2,(anonymous_19)
FNDA:0,(anonymous_20)
FNDA:0,(anonymous_21)
FNDA:4,(anonymous_22)
FNDA:0,(anonymous_23)
FNDA:2,(anonymous_24)
FNDA:4,(anonymous_25)
DA:3,11
DA:4,11
DA:5,11
DA:6,11
DA:7,11
DA:8,11
DA:9,11
DA:10,11
DA:11,11
DA:15,34
DA:16,1
DA:19,33
DA:30,33
DA:34,69
DA:35,69
DA:36,69
DA:40,14
DA:41,14
DA:43,14
DA:44,0
DA:47,14
DA:48,1
DA:51,13
DA:57,13
DA:58,13
DA:62,13
DA:63,13
DA:65,13
DA:66,13
DA:67,13
DA:68,208
DA:69,208
DA:70,104
DA:71,104
DA:72,10
DA:75,208
DA:76,208
DA:78,13
DA:82,3
DA:83,2
DA:85,2
DA:86,2
DA:88,1
DA:90,1
DA:91,1
DA:102,1
DA:106,3
DA:107,2
DA:109,2
DA:110,1
DA:113,1
DA:114,1
DA:116,1
DA:118,1
DA:119,1
DA:130,1
DA:134,0
DA:135,0
DA:136,0
DA:138,0
DA:139,0
DA:140,0
DA:142,0
DA:143,0
DA:145,0
DA:147,0
DA:148,0
DA:150,0
DA:163,0
DA:175,0
DA:179,0
DA:180,0
DA:181,0
DA:183,0
DA:184,0
DA:186,0
DA:187,0
DA:188,0
DA:190,0
DA:191,0
DA:192,0
DA:194,0
DA:196,0
DA:197,0
DA:199,0
DA:211,0
DA:215,0
DA:216,0
DA:217,0
DA:219,0
DA:221,0
DA:222,0
DA:223,0
DA:224,0
DA:226,0
DA:228,0
DA:229,0
DA:231,0
DA:243,0
DA:247,4
DA:248,4
DA:249,4
DA:251,4
DA:252,3
DA:253,3
DA:255,2
DA:256,2
DA:258,2
DA:259,2
DA:260,2
DA:262,2
DA:263,2
DA:264,2
DA:266,2
DA:268,2
DA:281,2
DA:285,0
DA:286,0
DA:287,0
DA:288,0
DA:289,0
DA:292,0
DA:293,0
DA:304,0
DA:305,0
DA:309,0
DA:310,0
DA:311,0
DA:313,0
DA:314,0
DA:316,0
DA:317,0
DA:319,0
DA:320,0
DA:323,0
DA:324,0
DA:325,0
DA:326,0
DA:327,0
DA:329,0
DA:330,0
DA:331,0
DA:332,0
DA:335,0
DA:336,0
DA:337,0
DA:340,0
DA:342,0
DA:344,0
DA:345,0
DA:358,0
DA:359,0
DA:372,0
DA:376,1
DA:377,1
DA:378,1
DA:381,0
DA:382,0
DA:385,0
DA:389,2
DA:390,2
DA:394,0
DA:395,0
DA:396,0
DA:400,0
DA:401,0
DA:402,0
DA:406,4
DA:410,0
DA:414,2
DA:418,4
DA:419,3
DA:420,3
DA:423,4
DA:424,3
DA:425,3
DA:428,4
DA:432,1
LF:178
LH:87
BRDA:14,0,0,1
BRDA:15,1,0,1
BRDA:15,1,1,33
BRDA:24,2,0,11
BRDA:24,2,1,22
BRDA:35,3,0,0
BRDA:35,3,1,69
BRDA:43,4,0,0
BRDA:43,4,1,14
BRDA:43,5,0,14
BRDA:43,5,1,14
BRDA:47,6,0,1
BRDA:47,6,1,13
BRDA:47,7,0,14
BRDA:47,7,1,13
BRDA:63,8,0,0
BRDA:63,8,1,13
BRDA:63,9,0,13
BRDA:63,9,1,13
BRDA:69,10,0,104
BRDA:69,10,1,104
BRDA:71,11,0,10
BRDA:71,11,1,94
BRDA:81,12,0,3
BRDA:82,13,0,1
BRDA:82,13,1,2
BRDA:86,14,0,1
BRDA:86,14,1,1
BRDA:105,15,0,3
BRDA:106,16,0,1
BRDA:106,16,1,2
BRDA:109,17,0,1
BRDA:109,17,1,1
BRDA:114,18,0,0
BRDA:114,18,1,1
BRDA:133,19,0,0
BRDA:134,20,0,0
BRDA:134,20,1,0
BRDA:138,21,0,0
BRDA:138,21,1,0
BRDA:139,22,0,0
BRDA:139,22,1,0
BRDA:140,23,0,0
BRDA:140,23,1,0
BRDA:180,24,0,0
BRDA:180,24,1,0
BRDA:181,25,0,0
BRDA:181,25,1,0
BRDA:216,26,0,0
BRDA:216,26,1,0
BRDA:217,27,0,0
BRDA:217,27,1,0
BRDA:246,28,0,4
BRDA:247,29,0,0
BRDA:247,29,1,4
BRDA:251,30,0,1
BRDA:251,30,1,3
BRDA:252,31,0,0
BRDA:252,31,1,3
BRDA:253,32,0,1
BRDA:253,32,1,2
BRDA:286,33,0,0
BRDA:286,33,1,0
BRDA:287,34,0,0
BRDA:287,34,1,0
BRDA:288,35,0,0
BRDA:288,35,1,0
BRDA:288,36,0,0
BRDA:288,36,1,0
BRDA:310,37,0,0
BRDA:310,37,1,0
BRDA:311,38,0,0
BRDA:311,38,1,0
BRDA:314,39,0,0
BRDA:314,39,1,0
BRDA:319,40,0,0
BRDA:319,40,1,0
BRDA:319,41,0,0
BRDA:319,41,1,0
BRDA:329,42,0,0
BRDA:329,42,1,0
BRDA:336,43,0,0
BRDA:336,43,1,0
BRDA:344,44,0,0
BRDA:344,44,1,0
BRDA:358,45,0,0
BRDA:358,45,1,0
BRDA:378,46,0,1
BRDA:378,46,1,0
BRDA:381,47,0,0
BRDA:381,47,1,0
BRDA:395,48,0,0
BRDA:395,48,1,0
BRDA:401,49,0,0
BRDA:401,49,1,0
BRDA:418,50,0,3
BRDA:418,50,1,1
BRDA:418,51,0,4
BRDA:418,51,1,3
BRDA:423,52,0,3
BRDA:423,52,1,1
BRDA:423,53,0,4
BRDA:423,53,1,3
BRF:103
BRH:47
end_of_record
TN:
SF:pages\Profile.js
FN:7,(anonymous_0)
FN:34,(anonymous_1)
FN:46,(anonymous_2)
FN:57,(anonymous_3)
FN:73,(anonymous_4)
FN:88,(anonymous_5)
FN:98,(anonymous_6)
FN:106,(anonymous_7)
FN:116,(anonymous_8)
FN:117,(anonymous_9)
FN:124,(anonymous_10)
FN:134,(anonymous_11)
FN:135,(anonymous_12)
FN:142,(anonymous_13)
FN:163,(anonymous_14)
FN:190,(anonymous_15)
FN:199,(anonymous_16)
FN:220,(anonymous_17)
FN:227,(anonymous_18)
FN:235,(anonymous_19)
FN:243,(anonymous_20)
FN:257,(anonymous_21)
FN:277,(anonymous_22)
FN:289,(anonymous_23)
FNF:24
FNH:24
FNDA:21,(anonymous_0)
FNDA:1,(anonymous_1)
FNDA:2,(anonymous_2)
FNDA:2,(anonymous_3)
FNDA:3,(anonymous_4)
FNDA:1,(anonymous_5)
FNDA:2,(anonymous_6)
FNDA:1,(anonymous_7)
FNDA:1,(anonymous_8)
FNDA:1,(anonymous_9)
FNDA:1,(anonymous_10)
FNDA:1,(anonymous_11)
FNDA:1,(anonymous_12)
FNDA:4,(anonymous_13)
FNDA:1,(anonymous_14)
FNDA:5,(anonymous_15)
FNDA:13,(anonymous_16)
FNDA:3,(anonymous_17)
FNDA:2,(anonymous_18)
FNDA:2,(anonymous_19)
FNDA:2,(anonymous_20)
FNDA:2,(anonymous_21)
FNDA:1,(anonymous_22)
FNDA:1,(anonymous_23)
DA:8,21
DA:9,21
DA:10,21
DA:11,21
DA:12,21
DA:13,21
DA:14,21
DA:15,21
DA:16,21
DA:17,21
DA:18,21
DA:19,21
DA:20,21
DA:21,21
DA:22,21
DA:23,21
DA:24,21
DA:35,1
DA:36,1
DA:37,1
DA:38,1
DA:39,1
DA:40,1
DA:47,2
DA:48,1
DA:50,1
DA:51,1
DA:58,2
DA:59,1
DA:61,2
DA:62,1
DA:64,2
DA:65,1
DA:67,2
DA:74,3
DA:75,3
DA:76,1
DA:78,2
DA:79,1
DA:81,1
DA:82,1
DA:89,1
DA:90,1
DA:92,1
DA:99,2
DA:100,2
DA:107,1
DA:108,1
DA:110,1
DA:117,1
DA:118,1
DA:125,1
DA:126,1
DA:128,1
DA:135,1
DA:136,1
DA:143,4
DA:164,1
DA:191,5
DA:192,5
DA:193,5
DA:200,13
DA:201,1
DA:203,12
DA:204,1
DA:206,11
DA:207,1
DA:210,10
DA:211,10
DA:212,10
DA:213,10
DA:214,10
DA:221,3
DA:228,2
DA:229,2
DA:236,2
DA:237,2
DA:244,2
DA:245,2
DA:246,1
DA:247,1
DA:248,1
DA:249,1
DA:251,1
DA:258,2
DA:259,2
DA:261,2
DA:262,4
DA:263,4
DA:267,3
DA:271,2
DA:278,1
DA:279,1
DA:280,1
DA:281,1
DA:283,0
DA:290,1
DA:291,1
DA:292,1
DA:293,1
DA:295,0
DA:300,1
LF:102
LH:100
BRDA:35,0,0,1
BRDA:35,0,1,0
BRDA:36,1,0,1
BRDA:36,1,1,0
BRDA:37,2,0,1
BRDA:37,2,1,0
BRDA:38,3,0,1
BRDA:38,3,1,0
BRDA:39,4,0,1
BRDA:39,4,1,0
BRDA:47,5,0,1
BRDA:47,5,1,1
BRDA:47,6,0,2
BRDA:47,6,1,2
BRDA:58,7,0,1
BRDA:58,7,1,1
BRDA:58,8,0,2
BRDA:58,8,1,2
BRDA:61,9,0,1
BRDA:61,9,1,1
BRDA:64,10,0,1
BRDA:64,10,1,1
BRDA:64,11,0,2
BRDA:64,11,1,2
BRDA:75,12,0,1
BRDA:75,12,1,2
BRDA:78,13,0,1
BRDA:78,13,1,1
BRDA:78,14,0,2
BRDA:78,14,1,2
BRDA:89,15,0,1
BRDA:89,15,1,0
BRDA:107,16,0,1
BRDA:107,16,1,0
BRDA:125,17,0,1
BRDA:125,17,1,0
BRDA:200,18,0,1
BRDA:200,18,1,12
BRDA:203,19,0,1
BRDA:203,19,1,11
BRDA:206,20,0,1
BRDA:206,20,1,10
BRDA:229,21,0,1
BRDA:229,21,1,1
BRDA:237,22,0,1
BRDA:237,22,1,1
BRDA:245,23,0,1
BRDA:245,23,1,1
BRDA:263,24,0,3
BRDA:263,24,1,1
BRDA:264,25,0,4
BRDA:264,25,1,2
BRDA:279,26,0,1
BRDA:279,26,1,0
BRDA:291,27,0,1
BRDA:291,27,1,0
BRF:56
BRH:46
end_of_record
TN:
SF:pages\homeInteractions.js
FN:2,initSmoothScroll
FN:3,(anonymous_1)
FN:4,(anonymous_2)
FN:14,showToastMessage
FN:19,(anonymous_4)
FN:20,(anonymous_5)
FN:21,(anonymous_6)
FN:24,initSearchFilter
FN:27,(anonymous_8)
FN:30,(anonymous_9)
FN:39,initScrollToServices
FN:43,(anonymous_11)
FN:49,initHamburgerMenu
FN:54,(anonymous_13)
FN:59,(anonymous_14)
FN:65,(anonymous_15)
FN:66,(anonymous_16)
FNF:17
FNH:17
FNDA:1,initSmoothScroll
FNDA:1,(anonymous_1)
FNDA:1,(anonymous_2)
FNDA:1,showToastMessage
FNDA:1,(anonymous_4)
FNDA:1,(anonymous_5)
FNDA:1,(anonymous_6)
FNDA:1,initSearchFilter
FNDA:1,(anonymous_8)
FNDA:2,(anonymous_9)
FNDA:1,initScrollToServices
FNDA:1,(anonymous_11)
FNDA:1,initHamburgerMenu
FNDA:1,(anonymous_13)
FNDA:1,(anonymous_14)
FNDA:1,(anonymous_15)
FNDA:1,(anonymous_16)
DA:3,1
DA:4,1
DA:5,1
DA:6,1
DA:7,1
DA:8,1
DA:15,1
DA:16,1
DA:17,1
DA:18,1
DA:19,1
DA:20,1
DA:21,1
DA:25,1
DA:26,1
DA:27,1
DA:28,1
DA:29,1
DA:30,1
DA:31,2
DA:32,2
DA:33,2
DA:40,1
DA:41,1
DA:42,1
DA:43,1
DA:44,1
DA:50,1
DA:51,1
DA:53,1
DA:54,1
DA:55,1
DA:56,1
DA:59,1
DA:60,1
DA:61,0
DA:65,1
DA:66,1
DA:67,1
LF:39
LH:38
BRDA:7,0,0,1
BRDA:7,0,1,0
BRDA:26,1,0,1
BRDA:26,1,1,0
BRDA:31,2,0,2
BRDA:31,2,1,0
BRDA:32,3,0,2
BRDA:32,3,1,0
BRDA:33,4,0,1
BRDA:33,4,1,1
BRDA:33,5,0,2
BRDA:33,5,1,1
BRDA:42,6,0,1
BRDA:42,6,1,0
BRDA:42,7,0,1
BRDA:42,7,1,1
BRDA:53,8,0,1
BRDA:53,8,1,0
BRDA:53,9,0,1
BRDA:53,9,1,1
BRDA:60,10,0,0
BRDA:60,10,1,1
BRDA:60,11,0,1
BRDA:60,11,1,0
BRF:24
BRH:16
end_of_record
TN:
SF:pages\initial.js
FN:1,(anonymous_0)
FN:44,setupEventListeners
FN:46,(anonymous_2)
FN:47,(anonymous_3)
FN:48,(anonymous_4)
FN:51,(anonymous_5)
FN:55,(anonymous_6)
FN:62,(anonymous_7)
FN:78,switchView
FN:100,performGlobalSearch
FN:129,searchFreelancers
FN:130,(anonymous_11)
FN:145,searchJobs
FN:146,(anonymous_13)
FN:161,handlePhotoUpload
FN:165,(anonymous_15)
FN:177,showFreelancerProfileForm
FN:185,showJobListings
FN:192,saveFreelancerProfile
FN:198,(anonymous_19)
FN:208,saveFreelancerData
FN:213,(anonymous_21)
FN:231,showJobPostForm
FN:237,showFreelancersList
FN:244,postNewJob
FN:251,(anonymous_25)
FN:267,initSearch
FN:269,(anonymous_27)
FN:275,(anonymous_28)
FN:279,(anonymous_29)
FN:294,(anonymous_30)
FN:300,(anonymous_31)
FN:304,(anonymous_32)
FN:318,(anonymous_33)
FN:323,(anonymous_34)
FN:327,(anonymous_35)
FN:341,(anonymous_36)
FN:346,(anonymous_37)
FN:350,(anonymous_38)
FN:367,filterBudget
FN:376,filterDuration
FN:385,filterRate
FN:394,filterExperience
FN:415,highlightSearchTerms
FN:426,displayJobs
FN:434,(anonymous_45)
FN:443,(anonymous_46)
FN:455,displayFreelancers
FN:463,(anonymous_48)
FN:473,(anonymous_49)
FNF:50
FNH:39
FNDA:18,(anonymous_0)
FNDA:18,setupEventListeners
FNDA:1,(anonymous_2)
FNDA:5,(anonymous_3)
FNDA:6,(anonymous_4)
FNDA:0,(anonymous_5)
FNDA:0,(anonymous_6)
FNDA:0,(anonymous_7)
FNDA:12,switchView
FNDA:1,performGlobalSearch
FNDA:1,searchFreelancers
FNDA:1,(anonymous_11)
FNDA:1,searchJobs
FNDA:1,(anonymous_13)
FNDA:1,handlePhotoUpload
FNDA:1,(anonymous_15)
FNDA:2,showFreelancerProfileForm
FNDA:2,showJobListings
FNDA:1,saveFreelancerProfile
FNDA:1,(anonymous_19)
FNDA:1,saveFreelancerData
FNDA:3,(anonymous_21)
FNDA:2,showJobPostForm
FNDA:2,showFreelancersList
FNDA:1,postNewJob
FNDA:3,(anonymous_25)
FNDA:18,initSearch
FNDA:1,(anonymous_27)
FNDA:1,(anonymous_28)
FNDA:0,(anonymous_29)
FNDA:1,(anonymous_30)
FNDA:1,(anonymous_31)
FNDA:0,(anonymous_32)
FNDA:0,(anonymous_33)
FNDA:0,(anonymous_34)
FNDA:0,(anonymous_35)
FNDA:0,(anonymous_36)
FNDA:0,(anonymous_37)
FNDA:0,(anonymous_38)
FNDA:3,filterBudget
FNDA:3,filterDuration
FNDA:3,filterRate
FNDA:3,filterExperience
FNDA:68,highlightSearchTerms
FNDA:4,displayJobs
FNDA:5,(anonymous_45)
FNDA:11,(anonymous_46)
FNDA:4,displayFreelancers
FNDA:4,(anonymous_48)
FNDA:12,(anonymous_49)
DA:1,1
DA:3,18
DA:4,18
DA:5,18
DA:7,18
DA:8,18
DA:9,18
DA:11,18
DA:12,18
DA:15,18
DA:16,18
DA:19,18
DA:20,18
DA:21,18
DA:22,18
DA:23,18
DA:24,18
DA:25,18
DA:26,18
DA:29,18
DA:30,18
DA:31,18
DA:32,18
DA:33,18
DA:34,18
DA:37,18
DA:38,18
DA:41,18
DA:42,18
DA:46,18
DA:47,18
DA:48,18
DA:51,18
DA:52,0
DA:53,0
DA:55,18
DA:56,0
DA:57,0
DA:61,18
DA:62,18
DA:63,0
DA:67,18
DA:68,18
DA:69,18
DA:70,18
DA:73,18
DA:74,18
DA:75,18
DA:79,12
DA:80,12
DA:81,12
DA:83,12
DA:84,12
DA:85,12
DA:87,12
DA:88,1
DA:89,1
DA:90,11
DA:91,5
DA:92,5
DA:93,6
DA:94,6
DA:95,6
DA:101,1
DA:103,1
DA:105,0
DA:106,0
DA:107,0
DA:108,0
DA:110,0
DA:114,1
DA:115,1
DA:118,1
DA:119,0
DA:120,1
DA:121,1
DA:124,0
DA:125,0
DA:130,1
DA:131,1
DA:141,1
DA:146,1
DA:147,1
DA:156,1
DA:162,1
DA:163,1
DA:164,1
DA:165,1
DA:166,1
DA:167,1
DA:168,1
DA:169,1
DA:170,1
DA:172,1
DA:178,2
DA:179,2
DA:180,2
DA:181,2
DA:182,2
DA:186,2
DA:187,2
DA:188,2
DA:189,2
DA:193,1
DA:195,1
DA:196,1
DA:197,1
DA:198,1
DA:199,1
DA:200,1
DA:202,1
DA:204,0
DA:209,1
DA:213,3
DA:221,1
DA:222,1
DA:224,1
DA:225,1
DA:226,1
DA:227,1
DA:232,2
DA:233,2
DA:234,2
DA:238,2
DA:239,2
DA:240,2
DA:241,2
DA:245,1
DA:247,1
DA:251,3
DA:257,1
DA:258,1
DA:260,1
DA:261,1
DA:262,1
DA:263,1
DA:269,18
DA:270,1
DA:271,1
DA:272,1
DA:273,1
DA:275,1
DA:277,1
DA:279,0
DA:284,1
DA:285,1
DA:287,1
DA:290,1
DA:294,18
DA:295,1
DA:296,1
DA:297,1
DA:298,1
DA:300,1
DA:302,1
DA:304,0
DA:309,1
DA:310,1
DA:312,1
DA:315,1
DA:318,18
DA:319,0
DA:320,0
DA:321,0
DA:323,0
DA:324,0
DA:327,0
DA:332,0
DA:333,0
DA:335,0
DA:338,0
DA:341,18
DA:342,0
DA:343,0
DA:344,0
DA:346,0
DA:347,0
DA:350,0
DA:356,0
DA:357,0
DA:359,0
DA:362,0
DA:368,3
DA:369,2
DA:370,2
DA:371,2
DA:372,0
DA:373,0
DA:377,3
DA:378,2
DA:379,2
DA:380,2
DA:381,0
DA:382,0
DA:386,3
DA:387,2
DA:388,2
DA:389,2
DA:390,0
DA:391,0
DA:395,3
DA:398,2
DA:400,2
DA:402,2
DA:404,0
DA:406,2
DA:408,0
DA:410,0
DA:416,68
DA:417,25
DA:418,25
DA:419,25
DA:421,0
DA:427,4
DA:429,4
DA:430,0
DA:431,0
DA:434,4
DA:435,5
DA:436,5
DA:437,5
DA:444,11
DA:445,11
DA:451,5
DA:456,4
DA:458,4
DA:459,0
DA:460,0
DA:463,4
DA:464,4
DA:465,4
DA:466,4
DA:474,12
DA:475,12
DA:482,4
DA:487,18
DA:488,18
DA:489,18
DA:490,18
DA:491,18
LF:240
LH:190
BRDA:37,0,0,18
BRDA:37,0,1,0
BRDA:38,1,0,18
BRDA:38,1,1,0
BRDA:63,2,0,0
BRDA:63,2,1,0
BRDA:87,3,0,1
BRDA:87,3,1,11
BRDA:90,4,0,5
BRDA:90,4,1,6
BRDA:93,5,0,6
BRDA:93,5,1,0
BRDA:103,6,0,0
BRDA:103,6,1,1
BRDA:105,7,0,0
BRDA:105,7,1,0
BRDA:107,8,0,0
BRDA:107,8,1,0
BRDA:118,9,0,0
BRDA:118,9,1,1
BRDA:120,10,0,1
BRDA:120,10,1,0
BRDA:163,11,0,1
BRDA:163,11,1,0
BRDA:196,12,0,1
BRDA:196,12,1,0
BRDA:277,13,0,1
BRDA:277,13,1,0
BRDA:277,13,2,0
BRDA:277,13,3,0
BRDA:277,13,4,0
BRDA:277,13,5,0
BRDA:287,14,0,1
BRDA:287,14,1,1
BRDA:287,14,2,1
BRDA:302,15,0,1
BRDA:302,15,1,1
BRDA:302,15,2,0
BRDA:302,15,3,0
BRDA:302,15,4,0
BRDA:302,15,5,0
BRDA:302,15,6,0
BRDA:312,16,0,1
BRDA:312,16,1,1
BRDA:312,16,2,1
BRDA:324,17,0,0
BRDA:324,17,1,0
BRDA:325,18,0,0
BRDA:325,18,1,0
BRDA:325,18,2,0
BRDA:325,18,3,0
BRDA:325,18,4,0
BRDA:325,18,5,0
BRDA:335,19,0,0
BRDA:335,19,1,0
BRDA:335,19,2,0
BRDA:347,20,0,0
BRDA:347,20,1,0
BRDA:348,21,0,0
BRDA:348,21,1,0
BRDA:348,21,2,0
BRDA:348,21,3,0
BRDA:348,21,4,0
BRDA:348,21,5,0
BRDA:348,21,6,0
BRDA:348,21,7,0
BRDA:359,22,0,0
BRDA:359,22,1,0
BRDA:359,22,2,0
BRDA:368,23,0,1
BRDA:368,23,1,2
BRDA:370,24,0,0
BRDA:370,24,1,2
BRDA:371,25,0,2
BRDA:371,25,1,0
BRDA:371,26,0,2
BRDA:371,26,1,2
BRDA:372,27,0,0
BRDA:372,27,1,0
BRDA:377,28,0,1
BRDA:377,28,1,2
BRDA:379,29,0,0
BRDA:379,29,1,2
BRDA:380,30,0,2
BRDA:380,30,1,0
BRDA:380,31,0,2
BRDA:380,31,1,2
BRDA:381,32,0,0
BRDA:381,32,1,0
BRDA:386,33,0,1
BRDA:386,33,1,2
BRDA:388,34,0,0
BRDA:388,34,1,2
BRDA:389,35,0,2
BRDA:389,35,1,0
BRDA:389,36,0,2
BRDA:389,36,1,2
BRDA:390,37,0,0
BRDA:390,37,1,0
BRDA:395,38,0,1
BRDA:395,38,1,2
BRDA:400,39,0,0
BRDA:400,39,1,2
BRDA:402,40,0,0
BRDA:402,40,1,2
BRDA:402,40,2,0
BRDA:402,40,3,0
BRDA:404,41,0,0
BRDA:404,41,1,0
BRDA:406,42,0,2
BRDA:406,42,1,2
BRDA:416,43,0,43
BRDA:416,43,1,25
BRDA:416,44,0,68
BRDA:416,44,1,25
BRDA:426,45,0,3
BRDA:426,46,0,3
BRDA:429,47,0,0
BRDA:429,47,1,4
BRDA:455,48,0,2
BRDA:455,49,0,2
BRDA:458,50,0,0
BRDA:458,50,1,4
BRDA:467,51,0,0
BRDA:467,51,1,4
BRDA:471,52,0,4
BRDA:471,52,1,0
BRDA:471,53,0,0
BRDA:471,53,1,4
BRF:129
BRH:58
end_of_record
TN:
SF:pages\milestone.js
FN:4,(anonymous_0)
FN:12,(anonymous_1)
FN:32,(anonymous_2)
FN:53,(anonymous_3)
FN:71,(anonymous_4)
FN:93,(anonymous_5)
FN:109,(anonymous_6)
FN:130,(anonymous_7)
FN:136,(anonymous_8)
FN:154,(anonymous_9)
FN:159,(anonymous_10)
FN:175,(anonymous_11)
FN:182,(anonymous_12)
FN:189,(anonymous_13)
FN:191,(anonymous_14)
FN:197,(anonymous_15)
FN:199,(anonymous_16)
FN:205,(anonymous_17)
FN:222,(anonymous_18)
FN:224,(anonymous_19)
FN:234,(anonymous_20)
FN:240,(anonymous_21)
FN:256,(anonymous_22)
FN:263,(anonymous_23)
FN:268,(anonymous_24)
FNF:25
FNH:21
FNDA:10,(anonymous_0)
FNDA:11,(anonymous_1)
FNDA:11,(anonymous_2)
FNDA:11,(anonymous_3)
FNDA:10,(anonymous_4)
FNDA:3,(anonymous_5)
FNDA:3,(anonymous_6)
FNDA:3,(anonymous_7)
FNDA:3,(anonymous_8)
FNDA:3,(anonymous_9)
FNDA:3,(anonymous_10)
FNDA:44,(anonymous_11)
FNDA:34,(anonymous_12)
FNDA:13,(anonymous_13)
FNDA:13,(anonymous_14)
FNDA:5,(anonymous_15)
FNDA:5,(anonymous_16)
FNDA:0,(anonymous_17)
FNDA:1,(anonymous_18)
FNDA:1,(anonymous_19)
FNDA:1,(anonymous_20)
FNDA:4,(anonymous_21)
FNDA:0,(anonymous_22)
FNDA:0,(anonymous_23)
FNDA:0,(anonymous_24)
DA:5,10
DA:6,10
DA:7,10
DA:8,10
DA:13,11
DA:14,1
DA:17,10
DA:28,10
DA:33,11
DA:35,11
DA:49,11
DA:54,11
DA:55,11
DA:57,11
DA:58,0
DA:61,11
DA:62,11
DA:64,11
DA:65,11
DA:67,11
DA:72,10
DA:73,10
DA:75,10
DA:88,10
DA:89,10
DA:94,3
DA:96,3
DA:105,3
DA:110,3
DA:112,3
DA:113,3
DA:114,0
DA:117,3
DA:119,3
DA:120,2
DA:124,3
DA:126,3
DA:131,3
DA:132,3
DA:134,3
DA:136,3
DA:137,3
DA:139,3
DA:140,2
DA:141,2
DA:143,2
DA:144,2
DA:148,3
DA:150,3
DA:155,3
DA:157,3
DA:159,3
DA:160,3
DA:162,3
DA:163,2
DA:165,2
DA:166,2
DA:167,2
DA:168,2
DA:171,3
DA:176,44
DA:177,44
DA:178,44
DA:183,34
DA:184,34
DA:185,34
DA:190,13
DA:191,13
DA:192,13
DA:193,13
DA:198,5
DA:199,5
DA:200,5
DA:201,5
DA:206,0
DA:207,0
DA:208,0
DA:209,0
DA:218,0
DA:223,1
DA:224,1
DA:235,1
DA:236,1
DA:241,4
DA:243,4
DA:244,2
DA:248,2
DA:252,2
DA:257,0
DA:258,0
DA:259,0
DA:260,0
DA:261,0
DA:263,0
DA:264,0
DA:265,0
DA:268,0
DA:269,0
DA:270,0
DA:271,0
DA:274,0
DA:287,1
LF:102
LH:82
BRDA:12,0,0,1
BRDA:13,1,0,1
BRDA:13,1,1,10
BRDA:57,2,0,0
BRDA:57,2,1,11
BRDA:113,3,0,0
BRDA:113,3,1,3
BRDA:119,4,0,2
BRDA:119,4,1,1
BRDA:134,5,0,0
BRDA:134,5,1,3
BRDA:139,6,0,2
BRDA:139,6,1,1
BRDA:157,7,0,0
BRDA:157,7,1,3
BRDA:162,8,0,2
BRDA:162,8,1,1
BRDA:177,9,0,0
BRDA:177,9,1,44
BRDA:184,10,0,0
BRDA:184,10,1,34
BRDA:192,11,0,0
BRDA:192,11,1,13
BRDA:200,12,0,0
BRDA:200,12,1,5
BRDA:208,13,0,0
BRDA:208,13,1,0
BRDA:243,14,0,2
BRDA:243,14,1,2
BRDA:243,15,0,4
BRDA:243,15,1,3
BRDA:248,16,0,1
BRDA:248,16,1,1
BRDA:265,17,0,0
BRDA:265,17,1,0
BRDA:269,18,0,0
BRDA:269,18,1,0
BRDA:281,19,0,0
BRDA:281,19,1,0
BRF:39
BRH:23
end_of_record
TN:
SF:pages\script2.js
FN:5,(anonymous_0)
FN:10,(anonymous_1)
FNF:2
FNH:2
FNDA:3,(anonymous_0)
FNDA:1,(anonymous_1)
DA:1,1
DA:2,1
DA:3,1
DA:5,1
DA:6,3
DA:7,3
DA:8,3
DA:10,3
DA:12,1
DA:13,1
DA:14,1
DA:17,1
DA:18,1
DA:21,1
DA:22,1
LF:15
LH:15
BRF:0
BRH:0
end_of_record
