TN:
SF:script.js
FN:1,(anonymous_0)
FN:17,performSearch
FN:21,(anonymous_2)
FN:23,(anonymous_3)
FN:29,displayFreelancers
FN:39,(anonymous_5)
FN:43,(anonymous_6)
FN:50,(anonymous_7)
FN:61,(anonymous_8)
FN:70,(anonymous_9)
FN:75,showProfilePage
FN:90,(anonymous_11)
FN:97,(anonymous_12)
FNF:13
FNH:11
FNDA:1,(anonymous_0)
FNDA:5,performSearch
FNDA:55,(anonymous_2)
FNDA:186,(anonymous_3)
FNDA:6,displayFreelancers
FNDA:0,(anonymous_5)
FNDA:20,(anonymous_6)
FNDA:5,(anonymous_7)
FNDA:78,(anonymous_8)
FNDA:4,(anonymous_9)
FNDA:4,showProfilePage
FNDA:12,(anonymous_11)
FNDA:0,(anonymous_12)
DA:1,1
DA:3,1
DA:4,1
DA:5,1
DA:6,1
DA:7,1
DA:8,1
DA:11,1
DA:14,1
DA:15,1
DA:18,5
DA:19,5
DA:22,55
DA:23,186
DA:26,5
DA:30,6
DA:32,6
DA:33,1
DA:39,1
DA:40,1
DA:43,5
DA:44,20
DA:45,20
DA:47,20
DA:50,5
DA:54,20
DA:61,78
DA:70,20
DA:71,20
DA:76,4
DA:77,4
DA:80,4
DA:81,4
DA:82,4
DA:83,4
DA:84,4
DA:85,4
DA:86,4
DA:87,4
DA:89,4
DA:90,4
DA:91,12
DA:94,4
DA:97,1
DA:98,0
DA:99,0
LF:46
LH:44
BRDA:19,0,0,0
BRDA:19,0,1,5
BRDA:22,1,0,55
BRDA:22,1,1,50
BRDA:22,1,2,46
BRDA:29,2,0,1
BRDA:32,3,0,1
BRDA:32,3,1,5
BRDA:47,4,0,9
BRDA:47,4,1,11
BRF:10
BRH:9
end_of_record
